{"/home/ipp/projects/cryptobeast-reactjs/client/src/index.js": {"path":"/home/ipp/projects/cryptobeast-reactjs/client/src/index.js","statementMap":{"0":{"start":{"line":1,"column":32},"end":{"line":1,"column":92}},"1":{"start":{"line":1,"column":106},"end":{"line":1,"column":122}},"2":{"start":{"line":1,"column":137},"end":{"line":1,"column":167}},"3":{"start":{"line":2,"column":16},"end":{"line":2,"column":36}},"4":{"start":{"line":2,"column":54},"end":{"line":2,"column":87}},"5":{"start":{"line":3,"column":22},"end":{"line":3,"column":49}},"6":{"start":{"line":4,"column":12},"end":{"line":4,"column":27}},"7":{"start":{"line":5,"column":17},"end":{"line":5,"column":38}},"8":{"start":{"line":6,"column":9},"end":{"line":6,"column":27}},"9":{"start":{"line":6,"column":38},"end":{"line":6,"column":64}},"10":{"start":{"line":8,"column":0},"end":{"line":8,"column":53}},"11":{"start":{"line":9,"column":13},"end":{"line":9,"column":38}},"12":{"start":{"line":9,"column":53},"end":{"line":9,"column":83}},"13":{"start":{"line":10,"column":15},"end":{"line":10,"column":44}},"14":{"start":{"line":10,"column":61},"end":{"line":10,"column":93}},"15":{"start":{"line":11,"column":19},"end":{"line":11,"column":54}},"16":{"start":{"line":11,"column":75},"end":{"line":11,"column":111}},"17":{"start":{"line":13,"column":22},"end":{"line":13,"column":56}},"18":{"start":{"line":13,"column":80},"end":{"line":13,"column":119}},"19":{"start":{"line":14,"column":18},"end":{"line":14,"column":48}},"20":{"start":{"line":14,"column":68},"end":{"line":14,"column":103}},"21":{"start":{"line":15,"column":21},"end":{"line":15,"column":54}},"22":{"start":{"line":15,"column":77},"end":{"line":15,"column":115}},"23":{"start":{"line":16,"column":19},"end":{"line":16,"column":50}},"24":{"start":{"line":16,"column":71},"end":{"line":16,"column":107}},"25":{"start":{"line":17,"column":23},"end":{"line":17,"column":58}},"26":{"start":{"line":17,"column":83},"end":{"line":17,"column":123}},"27":{"start":{"line":18,"column":17},"end":{"line":18,"column":46}},"28":{"start":{"line":18,"column":65},"end":{"line":18,"column":99}},"29":{"start":{"line":19,"column":25},"end":{"line":19,"column":62}},"30":{"start":{"line":19,"column":89},"end":{"line":19,"column":131}},"31":{"start":{"line":20,"column":17},"end":{"line":20,"column":46}},"32":{"start":{"line":20,"column":65},"end":{"line":20,"column":99}},"33":{"start":{"line":20,"column":138},"end":{"line":20,"column":192}},"34":{"start":{"line":22,"column":15},"end":{"line":30,"column":34}},"35":{"start":{"line":35,"column":0},"end":{"line":35,"column":36}},"36":{"start":{"line":37,"column":0},"end":{"line":37,"column":47}},"37":{"start":{"line":39,"column":0},"end":{"line":48,"column":2}},"38":{"start":{"line":43,"column":35},"end":{"line":43,"column":235}}},"fnMap":{"0":{"name":"_interopRequireDefault","decl":{"start":{"line":20,"column":109},"end":{"line":20,"column":131}},"loc":{"start":{"line":20,"column":137},"end":{"line":20,"column":193}},"line":20},"1":{"name":"(anonymous_1)","decl":{"start":{"line":43,"column":26},"end":{"line":43,"column":27}},"loc":{"start":{"line":43,"column":35},"end":{"line":43,"column":235}},"line":43}},"branchMap":{"0":{"loc":{"start":{"line":20,"column":145},"end":{"line":20,"column":191}},"type":"cond-expr","locations":[{"start":{"line":20,"column":169},"end":{"line":20,"column":172}},{"start":{"line":20,"column":175},"end":{"line":20,"column":191}}],"line":20},"1":{"loc":{"start":{"line":20,"column":145},"end":{"line":20,"column":166}},"type":"binary-expr","locations":[{"start":{"line":20,"column":145},"end":{"line":20,"column":148}},{"start":{"line":20,"column":152},"end":{"line":20,"column":166}}],"line":20}},"s":{"0":0,"1":0,"2":0,"3":0,"4":0,"5":0,"6":0,"7":0,"8":0,"9":0,"10":0,"11":0,"12":0,"13":0,"14":0,"15":0,"16":0,"17":0,"18":0,"19":0,"20":0,"21":0,"22":0,"23":0,"24":0,"25":0,"26":0,"27":0,"28":0,"29":0,"30":0,"31":0,"32":0,"33":0,"34":0,"35":0,"36":0,"37":0,"38":0},"f":{"0":0,"1":0},"b":{"0":[0,0],"1":[0,0]}}
,"/home/ipp/projects/cryptobeast-reactjs/client/src/registerServiceWorker.js": {"path":"/home/ipp/projects/cryptobeast-reactjs/client/src/registerServiceWorker.js","statementMap":{"0":{"start":{"line":1,"column":13},"end":{"line":1,"column":75}},"1":{"start":{"line":1,"column":75},"end":{"line":21,"column":9}},"2":{"start":{"line":21,"column":9},"end":{"line":111,"column":24}},"3":{"start":{"line":118,"column":20},"end":{"line":120,"column":89}},"4":{"start":{"line":120,"column":111},"end":{"line":128,"column":36}},"5":{"start":{"line":121,"column":22},"end":{"line":121,"column":70}},"6":{"start":{"line":121,"column":71},"end":{"line":124,"column":14}},"7":{"start":{"line":124,"column":6},"end":{"line":124,"column":13}},"8":{"start":{"line":124,"column":14},"end":{"line":128,"column":35}},"9":{"start":{"line":124,"column":67},"end":{"line":124,"column":112}},"10":{"start":{"line":124,"column":113},"end":{"line":128,"column":32}},"11":{"start":{"line":125,"column":8},"end":{"line":125,"column":39}},"12":{"start":{"line":127,"column":8},"end":{"line":127,"column":178}},"13":{"start":{"line":127,"column":50},"end":{"line":127,"column":175}},"14":{"start":{"line":128,"column":8},"end":{"line":128,"column":31}},"15":{"start":{"line":128,"column":70},"end":{"line":135,"column":156}},"16":{"start":{"line":128,"column":132},"end":{"line":135,"column":68}},"17":{"start":{"line":128,"column":193},"end":{"line":128,"column":216}},"18":{"start":{"line":128,"column":217},"end":{"line":135,"column":66}},"19":{"start":{"line":128,"column":257},"end":{"line":135,"column":64}},"20":{"start":{"line":128,"column":302},"end":{"line":135,"column":63}},"21":{"start":{"line":132,"column":12},"end":{"line":132,"column":69}},"22":{"start":{"line":135,"column":12},"end":{"line":135,"column":62}},"23":{"start":{"line":135,"column":87},"end":{"line":135,"column":153}},"24":{"start":{"line":136,"column":2},"end":{"line":139,"column":126}},"25":{"start":{"line":137,"column":4},"end":{"line":139,"column":30}},"26":{"start":{"line":138,"column":6},"end":{"line":138,"column":127}},"27":{"start":{"line":138,"column":58},"end":{"line":138,"column":124}},"28":{"start":{"line":138,"column":96},"end":{"line":138,"column":121}},"29":{"start":{"line":139,"column":6},"end":{"line":139,"column":29}},"30":{"start":{"line":139,"column":46},"end":{"line":139,"column":123}},"31":{"start":{"line":139,"column":150},"end":{"line":139,"column":267}},"32":{"start":{"line":139,"column":185},"end":{"line":139,"column":266}},"33":{"start":{"line":139,"column":237},"end":{"line":139,"column":263}}},"fnMap":{"0":{"name":"register","decl":{"start":{"line":120,"column":99},"end":{"line":120,"column":107}},"loc":{"start":{"line":120,"column":110},"end":{"line":128,"column":37}},"line":120},"1":{"name":"(anonymous_1)","decl":{"start":{"line":124,"column":46},"end":{"line":124,"column":47}},"loc":{"start":{"line":124,"column":52},"end":{"line":128,"column":33}},"line":124},"2":{"name":"(anonymous_2)","decl":{"start":{"line":127,"column":43},"end":{"line":127,"column":44}},"loc":{"start":{"line":127,"column":49},"end":{"line":127,"column":176}},"line":127},"3":{"name":"registerValidSW","decl":{"start":{"line":128,"column":46},"end":{"line":128,"column":61}},"loc":{"start":{"line":128,"column":69},"end":{"line":135,"column":157}},"line":128},"4":{"name":"(anonymous_4)","decl":{"start":{"line":128,"column":115},"end":{"line":128,"column":116}},"loc":{"start":{"line":128,"column":131},"end":{"line":135,"column":69}},"line":128},"5":{"name":"(anonymous_5)","decl":{"start":{"line":128,"column":161},"end":{"line":128,"column":162}},"loc":{"start":{"line":128,"column":167},"end":{"line":135,"column":67}},"line":128},"6":{"name":"(anonymous_6)","decl":{"start":{"line":128,"column":250},"end":{"line":128,"column":251}},"loc":{"start":{"line":128,"column":256},"end":{"line":135,"column":65}},"line":128},"7":{"name":"(anonymous_7)","decl":{"start":{"line":135,"column":77},"end":{"line":135,"column":78}},"loc":{"start":{"line":135,"column":86},"end":{"line":135,"column":154}},"line":135},"8":{"name":"checkValidServiceWorker","decl":{"start":{"line":135,"column":166},"end":{"line":135,"column":189}},"loc":{"start":{"line":135,"column":197},"end":{"line":139,"column":127}},"line":135},"9":{"name":"(anonymous_9)","decl":{"start":{"line":136,"column":20},"end":{"line":136,"column":21}},"loc":{"start":{"line":136,"column":32},"end":{"line":139,"column":31}},"line":136},"10":{"name":"(anonymous_10)","decl":{"start":{"line":138,"column":41},"end":{"line":138,"column":42}},"loc":{"start":{"line":138,"column":57},"end":{"line":138,"column":125}},"line":138},"11":{"name":"(anonymous_11)","decl":{"start":{"line":138,"column":89},"end":{"line":138,"column":90}},"loc":{"start":{"line":138,"column":95},"end":{"line":138,"column":122}},"line":138},"12":{"name":"(anonymous_12)","decl":{"start":{"line":139,"column":39},"end":{"line":139,"column":40}},"loc":{"start":{"line":139,"column":45},"end":{"line":139,"column":124}},"line":139},"13":{"name":"unregister","decl":{"start":{"line":139,"column":136},"end":{"line":139,"column":146}},"loc":{"start":{"line":139,"column":149},"end":{"line":139,"column":268}},"line":139},"14":{"name":"(anonymous_14)","decl":{"start":{"line":139,"column":220},"end":{"line":139,"column":221}},"loc":{"start":{"line":139,"column":236},"end":{"line":139,"column":264}},"line":139}},"branchMap":{"0":{"loc":{"start":{"line":118,"column":28},"end":{"line":120,"column":88}},"type":"binary-expr","locations":[{"start":{"line":118,"column":28},"end":{"line":118,"column":68}},{"start":{"line":119,"column":0},"end":{"line":119,"column":36}},{"start":{"line":120,"column":0},"end":{"line":120,"column":88}}],"line":118},"1":{"loc":{"start":{"line":120,"column":111},"end":{"line":128,"column":36}},"type":"if","locations":[{"start":{"line":120,"column":111},"end":{"line":128,"column":36}},{"start":{"line":120,"column":111},"end":{"line":128,"column":36}}],"line":120},"2":{"loc":{"start":{"line":120,"column":115},"end":{"line":120,"column":184}},"type":"binary-expr","locations":[{"start":{"line":120,"column":115},"end":{"line":120,"column":152}},{"start":{"line":120,"column":156},"end":{"line":120,"column":184}}],"line":120},"3":{"loc":{"start":{"line":121,"column":71},"end":{"line":124,"column":14}},"type":"if","locations":[{"start":{"line":121,"column":71},"end":{"line":124,"column":14}},{"start":{"line":121,"column":71},"end":{"line":124,"column":14}}],"line":121},"4":{"loc":{"start":{"line":124,"column":113},"end":{"line":128,"column":32}},"type":"if","locations":[{"start":{"line":124,"column":113},"end":{"line":128,"column":32}},{"start":{"line":124,"column":113},"end":{"line":128,"column":32}}],"line":124},"5":{"loc":{"start":{"line":128,"column":257},"end":{"line":135,"column":64}},"type":"if","locations":[{"start":{"line":128,"column":257},"end":{"line":135,"column":64}},{"start":{"line":128,"column":257},"end":{"line":135,"column":64}}],"line":128},"6":{"loc":{"start":{"line":128,"column":302},"end":{"line":135,"column":63}},"type":"if","locations":[{"start":{"line":128,"column":302},"end":{"line":135,"column":63}},{"start":{"line":128,"column":302},"end":{"line":135,"column":63}}],"line":128},"7":{"loc":{"start":{"line":137,"column":4},"end":{"line":139,"column":30}},"type":"if","locations":[{"start":{"line":137,"column":4},"end":{"line":139,"column":30}},{"start":{"line":137,"column":4},"end":{"line":139,"column":30}}],"line":137},"8":{"loc":{"start":{"line":137,"column":8},"end":{"line":137,"column":100}},"type":"binary-expr","locations":[{"start":{"line":137,"column":8},"end":{"line":137,"column":31}},{"start":{"line":137,"column":35},"end":{"line":137,"column":100}}],"line":137},"9":{"loc":{"start":{"line":139,"column":150},"end":{"line":139,"column":267}},"type":"if","locations":[{"start":{"line":139,"column":150},"end":{"line":139,"column":267}},{"start":{"line":139,"column":150},"end":{"line":139,"column":267}}],"line":139}},"s":{"0":0,"1":0,"2":0,"3":0,"4":0,"5":0,"6":0,"7":0,"8":0,"9":0,"10":0,"11":0,"12":0,"13":0,"14":0,"15":0,"16":0,"17":0,"18":0,"19":0,"20":0,"21":0,"22":0,"23":0,"24":0,"25":0,"26":0,"27":0,"28":0,"29":0,"30":0,"31":0,"32":0,"33":0},"f":{"0":0,"1":0,"2":0,"3":0,"4":0,"5":0,"6":0,"7":0,"8":0,"9":0,"10":0,"11":0,"12":0,"13":0,"14":0},"b":{"0":[0,0,0],"1":[0,0],"2":[0,0],"3":[0,0],"4":[0,0],"5":[0,0],"6":[0,0],"7":[0,0],"8":[0,0],"9":[0,0]}}
,"/home/ipp/projects/cryptobeast-reactjs/client/src/setupTests.js": {"path":"/home/ipp/projects/cryptobeast-reactjs/client/src/setupTests.js","statementMap":{"0":{"start":{"line":6,"column":0},"end":{"line":6,"column":69}}},"fnMap":{},"branchMap":{},"s":{"0":6},"f":{},"b":{},"_coverageSchema":"332fd63041d2c1bcb487cc26dd0d5f7d97098a6c","hash":"92ba7d3f57355ca7c250fde268126430de3eb73b"}
,"/home/ipp/projects/cryptobeast-reactjs/client/src/tempPolyfills.js": {"path":"/home/ipp/projects/cryptobeast-reactjs/client/src/tempPolyfills.js","statementMap":{"0":{"start":{"line":2,"column":30},"end":{"line":4,"column":1}},"1":{"start":{"line":3,"column":2},"end":{"line":3,"column":26}}},"fnMap":{"0":{"name":"(anonymous_0)","decl":{"start":{"line":2,"column":61},"end":{"line":2,"column":62}},"loc":{"start":{"line":2,"column":75},"end":{"line":4,"column":1}},"line":2}},"branchMap":{},"s":{"0":6,"1":0},"f":{"0":0},"b":{},"_coverageSchema":"332fd63041d2c1bcb487cc26dd0d5f7d97098a6c","hash":"bdd75a56808fdd4bbb76fceec3df22d06e5f63b7"}
,"/home/ipp/projects/cryptobeast-reactjs/client/src/components/index.js": {"path":"/home/ipp/projects/cryptobeast-reactjs/client/src/components/index.js","statementMap":{},"fnMap":{},"branchMap":{},"s":{},"f":{},"b":{},"_coverageSchema":"332fd63041d2c1bcb487cc26dd0d5f7d97098a6c","hash":"58dc7d71f8e2c08b20175e569ebbc709aa020694"}
,"/home/ipp/projects/cryptobeast-reactjs/client/src/components/Cards/RegularCard.jsx": {"path":"/home/ipp/projects/cryptobeast-reactjs/client/src/components/Cards/RegularCard.jsx","statementMap":{"0":{"start":{"line":34,"column":6},"end":{"line":34,"column":11}},"1":{"start":{"line":36,"column":27},"end":{"line":38,"column":4}},"2":{"start":{"line":40,"column":33},"end":{"line":42,"column":4}},"3":{"start":{"line":44,"column":2},"end":{"line":57,"column":4}}},"fnMap":{"0":{"name":"RegularCard","decl":{"start":{"line":25,"column":9},"end":{"line":25,"column":20}},"loc":{"start":{"line":25,"column":42},"end":{"line":58,"column":1}},"line":25}},"branchMap":{"0":{"loc":{"start":{"line":28,"column":4},"end":{"line":28,"column":27}},"type":"default-arg","locations":[{"start":{"line":28,"column":18},"end":{"line":28,"column":27}}],"line":28}},"s":{"0":0,"1":0,"2":0,"3":0},"f":{"0":0},"b":{"0":[0]},"_coverageSchema":"332fd63041d2c1bcb487cc26dd0d5f7d97098a6c","hash":"b0ed26334fe3f2bbdabdedcf48a32c9a301a9a18"}
,"/home/ipp/projects/cryptobeast-reactjs/client/src/components/Cards/TimeSettings.jsx": {"path":"/home/ipp/projects/cryptobeast-reactjs/client/src/components/Cards/TimeSettings.jsx","statementMap":{"0":{"start":{"line":10,"column":15},"end":{"line":29,"column":2}},"1":{"start":{"line":10,"column":22},"end":{"line":29,"column":1}},"2":{"start":{"line":35,"column":18},"end":{"line":82,"column":3}},"3":{"start":{"line":36,"column":33},"end":{"line":36,"column":38}},"4":{"start":{"line":38,"column":28},"end":{"line":40,"column":3}},"5":{"start":{"line":39,"column":4},"end":{"line":39,"column":28}},"6":{"start":{"line":42,"column":2},"end":{"line":81,"column":4}},"7":{"start":{"line":75,"column":28},"end":{"line":75,"column":47}}},"fnMap":{"0":{"name":"(anonymous_0)","decl":{"start":{"line":10,"column":15},"end":{"line":10,"column":16}},"loc":{"start":{"line":10,"column":22},"end":{"line":29,"column":1}},"line":10},"1":{"name":"(anonymous_1)","decl":{"start":{"line":35,"column":47},"end":{"line":35,"column":48}},"loc":{"start":{"line":35,"column":72},"end":{"line":82,"column":1}},"line":35},"2":{"name":"(anonymous_2)","decl":{"start":{"line":38,"column":28},"end":{"line":38,"column":29}},"loc":{"start":{"line":38,"column":34},"end":{"line":40,"column":3}},"line":38},"3":{"name":"(anonymous_3)","decl":{"start":{"line":75,"column":22},"end":{"line":75,"column":23}},"loc":{"start":{"line":75,"column":28},"end":{"line":75,"column":47}},"line":75}},"branchMap":{},"s":{"0":1,"1":0,"2":1,"3":0,"4":0,"5":0,"6":0,"7":0},"f":{"0":0,"1":0,"2":0,"3":0},"b":{},"_coverageSchema":"332fd63041d2c1bcb487cc26dd0d5f7d97098a6c","hash":"2f644d415dc7ed3f6b4253223c7b3b7dd97fec80"}
,"/home/ipp/projects/cryptobeast-reactjs/client/src/components/Cards/Analytics/SummaryPerformanceCard.jsx": {"path":"/home/ipp/projects/cryptobeast-reactjs/client/src/components/Cards/Analytics/SummaryPerformanceCard.jsx","statementMap":{"0":{"start":{"line":1,"column":13},"end":{"line":1,"column":75}},"1":{"start":{"line":1,"column":94},"end":{"line":1,"column":199}},"2":{"start":{"line":2,"column":13},"end":{"line":2,"column":29}},"3":{"start":{"line":2,"column":44},"end":{"line":2,"column":74}},"4":{"start":{"line":3,"column":18},"end":{"line":3,"column":40}},"5":{"start":{"line":7,"column":17},"end":{"line":7,"column":38}},"6":{"start":{"line":7,"column":77},"end":{"line":7,"column":131}},"7":{"start":{"line":7,"column":191},"end":{"line":7,"column":193}},"8":{"start":{"line":7,"column":194},"end":{"line":7,"column":329}},"9":{"start":{"line":7,"column":214},"end":{"line":7,"column":249}},"10":{"start":{"line":7,"column":240},"end":{"line":7,"column":249}},"11":{"start":{"line":7,"column":249},"end":{"line":7,"column":309}},"12":{"start":{"line":7,"column":300},"end":{"line":7,"column":309}},"13":{"start":{"line":7,"column":309},"end":{"line":7,"column":328}},"14":{"start":{"line":7,"column":329},"end":{"line":7,"column":343}},"15":{"start":{"line":9,"column":15},"end":{"line":18,"column":35}},"16":{"start":{"line":9,"column":22},"end":{"line":18,"column":34}},"17":{"start":{"line":28,"column":31},"end":{"line":67,"column":3}},"18":{"start":{"line":28,"column":115},"end":{"line":28,"column":149}},"19":{"start":{"line":29,"column":12},"end":{"line":29,"column":25}},"20":{"start":{"line":29,"column":38},"end":{"line":29,"column":53}},"21":{"start":{"line":31,"column":2},"end":{"line":63,"column":158}},"22":{"start":{"line":67,"column":4},"end":{"line":69,"column":60}}},"fnMap":{"0":{"name":"_interopRequireDefault","decl":{"start":{"line":7,"column":48},"end":{"line":7,"column":70}},"loc":{"start":{"line":7,"column":76},"end":{"line":7,"column":132}},"line":7},"1":{"name":"_objectWithoutProperties","decl":{"start":{"line":7,"column":141},"end":{"line":7,"column":165}},"loc":{"start":{"line":7,"column":177},"end":{"line":7,"column":344}},"line":7},"2":{"name":"(anonymous_2)","decl":{"start":{"line":9,"column":15},"end":{"line":9,"column":16}},"loc":{"start":{"line":9,"column":22},"end":{"line":18,"column":34}},"line":9},"3":{"name":"(anonymous_3)","decl":{"start":{"line":28,"column":92},"end":{"line":28,"column":93}},"loc":{"start":{"line":28,"column":102},"end":{"line":67,"column":1}},"line":28}},"branchMap":{"0":{"loc":{"start":{"line":7,"column":84},"end":{"line":7,"column":130}},"type":"cond-expr","locations":[{"start":{"line":7,"column":108},"end":{"line":7,"column":111}},{"start":{"line":7,"column":114},"end":{"line":7,"column":130}}],"line":7},"1":{"loc":{"start":{"line":7,"column":84},"end":{"line":7,"column":105}},"type":"binary-expr","locations":[{"start":{"line":7,"column":84},"end":{"line":7,"column":87}},{"start":{"line":7,"column":91},"end":{"line":7,"column":105}}],"line":7},"2":{"loc":{"start":{"line":7,"column":214},"end":{"line":7,"column":249}},"type":"if","locations":[{"start":{"line":7,"column":214},"end":{"line":7,"column":249}},{"start":{"line":7,"column":214},"end":{"line":7,"column":249}}],"line":7},"3":{"loc":{"start":{"line":7,"column":249},"end":{"line":7,"column":309}},"type":"if","locations":[{"start":{"line":7,"column":249},"end":{"line":7,"column":309}},{"start":{"line":7,"column":249},"end":{"line":7,"column":309}}],"line":7}},"s":{"0":0,"1":0,"2":0,"3":0,"4":0,"5":0,"6":0,"7":0,"8":0,"9":0,"10":0,"11":0,"12":0,"13":0,"14":0,"15":0,"16":0,"17":0,"18":0,"19":0,"20":0,"21":0,"22":0},"f":{"0":0,"1":0,"2":0,"3":0},"b":{"0":[0,0],"1":[0,0],"2":[0,0],"3":[0,0]}}
,"/home/ipp/projects/cryptobeast-reactjs/client/src/components/Cards/Assets/AssetAllocation.jsx": {"path":"/home/ipp/projects/cryptobeast-reactjs/client/src/components/Cards/Assets/AssetAllocation.jsx","statementMap":{"0":{"start":{"line":16,"column":15},"end":{"line":49,"column":2}},"1":{"start":{"line":16,"column":22},"end":{"line":49,"column":1}},"2":{"start":{"line":62,"column":4},"end":{"line":62,"column":39}},"3":{"start":{"line":66,"column":27},"end":{"line":66,"column":37}},"4":{"start":{"line":70,"column":4},"end":{"line":70,"column":39}},"5":{"start":{"line":71,"column":4},"end":{"line":71,"column":94}},"6":{"start":{"line":72,"column":4},"end":{"line":72,"column":38}},"7":{"start":{"line":76,"column":32},"end":{"line":81,"column":3}},"8":{"start":{"line":77,"column":4},"end":{"line":77,"column":27}},"9":{"start":{"line":78,"column":23},"end":{"line":78,"column":41}},"10":{"start":{"line":80,"column":4},"end":{"line":80,"column":68}},"11":{"start":{"line":84,"column":4},"end":{"line":84,"column":63}},"12":{"start":{"line":88,"column":4},"end":{"line":92,"column":5}},"13":{"start":{"line":89,"column":6},"end":{"line":89,"column":73}},"14":{"start":{"line":91,"column":6},"end":{"line":91,"column":64}},"15":{"start":{"line":96,"column":4},"end":{"line":100,"column":5}},"16":{"start":{"line":97,"column":6},"end":{"line":97,"column":73}},"17":{"start":{"line":99,"column":6},"end":{"line":99,"column":64}},"18":{"start":{"line":108,"column":8},"end":{"line":108,"column":18}},"19":{"start":{"line":109,"column":18},"end":{"line":109,"column":59}},"20":{"start":{"line":110,"column":26},"end":{"line":110,"column":57}},"21":{"start":{"line":111,"column":27},"end":{"line":113,"column":68}},"22":{"start":{"line":112,"column":34},"end":{"line":112,"column":80}},"23":{"start":{"line":113,"column":29},"end":{"line":113,"column":67}},"24":{"start":{"line":114,"column":4},"end":{"line":114,"column":77}},"25":{"start":{"line":114,"column":48},"end":{"line":114,"column":75}},"26":{"start":{"line":116,"column":4},"end":{"line":233,"column":6}}},"fnMap":{"0":{"name":"(anonymous_0)","decl":{"start":{"line":16,"column":15},"end":{"line":16,"column":16}},"loc":{"start":{"line":16,"column":22},"end":{"line":49,"column":1}},"line":16},"1":{"name":"(anonymous_1)","decl":{"start":{"line":61,"column":2},"end":{"line":61,"column":3}},"loc":{"start":{"line":61,"column":25},"end":{"line":63,"column":3}},"line":61},"2":{"name":"(anonymous_2)","decl":{"start":{"line":65,"column":15},"end":{"line":65,"column":16}},"loc":{"start":{"line":65,"column":21},"end":{"line":74,"column":3}},"line":65},"3":{"name":"(anonymous_3)","decl":{"start":{"line":76,"column":19},"end":{"line":76,"column":20}},"loc":{"start":{"line":76,"column":32},"end":{"line":81,"column":3}},"line":76},"4":{"name":"(anonymous_4)","decl":{"start":{"line":76,"column":32},"end":{"line":76,"column":33}},"loc":{"start":{"line":76,"column":64},"end":{"line":81,"column":3}},"line":76},"5":{"name":"(anonymous_5)","decl":{"start":{"line":83,"column":34},"end":{"line":83,"column":35}},"loc":{"start":{"line":83,"column":50},"end":{"line":85,"column":3}},"line":83},"6":{"name":"(anonymous_6)","decl":{"start":{"line":87,"column":36},"end":{"line":87,"column":37}},"loc":{"start":{"line":87,"column":55},"end":{"line":93,"column":3}},"line":87},"7":{"name":"(anonymous_7)","decl":{"start":{"line":95,"column":36},"end":{"line":95,"column":37}},"loc":{"start":{"line":95,"column":55},"end":{"line":101,"column":3}},"line":95},"8":{"name":"(anonymous_8)","decl":{"start":{"line":103,"column":2},"end":{"line":103,"column":3}},"loc":{"start":{"line":103,"column":11},"end":{"line":234,"column":3}},"line":103},"9":{"name":"(anonymous_9)","decl":{"start":{"line":112,"column":11},"end":{"line":112,"column":12}},"loc":{"start":{"line":112,"column":34},"end":{"line":112,"column":80}},"line":112},"10":{"name":"(anonymous_10)","decl":{"start":{"line":113,"column":14},"end":{"line":113,"column":15}},"loc":{"start":{"line":113,"column":29},"end":{"line":113,"column":67}},"line":113},"11":{"name":"(anonymous_11)","decl":{"start":{"line":114,"column":27},"end":{"line":114,"column":28}},"loc":{"start":{"line":114,"column":48},"end":{"line":114,"column":75}},"line":114}},"branchMap":{"0":{"loc":{"start":{"line":88,"column":4},"end":{"line":92,"column":5}},"type":"if","locations":[{"start":{"line":88,"column":4},"end":{"line":92,"column":5}},{"start":{"line":88,"column":4},"end":{"line":92,"column":5}}],"line":88},"1":{"loc":{"start":{"line":96,"column":4},"end":{"line":100,"column":5}},"type":"if","locations":[{"start":{"line":96,"column":4},"end":{"line":100,"column":5}},{"start":{"line":96,"column":4},"end":{"line":100,"column":5}}],"line":96},"2":{"loc":{"start":{"line":113,"column":29},"end":{"line":113,"column":67}},"type":"binary-expr","locations":[{"start":{"line":113,"column":29},"end":{"line":113,"column":46}},{"start":{"line":113,"column":50},"end":{"line":113,"column":67}}],"line":113},"3":{"loc":{"start":{"line":141,"column":25},"end":{"line":141,"column":72}},"type":"binary-expr","locations":[{"start":{"line":141,"column":25},"end":{"line":141,"column":63}},{"start":{"line":141,"column":67},"end":{"line":141,"column":72}}],"line":141},"4":{"loc":{"start":{"line":223,"column":28},"end":{"line":225,"column":71}},"type":"binary-expr","locations":[{"start":{"line":223,"column":28},"end":{"line":223,"column":69}},{"start":{"line":223,"column":73},"end":{"line":223,"column":124}},{"start":{"line":224,"column":18},"end":{"line":224,"column":61}},{"start":{"line":224,"column":65},"end":{"line":224,"column":110}},{"start":{"line":225,"column":18},"end":{"line":225,"column":71}}],"line":223}},"s":{"0":1,"1":0,"2":0,"3":0,"4":0,"5":0,"6":0,"7":0,"8":0,"9":0,"10":0,"11":0,"12":0,"13":0,"14":0,"15":0,"16":0,"17":0,"18":0,"19":0,"20":0,"21":0,"22":0,"23":0,"24":0,"25":0,"26":0},"f":{"0":0,"1":0,"2":0,"3":0,"4":0,"5":0,"6":0,"7":0,"8":0,"9":0,"10":0,"11":0},"b":{"0":[0,0],"1":[0,0],"2":[0,0],"3":[0,0],"4":[0,0,0,0,0]},"_coverageSchema":"332fd63041d2c1bcb487cc26dd0d5f7d97098a6c","hash":"8109268c717a48a17cdc180ca0f2d1563e8cf7a2"}
,"/home/ipp/projects/cryptobeast-reactjs/client/src/components/Cards/Assets/AssetInput.jsx": {"path":"/home/ipp/projects/cryptobeast-reactjs/client/src/components/Cards/Assets/AssetInput.jsx","statementMap":{"0":{"start":{"line":15,"column":15},"end":{"line":40,"column":2}},"1":{"start":{"line":15,"column":22},"end":{"line":40,"column":1}},"2":{"start":{"line":54,"column":4},"end":{"line":54,"column":27}},"3":{"start":{"line":55,"column":23},"end":{"line":55,"column":41}},"4":{"start":{"line":57,"column":4},"end":{"line":57,"column":62}},"5":{"start":{"line":61,"column":24},"end":{"line":61,"column":69}},"6":{"start":{"line":63,"column":4},"end":{"line":67,"column":5}},"7":{"start":{"line":64,"column":6},"end":{"line":64,"column":58}},"8":{"start":{"line":65,"column":6},"end":{"line":65,"column":102}},"9":{"start":{"line":66,"column":6},"end":{"line":66,"column":41}},"10":{"start":{"line":71,"column":4},"end":{"line":71,"column":58}},"11":{"start":{"line":75,"column":4},"end":{"line":79,"column":5}},"12":{"start":{"line":76,"column":6},"end":{"line":76,"column":66}},"13":{"start":{"line":78,"column":6},"end":{"line":78,"column":57}},"14":{"start":{"line":83,"column":49},"end":{"line":83,"column":59}},"15":{"start":{"line":84,"column":26},"end":{"line":84,"column":57}},"16":{"start":{"line":85,"column":27},"end":{"line":87,"column":68}},"17":{"start":{"line":86,"column":34},"end":{"line":86,"column":80}},"18":{"start":{"line":87,"column":29},"end":{"line":87,"column":67}},"19":{"start":{"line":88,"column":4},"end":{"line":88,"column":77}},"20":{"start":{"line":88,"column":48},"end":{"line":88,"column":75}},"21":{"start":{"line":89,"column":4},"end":{"line":154,"column":6}},"22":{"start":{"line":116,"column":56},"end":{"line":116,"column":77}}},"fnMap":{"0":{"name":"(anonymous_0)","decl":{"start":{"line":15,"column":15},"end":{"line":15,"column":16}},"loc":{"start":{"line":15,"column":22},"end":{"line":40,"column":1}},"line":15},"1":{"name":"(anonymous_1)","decl":{"start":{"line":53,"column":18},"end":{"line":53,"column":19}},"loc":{"start":{"line":53,"column":50},"end":{"line":58,"column":3}},"line":53},"2":{"name":"(anonymous_2)","decl":{"start":{"line":60,"column":15},"end":{"line":60,"column":16}},"loc":{"start":{"line":60,"column":21},"end":{"line":68,"column":3}},"line":60},"3":{"name":"(anonymous_3)","decl":{"start":{"line":70,"column":29},"end":{"line":70,"column":30}},"loc":{"start":{"line":70,"column":43},"end":{"line":72,"column":3}},"line":70},"4":{"name":"(anonymous_4)","decl":{"start":{"line":74,"column":38},"end":{"line":74,"column":39}},"loc":{"start":{"line":74,"column":70},"end":{"line":80,"column":3}},"line":74},"5":{"name":"(anonymous_5)","decl":{"start":{"line":82,"column":2},"end":{"line":82,"column":3}},"loc":{"start":{"line":82,"column":11},"end":{"line":155,"column":3}},"line":82},"6":{"name":"(anonymous_6)","decl":{"start":{"line":86,"column":11},"end":{"line":86,"column":12}},"loc":{"start":{"line":86,"column":34},"end":{"line":86,"column":80}},"line":86},"7":{"name":"(anonymous_7)","decl":{"start":{"line":87,"column":14},"end":{"line":87,"column":15}},"loc":{"start":{"line":87,"column":29},"end":{"line":87,"column":67}},"line":87},"8":{"name":"(anonymous_8)","decl":{"start":{"line":88,"column":27},"end":{"line":88,"column":28}},"loc":{"start":{"line":88,"column":48},"end":{"line":88,"column":75}},"line":88},"9":{"name":"(anonymous_9)","decl":{"start":{"line":116,"column":28},"end":{"line":116,"column":29}},"loc":{"start":{"line":116,"column":56},"end":{"line":116,"column":77}},"line":116}},"branchMap":{"0":{"loc":{"start":{"line":63,"column":4},"end":{"line":67,"column":5}},"type":"if","locations":[{"start":{"line":63,"column":4},"end":{"line":67,"column":5}},{"start":{"line":63,"column":4},"end":{"line":67,"column":5}}],"line":63},"1":{"loc":{"start":{"line":75,"column":4},"end":{"line":79,"column":5}},"type":"if","locations":[{"start":{"line":75,"column":4},"end":{"line":79,"column":5}},{"start":{"line":75,"column":4},"end":{"line":79,"column":5}}],"line":75},"2":{"loc":{"start":{"line":87,"column":29},"end":{"line":87,"column":67}},"type":"binary-expr","locations":[{"start":{"line":87,"column":29},"end":{"line":87,"column":46}},{"start":{"line":87,"column":50},"end":{"line":87,"column":67}}],"line":87},"3":{"loc":{"start":{"line":102,"column":25},"end":{"line":102,"column":68}},"type":"binary-expr","locations":[{"start":{"line":102,"column":25},"end":{"line":102,"column":62}},{"start":{"line":102,"column":66},"end":{"line":102,"column":68}}],"line":102},"4":{"loc":{"start":{"line":146,"column":26},"end":{"line":146,"column":107}},"type":"binary-expr","locations":[{"start":{"line":146,"column":26},"end":{"line":146,"column":59}},{"start":{"line":146,"column":63},"end":{"line":146,"column":107}}],"line":146}},"s":{"0":1,"1":0,"2":0,"3":0,"4":0,"5":0,"6":0,"7":0,"8":0,"9":0,"10":0,"11":0,"12":0,"13":0,"14":0,"15":0,"16":0,"17":0,"18":0,"19":0,"20":0,"21":0,"22":0},"f":{"0":0,"1":0,"2":0,"3":0,"4":0,"5":0,"6":0,"7":0,"8":0,"9":0},"b":{"0":[0,0],"1":[0,0],"2":[0,0],"3":[0,0],"4":[0,0]},"_coverageSchema":"332fd63041d2c1bcb487cc26dd0d5f7d97098a6c","hash":"5ccd8fcb12b9be7a00ff838eb7adbdf9d119db0b"}
,"/home/ipp/projects/cryptobeast-reactjs/client/src/components/Cards/History/TradeHistory.jsx": {"path":"/home/ipp/projects/cryptobeast-reactjs/client/src/components/Cards/History/TradeHistory.jsx","statementMap":{"0":{"start":{"line":10,"column":15},"end":{"line":14,"column":2}},"1":{"start":{"line":10,"column":22},"end":{"line":14,"column":1}},"2":{"start":{"line":26,"column":55},"end":{"line":26,"column":65}},"3":{"start":{"line":28,"column":17},"end":{"line":31,"column":51}},"4":{"start":{"line":30,"column":31},"end":{"line":30,"column":120}},"5":{"start":{"line":35,"column":6},"end":{"line":47,"column":8}},"6":{"start":{"line":50,"column":4},"end":{"line":62,"column":6}}},"fnMap":{"0":{"name":"(anonymous_0)","decl":{"start":{"line":10,"column":15},"end":{"line":10,"column":16}},"loc":{"start":{"line":10,"column":22},"end":{"line":14,"column":1}},"line":10},"1":{"name":"(anonymous_1)","decl":{"start":{"line":25,"column":2},"end":{"line":25,"column":3}},"loc":{"start":{"line":25,"column":11},"end":{"line":63,"column":3}},"line":25},"2":{"name":"(anonymous_2)","decl":{"start":{"line":30,"column":16},"end":{"line":30,"column":17}},"loc":{"start":{"line":30,"column":31},"end":{"line":30,"column":120}},"line":30}},"branchMap":{"0":{"loc":{"start":{"line":28,"column":17},"end":{"line":31,"column":51}},"type":"cond-expr","locations":[{"start":{"line":29,"column":8},"end":{"line":30,"column":121}},{"start":{"line":31,"column":8},"end":{"line":31,"column":51}}],"line":28},"1":{"loc":{"start":{"line":30,"column":49},"end":{"line":30,"column":119}},"type":"cond-expr","locations":[{"start":{"line":30,"column":82},"end":{"line":30,"column":115}},{"start":{"line":30,"column":118},"end":{"line":30,"column":119}}],"line":30}},"s":{"0":1,"1":0,"2":0,"3":0,"4":0,"5":0,"6":0},"f":{"0":0,"1":0,"2":0},"b":{"0":[0,0],"1":[0,0]},"_coverageSchema":"332fd63041d2c1bcb487cc26dd0d5f7d97098a6c","hash":"03f979b858fa4c6869cb70a5db8e556ed79eebf7"}
,"/home/ipp/projects/cryptobeast-reactjs/client/src/components/Cards/Investors/IndividualSummary.jsx": {"path":"/home/ipp/projects/cryptobeast-reactjs/client/src/components/Cards/Investors/IndividualSummary.jsx","statementMap":{"0":{"start":{"line":9,"column":15},"end":{"line":38,"column":2}},"1":{"start":{"line":9,"column":22},"end":{"line":38,"column":1}},"2":{"start":{"line":53,"column":4},"end":{"line":53,"column":68}},"3":{"start":{"line":57,"column":39},"end":{"line":57,"column":49}},"4":{"start":{"line":59,"column":4},"end":{"line":130,"column":6}}},"fnMap":{"0":{"name":"(anonymous_0)","decl":{"start":{"line":9,"column":15},"end":{"line":9,"column":16}},"loc":{"start":{"line":9,"column":22},"end":{"line":38,"column":1}},"line":9},"1":{"name":"(anonymous_1)","decl":{"start":{"line":48,"column":15},"end":{"line":48,"column":16}},"loc":{"start":{"line":48,"column":21},"end":{"line":50,"column":3}},"line":48},"2":{"name":"(anonymous_2)","decl":{"start":{"line":52,"column":35},"end":{"line":52,"column":36}},"loc":{"start":{"line":52,"column":49},"end":{"line":54,"column":3}},"line":52},"3":{"name":"(anonymous_3)","decl":{"start":{"line":56,"column":2},"end":{"line":56,"column":3}},"loc":{"start":{"line":56,"column":11},"end":{"line":131,"column":3}},"line":56}},"branchMap":{"0":{"loc":{"start":{"line":67,"column":23},"end":{"line":67,"column":78}},"type":"binary-expr","locations":[{"start":{"line":67,"column":23},"end":{"line":67,"column":72}},{"start":{"line":67,"column":76},"end":{"line":67,"column":78}}],"line":67},"1":{"loc":{"start":{"line":88,"column":23},"end":{"line":88,"column":122}},"type":"cond-expr","locations":[{"start":{"line":88,"column":68},"end":{"line":88,"column":117}},{"start":{"line":88,"column":120},"end":{"line":88,"column":122}}],"line":88},"2":{"loc":{"start":{"line":107,"column":23},"end":{"line":107,"column":121}},"type":"cond-expr","locations":[{"start":{"line":107,"column":66},"end":{"line":107,"column":116}},{"start":{"line":107,"column":119},"end":{"line":107,"column":121}}],"line":107},"3":{"loc":{"start":{"line":112,"column":55},"end":{"line":112,"column":130}},"type":"cond-expr","locations":[{"start":{"line":112,"column":88},"end":{"line":112,"column":125}},{"start":{"line":112,"column":128},"end":{"line":112,"column":130}}],"line":112},"4":{"loc":{"start":{"line":124,"column":23},"end":{"line":124,"column":110}},"type":"cond-expr","locations":[{"start":{"line":124,"column":62},"end":{"line":124,"column":105}},{"start":{"line":124,"column":108},"end":{"line":124,"column":110}}],"line":124}},"s":{"0":1,"1":0,"2":0,"3":0,"4":0},"f":{"0":0,"1":0,"2":0,"3":0},"b":{"0":[0,0],"1":[0,0],"2":[0,0],"3":[0,0],"4":[0,0]},"_coverageSchema":"332fd63041d2c1bcb487cc26dd0d5f7d97098a6c","hash":"3cdd5d9e281d0df51b3119947e5cb28469be5451"}
,"/home/ipp/projects/cryptobeast-reactjs/client/src/components/Cards/Investors/IndividualSummaryWrapper.jsx": {"path":"/home/ipp/projects/cryptobeast-reactjs/client/src/components/Cards/Investors/IndividualSummaryWrapper.jsx","statementMap":{"0":{"start":{"line":11,"column":15},"end":{"line":15,"column":2}},"1":{"start":{"line":11,"column":22},"end":{"line":15,"column":1}},"2":{"start":{"line":27,"column":55},"end":{"line":27,"column":65}},"3":{"start":{"line":29,"column":17},"end":{"line":32,"column":49}},"4":{"start":{"line":31,"column":31},"end":{"line":31,"column":98}},"5":{"start":{"line":35,"column":6},"end":{"line":46,"column":8}},"6":{"start":{"line":49,"column":4},"end":{"line":62,"column":6}}},"fnMap":{"0":{"name":"(anonymous_0)","decl":{"start":{"line":11,"column":15},"end":{"line":11,"column":16}},"loc":{"start":{"line":11,"column":22},"end":{"line":15,"column":1}},"line":11},"1":{"name":"(anonymous_1)","decl":{"start":{"line":26,"column":2},"end":{"line":26,"column":3}},"loc":{"start":{"line":26,"column":11},"end":{"line":63,"column":3}},"line":26},"2":{"name":"(anonymous_2)","decl":{"start":{"line":31,"column":16},"end":{"line":31,"column":17}},"loc":{"start":{"line":31,"column":31},"end":{"line":31,"column":98}},"line":31}},"branchMap":{"0":{"loc":{"start":{"line":29,"column":17},"end":{"line":32,"column":49}},"type":"cond-expr","locations":[{"start":{"line":30,"column":6},"end":{"line":31,"column":99}},{"start":{"line":32,"column":6},"end":{"line":32,"column":49}}],"line":29}},"s":{"0":1,"1":0,"2":0,"3":0,"4":0,"5":0,"6":0},"f":{"0":0,"1":0,"2":0},"b":{"0":[0,0]},"_coverageSchema":"332fd63041d2c1bcb487cc26dd0d5f7d97098a6c","hash":"2b9313e970934bc4e5fb5e7a8511d3bd783c6e40"}
,"/home/ipp/projects/cryptobeast-reactjs/client/src/components/Cards/Summary/AssetBreakdown.jsx": {"path":"/home/ipp/projects/cryptobeast-reactjs/client/src/components/Cards/Summary/AssetBreakdown.jsx","statementMap":{"0":{"start":{"line":1,"column":13},"end":{"line":1,"column":75}},"1":{"start":{"line":1,"column":106},"end":{"line":1,"column":201}},"2":{"start":{"line":2,"column":13},"end":{"line":2,"column":29}},"3":{"start":{"line":2,"column":44},"end":{"line":2,"column":74}},"4":{"start":{"line":3,"column":18},"end":{"line":3,"column":40}},"5":{"start":{"line":4,"column":18},"end":{"line":4,"column":39}},"6":{"start":{"line":4,"column":59},"end":{"line":4,"column":94}},"7":{"start":{"line":5,"column":26},"end":{"line":5,"column":57}},"8":{"start":{"line":12,"column":17},"end":{"line":12,"column":38}},"9":{"start":{"line":12,"column":77},"end":{"line":12,"column":131}},"10":{"start":{"line":15,"column":15},"end":{"line":33,"column":27}},"11":{"start":{"line":15,"column":22},"end":{"line":33,"column":26}},"12":{"start":{"line":44,"column":18},"end":{"line":85,"column":26}},"13":{"start":{"line":44,"column":203},"end":{"line":45,"column":22}},"14":{"start":{"line":48,"column":4},"end":{"line":48,"column":14}},"15":{"start":{"line":48,"column":31},"end":{"line":48,"column":45}},"16":{"start":{"line":48,"column":63},"end":{"line":48,"column":84}},"17":{"start":{"line":50,"column":4},"end":{"line":78,"column":122}},"18":{"start":{"line":85,"column":28},"end":{"line":88,"column":115}}},"fnMap":{"0":{"name":"_interopRequireDefault","decl":{"start":{"line":12,"column":48},"end":{"line":12,"column":70}},"loc":{"start":{"line":12,"column":76},"end":{"line":12,"column":132}},"line":12},"1":{"name":"(anonymous_1)","decl":{"start":{"line":15,"column":15},"end":{"line":15,"column":16}},"loc":{"start":{"line":15,"column":22},"end":{"line":33,"column":26}},"line":15},"2":{"name":"(anonymous_2)","decl":{"start":{"line":44,"column":171},"end":{"line":44,"column":172}},"loc":{"start":{"line":44,"column":192},"end":{"line":45,"column":23}},"line":44},"3":{"name":"(anonymous_3)","decl":{"start":{"line":47,"column":2},"end":{"line":47,"column":3}},"loc":{"start":{"line":47,"column":11},"end":{"line":85,"column":3}},"line":47}},"branchMap":{"0":{"loc":{"start":{"line":12,"column":84},"end":{"line":12,"column":130}},"type":"cond-expr","locations":[{"start":{"line":12,"column":108},"end":{"line":12,"column":111}},{"start":{"line":12,"column":114},"end":{"line":12,"column":130}}],"line":12},"1":{"loc":{"start":{"line":12,"column":84},"end":{"line":12,"column":105}},"type":"binary-expr","locations":[{"start":{"line":12,"column":84},"end":{"line":12,"column":87}},{"start":{"line":12,"column":91},"end":{"line":12,"column":105}}],"line":12},"2":{"loc":{"start":{"line":44,"column":67},"end":{"line":85,"column":26}},"type":"binary-expr","locations":[{"start":{"line":44,"column":67},"end":{"line":85,"column":16}},{"start":{"line":85,"column":20},"end":{"line":85,"column":26}}],"line":44},"3":{"loc":{"start":{"line":44,"column":81},"end":{"line":85,"column":15}},"type":"binary-expr","locations":[{"start":{"line":44,"column":81},"end":{"line":85,"column":5}},{"start":{"line":85,"column":9},"end":{"line":85,"column":15}}],"line":44}},"s":{"0":0,"1":0,"2":0,"3":0,"4":0,"5":0,"6":0,"7":0,"8":0,"9":0,"10":0,"11":0,"12":0,"13":0,"14":0,"15":0,"16":0,"17":0,"18":0},"f":{"0":0,"1":0,"2":0,"3":0},"b":{"0":[0,0],"1":[0,0],"2":[0,0],"3":[0,0]}}
,"/home/ipp/projects/cryptobeast-reactjs/client/src/components/Cards/Summary/SummaryCard.jsx": {"path":"/home/ipp/projects/cryptobeast-reactjs/client/src/components/Cards/Summary/SummaryCard.jsx","statementMap":{"0":{"start":{"line":1,"column":13},"end":{"line":1,"column":75}},"1":{"start":{"line":1,"column":94},"end":{"line":1,"column":186}},"2":{"start":{"line":2,"column":13},"end":{"line":2,"column":29}},"3":{"start":{"line":2,"column":44},"end":{"line":2,"column":74}},"4":{"start":{"line":3,"column":18},"end":{"line":3,"column":40}},"5":{"start":{"line":12,"column":13},"end":{"line":12,"column":42}},"6":{"start":{"line":15,"column":22},"end":{"line":15,"column":75}},"7":{"start":{"line":15,"column":99},"end":{"line":15,"column":138}},"8":{"start":{"line":15,"column":177},"end":{"line":15,"column":231}},"9":{"start":{"line":17,"column":15},"end":{"line":74,"column":25}},"10":{"start":{"line":17,"column":22},"end":{"line":74,"column":24}},"11":{"start":{"line":87,"column":14},"end":{"line":180,"column":4}},"12":{"start":{"line":87,"column":99},"end":{"line":102,"column":13}},"13":{"start":{"line":97,"column":6},"end":{"line":97,"column":48}},"14":{"start":{"line":101,"column":6},"end":{"line":101,"column":40}},"15":{"start":{"line":112,"column":4},"end":{"line":112,"column":14}},"16":{"start":{"line":112,"column":31},"end":{"line":112,"column":45}},"17":{"start":{"line":112,"column":54},"end":{"line":112,"column":66}},"18":{"start":{"line":112,"column":81},"end":{"line":112,"column":99}},"19":{"start":{"line":112,"column":110},"end":{"line":112,"column":124}},"20":{"start":{"line":112,"column":139},"end":{"line":112,"column":157}},"21":{"start":{"line":113,"column":15},"end":{"line":113,"column":34}},"22":{"start":{"line":114,"column":17},"end":{"line":114,"column":27}},"23":{"start":{"line":115,"column":28},"end":{"line":125,"column":5}},"24":{"start":{"line":116,"column":21},"end":{"line":116,"column":77}},"25":{"start":{"line":118,"column":6},"end":{"line":122,"column":7}},"26":{"start":{"line":119,"column":8},"end":{"line":119,"column":47}},"27":{"start":{"line":120,"column":13},"end":{"line":122,"column":7}},"28":{"start":{"line":121,"column":8},"end":{"line":121,"column":47}},"29":{"start":{"line":124,"column":6},"end":{"line":124,"column":43}},"30":{"start":{"line":127,"column":4},"end":{"line":174,"column":31}},"31":{"start":{"line":180,"column":5},"end":{"line":183,"column":75}}},"fnMap":{"0":{"name":"_interopRequireDefault","decl":{"start":{"line":15,"column":148},"end":{"line":15,"column":170}},"loc":{"start":{"line":15,"column":176},"end":{"line":15,"column":232}},"line":15},"1":{"name":"(anonymous_1)","decl":{"start":{"line":17,"column":15},"end":{"line":17,"column":16}},"loc":{"start":{"line":17,"column":22},"end":{"line":74,"column":24}},"line":17},"2":{"name":"(anonymous_2)","decl":{"start":{"line":87,"column":67},"end":{"line":87,"column":68}},"loc":{"start":{"line":87,"column":88},"end":{"line":102,"column":14}},"line":87},"3":{"name":"(anonymous_3)","decl":{"start":{"line":96,"column":24},"end":{"line":96,"column":25}},"loc":{"start":{"line":96,"column":33},"end":{"line":98,"column":5}},"line":96},"4":{"name":"(anonymous_4)","decl":{"start":{"line":100,"column":25},"end":{"line":100,"column":26}},"loc":{"start":{"line":100,"column":31},"end":{"line":102,"column":5}},"line":100},"5":{"name":"(anonymous_5)","decl":{"start":{"line":105,"column":18},"end":{"line":105,"column":19}},"loc":{"start":{"line":105,"column":27},"end":{"line":180,"column":3}},"line":105},"6":{"name":"(anonymous_6)","decl":{"start":{"line":115,"column":28},"end":{"line":115,"column":29}},"loc":{"start":{"line":115,"column":34},"end":{"line":125,"column":5}},"line":115}},"branchMap":{"0":{"loc":{"start":{"line":15,"column":184},"end":{"line":15,"column":230}},"type":"cond-expr","locations":[{"start":{"line":15,"column":208},"end":{"line":15,"column":211}},{"start":{"line":15,"column":214},"end":{"line":15,"column":230}}],"line":15},"1":{"loc":{"start":{"line":15,"column":184},"end":{"line":15,"column":205}},"type":"binary-expr","locations":[{"start":{"line":15,"column":184},"end":{"line":15,"column":187}},{"start":{"line":15,"column":191},"end":{"line":15,"column":205}}],"line":15},"2":{"loc":{"start":{"line":118,"column":6},"end":{"line":122,"column":7}},"type":"if","locations":[{"start":{"line":118,"column":6},"end":{"line":122,"column":7}},{"start":{"line":118,"column":6},"end":{"line":122,"column":7}}],"line":118},"3":{"loc":{"start":{"line":118,"column":10},"end":{"line":118,"column":53}},"type":"binary-expr","locations":[{"start":{"line":118,"column":10},"end":{"line":118,"column":39}},{"start":{"line":118,"column":43},"end":{"line":118,"column":53}}],"line":118},"4":{"loc":{"start":{"line":120,"column":13},"end":{"line":122,"column":7}},"type":"if","locations":[{"start":{"line":120,"column":13},"end":{"line":122,"column":7}},{"start":{"line":120,"column":13},"end":{"line":122,"column":7}}],"line":120},"5":{"loc":{"start":{"line":120,"column":17},"end":{"line":120,"column":60}},"type":"binary-expr","locations":[{"start":{"line":120,"column":17},"end":{"line":120,"column":46}},{"start":{"line":120,"column":50},"end":{"line":120,"column":60}}],"line":120},"6":{"loc":{"start":{"line":139,"column":27},"end":{"line":139,"column":67}},"type":"cond-expr","locations":[{"start":{"line":139,"column":37},"end":{"line":139,"column":50}},{"start":{"line":139,"column":53},"end":{"line":139,"column":67}}],"line":139},"7":{"loc":{"start":{"line":172,"column":27},"end":{"line":172,"column":108}},"type":"cond-expr","locations":[{"start":{"line":172,"column":59},"end":{"line":172,"column":76}},{"start":{"line":172,"column":79},"end":{"line":172,"column":108}}],"line":172}},"s":{"0":0,"1":0,"2":0,"3":0,"4":0,"5":0,"6":0,"7":0,"8":0,"9":0,"10":0,"11":0,"12":0,"13":0,"14":0,"15":0,"16":0,"17":0,"18":0,"19":0,"20":0,"21":0,"22":0,"23":0,"24":0,"25":0,"26":0,"27":0,"28":0,"29":0,"30":0,"31":0},"f":{"0":0,"1":0,"2":0,"3":0,"4":0,"5":0,"6":0},"b":{"0":[0,0],"1":[0,0],"2":[0,0],"3":[0,0],"4":[0,0],"5":[0,0],"6":[0,0],"7":[0,0]}}
,"/home/ipp/projects/cryptobeast-reactjs/client/src/components/CustomButtons/Button.jsx": {"path":"/home/ipp/projects/cryptobeast-reactjs/client/src/components/CustomButtons/Button.jsx","statementMap":{"0":{"start":{"line":26,"column":6},"end":{"line":26,"column":11}},"1":{"start":{"line":27,"column":21},"end":{"line":32,"column":4}},"2":{"start":{"line":33,"column":2},"end":{"line":37,"column":4}}},"fnMap":{"0":{"name":"RegularButton","decl":{"start":{"line":17,"column":9},"end":{"line":17,"column":22}},"loc":{"start":{"line":17,"column":44},"end":{"line":38,"column":1}},"line":17}},"branchMap":{},"s":{"0":0,"1":0,"2":0},"f":{"0":0},"b":{},"_coverageSchema":"332fd63041d2c1bcb487cc26dd0d5f7d97098a6c","hash":"38a382a58d4531fd9f9126f47a3e9bafbe7d9d24"}
,"/home/ipp/projects/cryptobeast-reactjs/client/src/components/CustomButtons/ExportPdfButton.jsx": {"path":"/home/ipp/projects/cryptobeast-reactjs/client/src/components/CustomButtons/ExportPdfButton.jsx","statementMap":{"0":{"start":{"line":17,"column":41},"end":{"line":17,"column":46}},"1":{"start":{"line":19,"column":2},"end":{"line":26,"column":4}}},"fnMap":{"0":{"name":"ExportPdfButton","decl":{"start":{"line":16,"column":9},"end":{"line":16,"column":24}},"loc":{"start":{"line":16,"column":46},"end":{"line":27,"column":1}},"line":16}},"branchMap":{},"s":{"0":0,"1":0},"f":{"0":0},"b":{},"_coverageSchema":"332fd63041d2c1bcb487cc26dd0d5f7d97098a6c","hash":"ba3e1c1b318c5f90dc2a9c6567c2089303df33a8"}
,"/home/ipp/projects/cryptobeast-reactjs/client/src/components/CustomButtons/IconButton.jsx": {"path":"/home/ipp/projects/cryptobeast-reactjs/client/src/components/CustomButtons/IconButton.jsx","statementMap":{"0":{"start":{"line":16,"column":61},"end":{"line":16,"column":66}},"1":{"start":{"line":17,"column":2},"end":{"line":28,"column":4}}},"fnMap":{"0":{"name":"IconCustomButton","decl":{"start":{"line":15,"column":9},"end":{"line":15,"column":25}},"loc":{"start":{"line":15,"column":47},"end":{"line":29,"column":1}},"line":15}},"branchMap":{"0":{"loc":{"start":{"line":22,"column":9},"end":{"line":22,"column":42}},"type":"cond-expr","locations":[{"start":{"line":22,"column":17},"end":{"line":22,"column":37}},{"start":{"line":22,"column":40},"end":{"line":22,"column":42}}],"line":22},"1":{"loc":{"start":{"line":23,"column":9},"end":{"line":23,"column":54}},"type":"cond-expr","locations":[{"start":{"line":23,"column":23},"end":{"line":23,"column":49}},{"start":{"line":23,"column":52},"end":{"line":23,"column":54}}],"line":23}},"s":{"0":0,"1":0},"f":{"0":0},"b":{"0":[0,0],"1":[0,0]},"_coverageSchema":"332fd63041d2c1bcb487cc26dd0d5f7d97098a6c","hash":"2db40fc73d7754ca9fce205fb994509d70bb9c3c"}
,"/home/ipp/projects/cryptobeast-reactjs/client/src/components/CustomButtons/InvestorCardButton.jsx": {"path":"/home/ipp/projects/cryptobeast-reactjs/client/src/components/CustomButtons/InvestorCardButton.jsx","statementMap":{"0":{"start":{"line":26,"column":6},"end":{"line":26,"column":11}},"1":{"start":{"line":27,"column":21},"end":{"line":32,"column":4}},"2":{"start":{"line":33,"column":2},"end":{"line":37,"column":4}}},"fnMap":{"0":{"name":"InvestorCardButton","decl":{"start":{"line":17,"column":9},"end":{"line":17,"column":27}},"loc":{"start":{"line":17,"column":49},"end":{"line":38,"column":1}},"line":17}},"branchMap":{},"s":{"0":0,"1":0,"2":0},"f":{"0":0},"b":{},"_coverageSchema":"332fd63041d2c1bcb487cc26dd0d5f7d97098a6c","hash":"1d6221cb300a9d87d4d73ed720b37cd21cb7877c"}
,"/home/ipp/projects/cryptobeast-reactjs/client/src/components/CustomElements/InvestorCard.jsx": {"path":"/home/ipp/projects/cryptobeast-reactjs/client/src/components/CustomElements/InvestorCard.jsx","statementMap":{"0":{"start":{"line":17,"column":45},"end":{"line":17,"column":50}},"1":{"start":{"line":18,"column":2},"end":{"line":23,"column":4}}},"fnMap":{"0":{"name":"InvestorCard","decl":{"start":{"line":16,"column":9},"end":{"line":16,"column":21}},"loc":{"start":{"line":16,"column":43},"end":{"line":24,"column":1}},"line":16}},"branchMap":{},"s":{"0":0,"1":0},"f":{"0":0},"b":{},"_coverageSchema":"332fd63041d2c1bcb487cc26dd0d5f7d97098a6c","hash":"82438e057a1461b4d18535aad280eb93fb225dbb"}
,"/home/ipp/projects/cryptobeast-reactjs/client/src/components/CustomIcons/AnalyticsIcon.jsx": {"path":"/home/ipp/projects/cryptobeast-reactjs/client/src/components/CustomIcons/AnalyticsIcon.jsx","statementMap":{"0":{"start":{"line":1,"column":13},"end":{"line":1,"column":75}},"1":{"start":{"line":1,"column":94},"end":{"line":1,"column":186}},"2":{"start":{"line":1,"column":200},"end":{"line":1,"column":216}},"3":{"start":{"line":1,"column":231},"end":{"line":1,"column":261}},"4":{"start":{"line":2,"column":15},"end":{"line":2,"column":45}},"5":{"start":{"line":2,"column":62},"end":{"line":2,"column":94}},"6":{"start":{"line":3,"column":0},"end":{"line":3,"column":22}},"7":{"start":{"line":3,"column":60},"end":{"line":3,"column":114}},"8":{"start":{"line":6,"column":20},"end":{"line":8,"column":7}},"9":{"start":{"line":6,"column":53},"end":{"line":8,"column":7}},"10":{"start":{"line":7,"column":0},"end":{"line":8,"column":7}},"11":{"start":{"line":13,"column":0},"end":{"line":17,"column":202}},"12":{"start":{"line":17,"column":203},"end":{"line":23,"column":27}}},"fnMap":{"0":{"name":"_interopRequireDefault","decl":{"start":{"line":3,"column":31},"end":{"line":3,"column":53}},"loc":{"start":{"line":3,"column":59},"end":{"line":3,"column":115}},"line":3},"1":{"name":"(anonymous_1)","decl":{"start":{"line":6,"column":20},"end":{"line":6,"column":21}},"loc":{"start":{"line":6,"column":53},"end":{"line":8,"column":7}},"line":6},"2":{"name":"(anonymous_2)","decl":{"start":{"line":6,"column":53},"end":{"line":6,"column":54}},"loc":{"start":{"line":7,"column":0},"end":{"line":8,"column":7}},"line":7}},"branchMap":{"0":{"loc":{"start":{"line":3,"column":67},"end":{"line":3,"column":113}},"type":"cond-expr","locations":[{"start":{"line":3,"column":91},"end":{"line":3,"column":94}},{"start":{"line":3,"column":97},"end":{"line":3,"column":113}}],"line":3},"1":{"loc":{"start":{"line":3,"column":67},"end":{"line":3,"column":88}},"type":"binary-expr","locations":[{"start":{"line":3,"column":67},"end":{"line":3,"column":70}},{"start":{"line":3,"column":74},"end":{"line":3,"column":88}}],"line":3},"2":{"loc":{"start":{"line":6,"column":27},"end":{"line":6,"column":48}},"type":"default-arg","locations":[{"start":{"line":6,"column":37},"end":{"line":6,"column":48}}],"line":6}},"s":{"0":0,"1":0,"2":0,"3":0,"4":0,"5":0,"6":0,"7":0,"8":0,"9":0,"10":0,"11":0,"12":0},"f":{"0":0,"1":0,"2":0},"b":{"0":[0,0],"1":[0,0],"2":[0]}}
,"/home/ipp/projects/cryptobeast-reactjs/client/src/components/CustomIcons/HistoryIcon.jsx": {"path":"/home/ipp/projects/cryptobeast-reactjs/client/src/components/CustomIcons/HistoryIcon.jsx","statementMap":{"0":{"start":{"line":1,"column":13},"end":{"line":1,"column":75}},"1":{"start":{"line":1,"column":94},"end":{"line":1,"column":184}},"2":{"start":{"line":1,"column":198},"end":{"line":1,"column":214}},"3":{"start":{"line":1,"column":229},"end":{"line":1,"column":259}},"4":{"start":{"line":2,"column":15},"end":{"line":2,"column":45}},"5":{"start":{"line":2,"column":62},"end":{"line":2,"column":94}},"6":{"start":{"line":3,"column":0},"end":{"line":3,"column":22}},"7":{"start":{"line":3,"column":60},"end":{"line":3,"column":114}},"8":{"start":{"line":6,"column":20},"end":{"line":8,"column":7}},"9":{"start":{"line":6,"column":53},"end":{"line":8,"column":7}},"10":{"start":{"line":7,"column":0},"end":{"line":8,"column":7}},"11":{"start":{"line":13,"column":0},"end":{"line":17,"column":188}},"12":{"start":{"line":17,"column":189},"end":{"line":23,"column":25}}},"fnMap":{"0":{"name":"_interopRequireDefault","decl":{"start":{"line":3,"column":31},"end":{"line":3,"column":53}},"loc":{"start":{"line":3,"column":59},"end":{"line":3,"column":115}},"line":3},"1":{"name":"(anonymous_1)","decl":{"start":{"line":6,"column":20},"end":{"line":6,"column":21}},"loc":{"start":{"line":6,"column":53},"end":{"line":8,"column":7}},"line":6},"2":{"name":"(anonymous_2)","decl":{"start":{"line":6,"column":53},"end":{"line":6,"column":54}},"loc":{"start":{"line":7,"column":0},"end":{"line":8,"column":7}},"line":7}},"branchMap":{"0":{"loc":{"start":{"line":3,"column":67},"end":{"line":3,"column":113}},"type":"cond-expr","locations":[{"start":{"line":3,"column":91},"end":{"line":3,"column":94}},{"start":{"line":3,"column":97},"end":{"line":3,"column":113}}],"line":3},"1":{"loc":{"start":{"line":3,"column":67},"end":{"line":3,"column":88}},"type":"binary-expr","locations":[{"start":{"line":3,"column":67},"end":{"line":3,"column":70}},{"start":{"line":3,"column":74},"end":{"line":3,"column":88}}],"line":3},"2":{"loc":{"start":{"line":6,"column":27},"end":{"line":6,"column":48}},"type":"default-arg","locations":[{"start":{"line":6,"column":37},"end":{"line":6,"column":48}}],"line":6}},"s":{"0":0,"1":0,"2":0,"3":0,"4":0,"5":0,"6":0,"7":0,"8":0,"9":0,"10":0,"11":0,"12":0},"f":{"0":0,"1":0,"2":0},"b":{"0":[0,0],"1":[0,0],"2":[0]}}
,"/home/ipp/projects/cryptobeast-reactjs/client/src/components/CustomIcons/InvestorsIcon.jsx": {"path":"/home/ipp/projects/cryptobeast-reactjs/client/src/components/CustomIcons/InvestorsIcon.jsx","statementMap":{"0":{"start":{"line":1,"column":13},"end":{"line":1,"column":75}},"1":{"start":{"line":1,"column":94},"end":{"line":1,"column":186}},"2":{"start":{"line":1,"column":200},"end":{"line":1,"column":216}},"3":{"start":{"line":1,"column":231},"end":{"line":1,"column":261}},"4":{"start":{"line":2,"column":15},"end":{"line":2,"column":45}},"5":{"start":{"line":2,"column":62},"end":{"line":2,"column":94}},"6":{"start":{"line":3,"column":0},"end":{"line":3,"column":22}},"7":{"start":{"line":3,"column":60},"end":{"line":3,"column":114}},"8":{"start":{"line":6,"column":20},"end":{"line":8,"column":7}},"9":{"start":{"line":6,"column":53},"end":{"line":8,"column":7}},"10":{"start":{"line":7,"column":0},"end":{"line":8,"column":7}},"11":{"start":{"line":13,"column":0},"end":{"line":20,"column":248}},"12":{"start":{"line":20,"column":249},"end":{"line":26,"column":27}}},"fnMap":{"0":{"name":"_interopRequireDefault","decl":{"start":{"line":3,"column":31},"end":{"line":3,"column":53}},"loc":{"start":{"line":3,"column":59},"end":{"line":3,"column":115}},"line":3},"1":{"name":"(anonymous_1)","decl":{"start":{"line":6,"column":20},"end":{"line":6,"column":21}},"loc":{"start":{"line":6,"column":53},"end":{"line":8,"column":7}},"line":6},"2":{"name":"(anonymous_2)","decl":{"start":{"line":6,"column":53},"end":{"line":6,"column":54}},"loc":{"start":{"line":7,"column":0},"end":{"line":8,"column":7}},"line":7}},"branchMap":{"0":{"loc":{"start":{"line":3,"column":67},"end":{"line":3,"column":113}},"type":"cond-expr","locations":[{"start":{"line":3,"column":91},"end":{"line":3,"column":94}},{"start":{"line":3,"column":97},"end":{"line":3,"column":113}}],"line":3},"1":{"loc":{"start":{"line":3,"column":67},"end":{"line":3,"column":88}},"type":"binary-expr","locations":[{"start":{"line":3,"column":67},"end":{"line":3,"column":70}},{"start":{"line":3,"column":74},"end":{"line":3,"column":88}}],"line":3},"2":{"loc":{"start":{"line":6,"column":27},"end":{"line":6,"column":48}},"type":"default-arg","locations":[{"start":{"line":6,"column":37},"end":{"line":6,"column":48}}],"line":6}},"s":{"0":0,"1":0,"2":0,"3":0,"4":0,"5":0,"6":0,"7":0,"8":0,"9":0,"10":0,"11":0,"12":0},"f":{"0":0,"1":0,"2":0},"b":{"0":[0,0],"1":[0,0],"2":[0]}}
,"/home/ipp/projects/cryptobeast-reactjs/client/src/components/CustomIcons/LedgersIcon.jsx": {"path":"/home/ipp/projects/cryptobeast-reactjs/client/src/components/CustomIcons/LedgersIcon.jsx","statementMap":{"0":{"start":{"line":1,"column":13},"end":{"line":1,"column":75}},"1":{"start":{"line":1,"column":94},"end":{"line":1,"column":184}},"2":{"start":{"line":1,"column":198},"end":{"line":1,"column":214}},"3":{"start":{"line":1,"column":229},"end":{"line":1,"column":259}},"4":{"start":{"line":2,"column":15},"end":{"line":2,"column":45}},"5":{"start":{"line":2,"column":62},"end":{"line":2,"column":94}},"6":{"start":{"line":3,"column":0},"end":{"line":3,"column":22}},"7":{"start":{"line":3,"column":60},"end":{"line":3,"column":114}},"8":{"start":{"line":6,"column":20},"end":{"line":8,"column":7}},"9":{"start":{"line":6,"column":53},"end":{"line":8,"column":7}},"10":{"start":{"line":7,"column":0},"end":{"line":8,"column":7}},"11":{"start":{"line":13,"column":0},"end":{"line":21,"column":180}},"12":{"start":{"line":21,"column":181},"end":{"line":27,"column":25}}},"fnMap":{"0":{"name":"_interopRequireDefault","decl":{"start":{"line":3,"column":31},"end":{"line":3,"column":53}},"loc":{"start":{"line":3,"column":59},"end":{"line":3,"column":115}},"line":3},"1":{"name":"(anonymous_1)","decl":{"start":{"line":6,"column":20},"end":{"line":6,"column":21}},"loc":{"start":{"line":6,"column":53},"end":{"line":8,"column":7}},"line":6},"2":{"name":"(anonymous_2)","decl":{"start":{"line":6,"column":53},"end":{"line":6,"column":54}},"loc":{"start":{"line":7,"column":0},"end":{"line":8,"column":7}},"line":7}},"branchMap":{"0":{"loc":{"start":{"line":3,"column":67},"end":{"line":3,"column":113}},"type":"cond-expr","locations":[{"start":{"line":3,"column":91},"end":{"line":3,"column":94}},{"start":{"line":3,"column":97},"end":{"line":3,"column":113}}],"line":3},"1":{"loc":{"start":{"line":3,"column":67},"end":{"line":3,"column":88}},"type":"binary-expr","locations":[{"start":{"line":3,"column":67},"end":{"line":3,"column":70}},{"start":{"line":3,"column":74},"end":{"line":3,"column":88}}],"line":3},"2":{"loc":{"start":{"line":6,"column":27},"end":{"line":6,"column":48}},"type":"default-arg","locations":[{"start":{"line":6,"column":37},"end":{"line":6,"column":48}}],"line":6}},"s":{"0":0,"1":0,"2":0,"3":0,"4":0,"5":0,"6":0,"7":0,"8":0,"9":0,"10":0,"11":0,"12":0},"f":{"0":0,"1":0,"2":0},"b":{"0":[0,0],"1":[0,0],"2":[0]}}
,"/home/ipp/projects/cryptobeast-reactjs/client/src/components/CustomIcons/MarketIcon.jsx": {"path":"/home/ipp/projects/cryptobeast-reactjs/client/src/components/CustomIcons/MarketIcon.jsx","statementMap":{"0":{"start":{"line":1,"column":13},"end":{"line":1,"column":75}},"1":{"start":{"line":1,"column":94},"end":{"line":1,"column":183}},"2":{"start":{"line":1,"column":197},"end":{"line":1,"column":213}},"3":{"start":{"line":1,"column":228},"end":{"line":1,"column":258}},"4":{"start":{"line":2,"column":15},"end":{"line":2,"column":45}},"5":{"start":{"line":2,"column":62},"end":{"line":2,"column":94}},"6":{"start":{"line":3,"column":0},"end":{"line":3,"column":22}},"7":{"start":{"line":3,"column":60},"end":{"line":3,"column":114}},"8":{"start":{"line":6,"column":20},"end":{"line":8,"column":7}},"9":{"start":{"line":6,"column":53},"end":{"line":8,"column":7}},"10":{"start":{"line":7,"column":0},"end":{"line":8,"column":7}},"11":{"start":{"line":13,"column":0},"end":{"line":18,"column":245}},"12":{"start":{"line":18,"column":246},"end":{"line":24,"column":24}}},"fnMap":{"0":{"name":"_interopRequireDefault","decl":{"start":{"line":3,"column":31},"end":{"line":3,"column":53}},"loc":{"start":{"line":3,"column":59},"end":{"line":3,"column":115}},"line":3},"1":{"name":"(anonymous_1)","decl":{"start":{"line":6,"column":20},"end":{"line":6,"column":21}},"loc":{"start":{"line":6,"column":53},"end":{"line":8,"column":7}},"line":6},"2":{"name":"(anonymous_2)","decl":{"start":{"line":6,"column":53},"end":{"line":6,"column":54}},"loc":{"start":{"line":7,"column":0},"end":{"line":8,"column":7}},"line":7}},"branchMap":{"0":{"loc":{"start":{"line":3,"column":67},"end":{"line":3,"column":113}},"type":"cond-expr","locations":[{"start":{"line":3,"column":91},"end":{"line":3,"column":94}},{"start":{"line":3,"column":97},"end":{"line":3,"column":113}}],"line":3},"1":{"loc":{"start":{"line":3,"column":67},"end":{"line":3,"column":88}},"type":"binary-expr","locations":[{"start":{"line":3,"column":67},"end":{"line":3,"column":70}},{"start":{"line":3,"column":74},"end":{"line":3,"column":88}}],"line":3},"2":{"loc":{"start":{"line":6,"column":27},"end":{"line":6,"column":48}},"type":"default-arg","locations":[{"start":{"line":6,"column":37},"end":{"line":6,"column":48}}],"line":6}},"s":{"0":0,"1":0,"2":0,"3":0,"4":0,"5":0,"6":0,"7":0,"8":0,"9":0,"10":0,"11":0,"12":0},"f":{"0":0,"1":0,"2":0},"b":{"0":[0,0],"1":[0,0],"2":[0]}}
,"/home/ipp/projects/cryptobeast-reactjs/client/src/components/CustomIcons/SettingsIcon.jsx": {"path":"/home/ipp/projects/cryptobeast-reactjs/client/src/components/CustomIcons/SettingsIcon.jsx","statementMap":{"0":{"start":{"line":1,"column":13},"end":{"line":1,"column":75}},"1":{"start":{"line":1,"column":94},"end":{"line":1,"column":185}},"2":{"start":{"line":1,"column":199},"end":{"line":1,"column":215}},"3":{"start":{"line":1,"column":230},"end":{"line":1,"column":260}},"4":{"start":{"line":2,"column":15},"end":{"line":2,"column":45}},"5":{"start":{"line":2,"column":62},"end":{"line":2,"column":94}},"6":{"start":{"line":3,"column":0},"end":{"line":3,"column":22}},"7":{"start":{"line":3,"column":60},"end":{"line":3,"column":114}},"8":{"start":{"line":6,"column":20},"end":{"line":8,"column":7}},"9":{"start":{"line":6,"column":53},"end":{"line":8,"column":7}},"10":{"start":{"line":7,"column":0},"end":{"line":8,"column":7}},"11":{"start":{"line":13,"column":0},"end":{"line":17,"column":1200}},"12":{"start":{"line":17,"column":1201},"end":{"line":23,"column":26}}},"fnMap":{"0":{"name":"_interopRequireDefault","decl":{"start":{"line":3,"column":31},"end":{"line":3,"column":53}},"loc":{"start":{"line":3,"column":59},"end":{"line":3,"column":115}},"line":3},"1":{"name":"(anonymous_1)","decl":{"start":{"line":6,"column":20},"end":{"line":6,"column":21}},"loc":{"start":{"line":6,"column":53},"end":{"line":8,"column":7}},"line":6},"2":{"name":"(anonymous_2)","decl":{"start":{"line":6,"column":53},"end":{"line":6,"column":54}},"loc":{"start":{"line":7,"column":0},"end":{"line":8,"column":7}},"line":7}},"branchMap":{"0":{"loc":{"start":{"line":3,"column":67},"end":{"line":3,"column":113}},"type":"cond-expr","locations":[{"start":{"line":3,"column":91},"end":{"line":3,"column":94}},{"start":{"line":3,"column":97},"end":{"line":3,"column":113}}],"line":3},"1":{"loc":{"start":{"line":3,"column":67},"end":{"line":3,"column":88}},"type":"binary-expr","locations":[{"start":{"line":3,"column":67},"end":{"line":3,"column":70}},{"start":{"line":3,"column":74},"end":{"line":3,"column":88}}],"line":3},"2":{"loc":{"start":{"line":6,"column":27},"end":{"line":6,"column":48}},"type":"default-arg","locations":[{"start":{"line":6,"column":37},"end":{"line":6,"column":48}}],"line":6}},"s":{"0":0,"1":0,"2":0,"3":0,"4":0,"5":0,"6":0,"7":0,"8":0,"9":0,"10":0,"11":0,"12":0},"f":{"0":0,"1":0,"2":0},"b":{"0":[0,0],"1":[0,0],"2":[0]}}
,"/home/ipp/projects/cryptobeast-reactjs/client/src/components/CustomIcons/SimulatorIcon.jsx": {"path":"/home/ipp/projects/cryptobeast-reactjs/client/src/components/CustomIcons/SimulatorIcon.jsx","statementMap":{"0":{"start":{"line":1,"column":13},"end":{"line":1,"column":75}},"1":{"start":{"line":1,"column":94},"end":{"line":1,"column":186}},"2":{"start":{"line":1,"column":200},"end":{"line":1,"column":216}},"3":{"start":{"line":1,"column":231},"end":{"line":1,"column":261}},"4":{"start":{"line":2,"column":15},"end":{"line":2,"column":45}},"5":{"start":{"line":2,"column":62},"end":{"line":2,"column":94}},"6":{"start":{"line":3,"column":0},"end":{"line":3,"column":22}},"7":{"start":{"line":3,"column":60},"end":{"line":3,"column":114}},"8":{"start":{"line":6,"column":20},"end":{"line":8,"column":7}},"9":{"start":{"line":6,"column":53},"end":{"line":8,"column":7}},"10":{"start":{"line":7,"column":0},"end":{"line":8,"column":7}},"11":{"start":{"line":13,"column":0},"end":{"line":19,"column":182}},"12":{"start":{"line":19,"column":183},"end":{"line":25,"column":27}}},"fnMap":{"0":{"name":"_interopRequireDefault","decl":{"start":{"line":3,"column":31},"end":{"line":3,"column":53}},"loc":{"start":{"line":3,"column":59},"end":{"line":3,"column":115}},"line":3},"1":{"name":"(anonymous_1)","decl":{"start":{"line":6,"column":20},"end":{"line":6,"column":21}},"loc":{"start":{"line":6,"column":53},"end":{"line":8,"column":7}},"line":6},"2":{"name":"(anonymous_2)","decl":{"start":{"line":6,"column":53},"end":{"line":6,"column":54}},"loc":{"start":{"line":7,"column":0},"end":{"line":8,"column":7}},"line":7}},"branchMap":{"0":{"loc":{"start":{"line":3,"column":67},"end":{"line":3,"column":113}},"type":"cond-expr","locations":[{"start":{"line":3,"column":91},"end":{"line":3,"column":94}},{"start":{"line":3,"column":97},"end":{"line":3,"column":113}}],"line":3},"1":{"loc":{"start":{"line":3,"column":67},"end":{"line":3,"column":88}},"type":"binary-expr","locations":[{"start":{"line":3,"column":67},"end":{"line":3,"column":70}},{"start":{"line":3,"column":74},"end":{"line":3,"column":88}}],"line":3},"2":{"loc":{"start":{"line":6,"column":27},"end":{"line":6,"column":48}},"type":"default-arg","locations":[{"start":{"line":6,"column":37},"end":{"line":6,"column":48}}],"line":6}},"s":{"0":0,"1":0,"2":0,"3":0,"4":0,"5":0,"6":0,"7":0,"8":0,"9":0,"10":0,"11":0,"12":0},"f":{"0":0,"1":0,"2":0},"b":{"0":[0,0],"1":[0,0],"2":[0]}}
,"/home/ipp/projects/cryptobeast-reactjs/client/src/components/CustomIcons/SummaryIcon.jsx": {"path":"/home/ipp/projects/cryptobeast-reactjs/client/src/components/CustomIcons/SummaryIcon.jsx","statementMap":{"0":{"start":{"line":1,"column":13},"end":{"line":1,"column":75}},"1":{"start":{"line":1,"column":94},"end":{"line":1,"column":184}},"2":{"start":{"line":3,"column":13},"end":{"line":3,"column":29}},"3":{"start":{"line":3,"column":44},"end":{"line":3,"column":74}},"4":{"start":{"line":3,"column":90},"end":{"line":3,"column":120}},"5":{"start":{"line":3,"column":137},"end":{"line":3,"column":169}},"6":{"start":{"line":4,"column":0},"end":{"line":4,"column":22}},"7":{"start":{"line":4,"column":60},"end":{"line":4,"column":114}},"8":{"start":{"line":7,"column":20},"end":{"line":9,"column":7}},"9":{"start":{"line":7,"column":53},"end":{"line":9,"column":7}},"10":{"start":{"line":8,"column":0},"end":{"line":9,"column":7}},"11":{"start":{"line":14,"column":0},"end":{"line":19,"column":185}},"12":{"start":{"line":19,"column":186},"end":{"line":25,"column":25}}},"fnMap":{"0":{"name":"_interopRequireDefault","decl":{"start":{"line":4,"column":31},"end":{"line":4,"column":53}},"loc":{"start":{"line":4,"column":59},"end":{"line":4,"column":115}},"line":4},"1":{"name":"(anonymous_1)","decl":{"start":{"line":7,"column":20},"end":{"line":7,"column":21}},"loc":{"start":{"line":7,"column":53},"end":{"line":9,"column":7}},"line":7},"2":{"name":"(anonymous_2)","decl":{"start":{"line":7,"column":53},"end":{"line":7,"column":54}},"loc":{"start":{"line":8,"column":0},"end":{"line":9,"column":7}},"line":8}},"branchMap":{"0":{"loc":{"start":{"line":4,"column":67},"end":{"line":4,"column":113}},"type":"cond-expr","locations":[{"start":{"line":4,"column":91},"end":{"line":4,"column":94}},{"start":{"line":4,"column":97},"end":{"line":4,"column":113}}],"line":4},"1":{"loc":{"start":{"line":4,"column":67},"end":{"line":4,"column":88}},"type":"binary-expr","locations":[{"start":{"line":4,"column":67},"end":{"line":4,"column":70}},{"start":{"line":4,"column":74},"end":{"line":4,"column":88}}],"line":4},"2":{"loc":{"start":{"line":7,"column":27},"end":{"line":7,"column":48}},"type":"default-arg","locations":[{"start":{"line":7,"column":37},"end":{"line":7,"column":48}}],"line":7}},"s":{"0":0,"1":0,"2":0,"3":0,"4":0,"5":0,"6":0,"7":0,"8":0,"9":0,"10":0,"11":0,"12":0},"f":{"0":0,"1":0,"2":0},"b":{"0":[0,0],"1":[0,0],"2":[0]}}
,"/home/ipp/projects/cryptobeast-reactjs/client/src/components/CustomIcons/Summary/AnalyticsIcon.jsx": {"path":"/home/ipp/projects/cryptobeast-reactjs/client/src/components/CustomIcons/Summary/AnalyticsIcon.jsx","statementMap":{"0":{"start":{"line":1,"column":13},"end":{"line":1,"column":75}},"1":{"start":{"line":1,"column":94},"end":{"line":1,"column":194}},"2":{"start":{"line":1,"column":208},"end":{"line":1,"column":224}},"3":{"start":{"line":1,"column":239},"end":{"line":1,"column":269}},"4":{"start":{"line":2,"column":15},"end":{"line":2,"column":45}},"5":{"start":{"line":2,"column":62},"end":{"line":2,"column":94}},"6":{"start":{"line":3,"column":0},"end":{"line":3,"column":23}},"7":{"start":{"line":3,"column":61},"end":{"line":3,"column":115}},"8":{"start":{"line":6,"column":20},"end":{"line":8,"column":7}},"9":{"start":{"line":6,"column":53},"end":{"line":8,"column":7}},"10":{"start":{"line":7,"column":0},"end":{"line":8,"column":7}},"11":{"start":{"line":13,"column":0},"end":{"line":14,"column":358}},"12":{"start":{"line":14,"column":359},"end":{"line":18,"column":27}}},"fnMap":{"0":{"name":"_interopRequireDefault","decl":{"start":{"line":3,"column":32},"end":{"line":3,"column":54}},"loc":{"start":{"line":3,"column":60},"end":{"line":3,"column":116}},"line":3},"1":{"name":"(anonymous_1)","decl":{"start":{"line":6,"column":20},"end":{"line":6,"column":21}},"loc":{"start":{"line":6,"column":53},"end":{"line":8,"column":7}},"line":6},"2":{"name":"(anonymous_2)","decl":{"start":{"line":6,"column":53},"end":{"line":6,"column":54}},"loc":{"start":{"line":7,"column":0},"end":{"line":8,"column":7}},"line":7}},"branchMap":{"0":{"loc":{"start":{"line":3,"column":68},"end":{"line":3,"column":114}},"type":"cond-expr","locations":[{"start":{"line":3,"column":92},"end":{"line":3,"column":95}},{"start":{"line":3,"column":98},"end":{"line":3,"column":114}}],"line":3},"1":{"loc":{"start":{"line":3,"column":68},"end":{"line":3,"column":89}},"type":"binary-expr","locations":[{"start":{"line":3,"column":68},"end":{"line":3,"column":71}},{"start":{"line":3,"column":75},"end":{"line":3,"column":89}}],"line":3},"2":{"loc":{"start":{"line":6,"column":27},"end":{"line":6,"column":48}},"type":"default-arg","locations":[{"start":{"line":6,"column":37},"end":{"line":6,"column":48}}],"line":6}},"s":{"0":0,"1":0,"2":0,"3":0,"4":0,"5":0,"6":0,"7":0,"8":0,"9":0,"10":0,"11":0,"12":0},"f":{"0":0,"1":0,"2":0},"b":{"0":[0,0],"1":[0,0],"2":[0]}}
,"/home/ipp/projects/cryptobeast-reactjs/client/src/components/CustomIcons/Summary/AscendantBarsIcon.jsx": {"path":"/home/ipp/projects/cryptobeast-reactjs/client/src/components/CustomIcons/Summary/AscendantBarsIcon.jsx","statementMap":{"0":{"start":{"line":1,"column":13},"end":{"line":1,"column":75}},"1":{"start":{"line":1,"column":94},"end":{"line":1,"column":198}},"2":{"start":{"line":1,"column":212},"end":{"line":1,"column":228}},"3":{"start":{"line":1,"column":243},"end":{"line":1,"column":273}},"4":{"start":{"line":2,"column":15},"end":{"line":2,"column":45}},"5":{"start":{"line":2,"column":62},"end":{"line":2,"column":94}},"6":{"start":{"line":3,"column":0},"end":{"line":3,"column":23}},"7":{"start":{"line":3,"column":61},"end":{"line":3,"column":115}},"8":{"start":{"line":6,"column":20},"end":{"line":8,"column":7}},"9":{"start":{"line":6,"column":53},"end":{"line":8,"column":7}},"10":{"start":{"line":7,"column":0},"end":{"line":8,"column":7}},"11":{"start":{"line":13,"column":0},"end":{"line":14,"column":587}},"12":{"start":{"line":14,"column":588},"end":{"line":18,"column":31}}},"fnMap":{"0":{"name":"_interopRequireDefault","decl":{"start":{"line":3,"column":32},"end":{"line":3,"column":54}},"loc":{"start":{"line":3,"column":60},"end":{"line":3,"column":116}},"line":3},"1":{"name":"(anonymous_1)","decl":{"start":{"line":6,"column":20},"end":{"line":6,"column":21}},"loc":{"start":{"line":6,"column":53},"end":{"line":8,"column":7}},"line":6},"2":{"name":"(anonymous_2)","decl":{"start":{"line":6,"column":53},"end":{"line":6,"column":54}},"loc":{"start":{"line":7,"column":0},"end":{"line":8,"column":7}},"line":7}},"branchMap":{"0":{"loc":{"start":{"line":3,"column":68},"end":{"line":3,"column":114}},"type":"cond-expr","locations":[{"start":{"line":3,"column":92},"end":{"line":3,"column":95}},{"start":{"line":3,"column":98},"end":{"line":3,"column":114}}],"line":3},"1":{"loc":{"start":{"line":3,"column":68},"end":{"line":3,"column":89}},"type":"binary-expr","locations":[{"start":{"line":3,"column":68},"end":{"line":3,"column":71}},{"start":{"line":3,"column":75},"end":{"line":3,"column":89}}],"line":3},"2":{"loc":{"start":{"line":6,"column":27},"end":{"line":6,"column":48}},"type":"default-arg","locations":[{"start":{"line":6,"column":37},"end":{"line":6,"column":48}}],"line":6}},"s":{"0":0,"1":0,"2":0,"3":0,"4":0,"5":0,"6":0,"7":0,"8":0,"9":0,"10":0,"11":0,"12":0},"f":{"0":0,"1":0,"2":0},"b":{"0":[0,0],"1":[0,0],"2":[0]}}
,"/home/ipp/projects/cryptobeast-reactjs/client/src/components/CustomIcons/Summary/CoinIcon.jsx": {"path":"/home/ipp/projects/cryptobeast-reactjs/client/src/components/CustomIcons/Summary/CoinIcon.jsx","statementMap":{"0":{"start":{"line":1,"column":13},"end":{"line":1,"column":75}},"1":{"start":{"line":1,"column":94},"end":{"line":1,"column":189}},"2":{"start":{"line":1,"column":203},"end":{"line":1,"column":219}},"3":{"start":{"line":1,"column":234},"end":{"line":1,"column":264}},"4":{"start":{"line":2,"column":15},"end":{"line":2,"column":45}},"5":{"start":{"line":2,"column":62},"end":{"line":2,"column":94}},"6":{"start":{"line":3,"column":0},"end":{"line":3,"column":23}},"7":{"start":{"line":3,"column":61},"end":{"line":3,"column":115}},"8":{"start":{"line":6,"column":20},"end":{"line":8,"column":7}},"9":{"start":{"line":6,"column":53},"end":{"line":8,"column":7}},"10":{"start":{"line":7,"column":0},"end":{"line":8,"column":7}},"11":{"start":{"line":13,"column":0},"end":{"line":18,"column":474}},"12":{"start":{"line":18,"column":475},"end":{"line":22,"column":22}}},"fnMap":{"0":{"name":"_interopRequireDefault","decl":{"start":{"line":3,"column":32},"end":{"line":3,"column":54}},"loc":{"start":{"line":3,"column":60},"end":{"line":3,"column":116}},"line":3},"1":{"name":"(anonymous_1)","decl":{"start":{"line":6,"column":20},"end":{"line":6,"column":21}},"loc":{"start":{"line":6,"column":53},"end":{"line":8,"column":7}},"line":6},"2":{"name":"(anonymous_2)","decl":{"start":{"line":6,"column":53},"end":{"line":6,"column":54}},"loc":{"start":{"line":7,"column":0},"end":{"line":8,"column":7}},"line":7}},"branchMap":{"0":{"loc":{"start":{"line":3,"column":68},"end":{"line":3,"column":114}},"type":"cond-expr","locations":[{"start":{"line":3,"column":92},"end":{"line":3,"column":95}},{"start":{"line":3,"column":98},"end":{"line":3,"column":114}}],"line":3},"1":{"loc":{"start":{"line":3,"column":68},"end":{"line":3,"column":89}},"type":"binary-expr","locations":[{"start":{"line":3,"column":68},"end":{"line":3,"column":71}},{"start":{"line":3,"column":75},"end":{"line":3,"column":89}}],"line":3},"2":{"loc":{"start":{"line":6,"column":27},"end":{"line":6,"column":48}},"type":"default-arg","locations":[{"start":{"line":6,"column":37},"end":{"line":6,"column":48}}],"line":6}},"s":{"0":0,"1":0,"2":0,"3":0,"4":0,"5":0,"6":0,"7":0,"8":0,"9":0,"10":0,"11":0,"12":0},"f":{"0":0,"1":0,"2":0},"b":{"0":[0,0],"1":[0,0],"2":[0]}}
[...]
,"/home/ipp/projects/cryptobeast-reactjs/client/src/variables/styles/regularCardStyle.jsx": {"path":"/home/ipp/projects/cryptobeast-reactjs/client/src/variables/styles/regularCardStyle.jsx","statementMap":{"0":{"start":{"line":17,"column":25},"end":{"line":55,"column":1}}},"fnMap":{},"branchMap":{},"s":{"0":6},"f":{},"b":{},"_coverageSchema":"332fd63041d2c1bcb487cc26dd0d5f7d97098a6c","hash":"25e1ff3f6662420610a63df87609cc02aa1ed0c7"}
,"/home/ipp/projects/cryptobeast-reactjs/client/src/variables/styles/sidebarStyle.jsx": {"path":"/home/ipp/projects/cryptobeast-reactjs/client/src/variables/styles/sidebarStyle.jsx","statementMap":{"0":{"start":{"line":19,"column":21},"end":{"line":231,"column":2}},"1":{"start":{"line":19,"column":31},"end":{"line":231,"column":1}}},"fnMap":{"0":{"name":"(anonymous_0)","decl":{"start":{"line":19,"column":21},"end":{"line":19,"column":22}},"loc":{"start":{"line":19,"column":31},"end":{"line":231,"column":1}},"line":19}},"branchMap":{},"s":{"0":6,"1":0},"f":{"0":0},"b":{},"_coverageSchema":"332fd63041d2c1bcb487cc26dd0d5f7d97098a6c","hash":"c1830f9e8bfe42eb117e99871f10a87724ba7936"}
,"/home/ipp/projects/cryptobeast-reactjs/client/src/variables/styles/snackbarContentStyle.jsx": {"path":"/home/ipp/projects/cryptobeast-reactjs/client/src/variables/styles/snackbarContentStyle.jsx","statementMap":{"0":{"start":{"line":14,"column":29},"end":{"line":80,"column":1}}},"fnMap":{},"branchMap":{},"s":{"0":6},"f":{},"b":{},"_coverageSchema":"332fd63041d2c1bcb487cc26dd0d5f7d97098a6c","hash":"312f51572cdc990de4cae3e929fdc8215e7a8135"}
,"/home/ipp/projects/cryptobeast-reactjs/client/src/variables/styles/statsCardStyle.jsx": {"path":"/home/ipp/projects/cryptobeast-reactjs/client/src/variables/styles/statsCardStyle.jsx","statementMap":{"0":{"start":{"line":1,"column":13},"end":{"line":1,"column":75}},"1":{"start":{"line":5,"column":14},"end":{"line":5,"column":36}},"2":{"start":{"line":24,"column":23},"end":{"line":107,"column":24}},"3":{"start":{"line":110,"column":0},"end":{"line":111,"column":15}}},"fnMap":{},"branchMap":{},"s":{"0":0,"1":0,"2":0,"3":0},"f":{},"b":{}}
,"/home/ipp/projects/cryptobeast-reactjs/client/src/variables/styles/summaryStyle.jsx": {"path":"/home/ipp/projects/cryptobeast-reactjs/client/src/variables/styles/summaryStyle.jsx","statementMap":{"0":{"start":{"line":1,"column":13},"end":{"line":1,"column":75}},"1":{"start":{"line":5,"column":14},"end":{"line":5,"column":36}},"2":{"start":{"line":7,"column":21},"end":{"line":17,"column":24}},"3":{"start":{"line":20,"column":0},"end":{"line":21,"column":13}}},"fnMap":{},"branchMap":{},"s":{"0":0,"1":0,"2":0,"3":0},"f":{},"b":{}}
,"/home/ipp/projects/cryptobeast-reactjs/client/src/variables/styles/tableStyle.jsx": {"path":"/home/ipp/projects/cryptobeast-reactjs/client/src/variables/styles/tableStyle.jsx","statementMap":{"0":{"start":{"line":16,"column":19},"end":{"line":62,"column":2}},"1":{"start":{"line":16,"column":29},"end":{"line":62,"column":1}}},"fnMap":{"0":{"name":"(anonymous_0)","decl":{"start":{"line":16,"column":19},"end":{"line":16,"column":20}},"loc":{"start":{"line":16,"column":29},"end":{"line":62,"column":1}},"line":16}},"branchMap":{},"s":{"0":4,"1":0},"f":{"0":0},"b":{},"_coverageSchema":"332fd63041d2c1bcb487cc26dd0d5f7d97098a6c","hash":"454c21561105d3da5ab21419bb90db23356587c0"}
,"/home/ipp/projects/cryptobeast-reactjs/client/src/variables/styles/tasksStyle.jsx": {"path":"/home/ipp/projects/cryptobeast-reactjs/client/src/variables/styles/tasksStyle.jsx","statementMap":{"0":{"start":{"line":1,"column":13},"end":{"line":1,"column":75}},"1":{"start":{"line":5,"column":14},"end":{"line":5,"column":36}},"2":{"start":{"line":7,"column":19},"end":{"line":85,"column":25}},"3":{"start":{"line":88,"column":0},"end":{"line":88,"column":29}}},"fnMap":{},"branchMap":{},"s":{"0":0,"1":0,"2":0,"3":0},"f":{},"b":{}}
,"/home/ipp/projects/cryptobeast-reactjs/client/src/views/Analytics/Analytics.jsx": {"path":"/home/ipp/projects/cryptobeast-reactjs/client/src/views/Analytics/Analytics.jsx","statementMap":{"0":{"start":{"line":1,"column":13},"end":{"line":1,"column":75}},"1":{"start":{"line":1,"column":94},"end":{"line":1,"column":175}},"2":{"start":{"line":1,"column":189},"end":{"line":1,"column":205}},"3":{"start":{"line":1,"column":220},"end":{"line":1,"column":250}},"4":{"start":{"line":3,"column":21},"end":{"line":3,"column":69}},"5":{"start":{"line":3,"column":92},"end":{"line":3,"column":130}},"6":{"start":{"line":3,"column":169},"end":{"line":3,"column":223}},"7":{"start":{"line":5,"column":18},"end":{"line":5,"column":154}},"8":{"start":{"line":5,"column":24},"end":{"line":5,"column":154}},"9":{"start":{"line":5,"column":155},"end":{"line":7,"column":10}}},"fnMap":{"0":{"name":"_interopRequireDefault","decl":{"start":{"line":3,"column":140},"end":{"line":3,"column":162}},"loc":{"start":{"line":3,"column":168},"end":{"line":3,"column":224}},"line":3},"1":{"name":"(anonymous_1)","decl":{"start":{"line":5,"column":18},"end":{"line":5,"column":19}},"loc":{"start":{"line":5,"column":24},"end":{"line":5,"column":154}},"line":5}},"branchMap":{"0":{"loc":{"start":{"line":3,"column":176},"end":{"line":3,"column":222}},"type":"cond-expr","locations":[{"start":{"line":3,"column":200},"end":{"line":3,"column":203}},{"start":{"line":3,"column":206},"end":{"line":3,"column":222}}],"line":3},"1":{"loc":{"start":{"line":3,"column":176},"end":{"line":3,"column":197}},"type":"binary-expr","locations":[{"start":{"line":3,"column":176},"end":{"line":3,"column":179}},{"start":{"line":3,"column":183},"end":{"line":3,"column":197}}],"line":3}},"s":{"0":0,"1":0,"2":0,"3":0,"4":0,"5":0,"6":0,"7":0,"8":0,"9":0},"f":{"0":0,"1":0},"b":{"0":[0,0],"1":[0,0]}}
,"/home/ipp/projects/cryptobeast-reactjs/client/src/views/AssetMovements/AssetMovements.jsx": {"path":"/home/ipp/projects/cryptobeast-reactjs/client/src/views/AssetMovements/AssetMovements.jsx","statementMap":{"0":{"start":{"line":7,"column":23},"end":{"line":30,"column":1}},"1":{"start":{"line":8,"column":2},"end":{"line":29,"column":9}}},"fnMap":{"0":{"name":"(anonymous_0)","decl":{"start":{"line":7,"column":23},"end":{"line":7,"column":24}},"loc":{"start":{"line":8,"column":2},"end":{"line":29,"column":9}},"line":8}},"branchMap":{},"s":{"0":1,"1":1},"f":{"0":1},"b":{},"_coverageSchema":"332fd63041d2c1bcb487cc26dd0d5f7d97098a6c","hash":"79e620e541c15e6d80893b12f9216a0993269993"}
,"/home/ipp/projects/cryptobeast-reactjs/client/src/views/Investors/Investors.jsx": {"path":"/home/ipp/projects/cryptobeast-reactjs/client/src/views/Investors/Investors.jsx","statementMap":{"0":{"start":{"line":18,"column":15},"end":{"line":47,"column":2}},"1":{"start":{"line":18,"column":22},"end":{"line":47,"column":1}},"2":{"start":{"line":50,"column":18},"end":{"line":88,"column":1}},"3":{"start":{"line":51,"column":2},"end":{"line":87,"column":9}}},"fnMap":{"0":{"name":"(anonymous_0)","decl":{"start":{"line":18,"column":15},"end":{"line":18,"column":16}},"loc":{"start":{"line":18,"column":22},"end":{"line":47,"column":1}},"line":18},"1":{"name":"(anonymous_1)","decl":{"start":{"line":50,"column":18},"end":{"line":50,"column":19}},"loc":{"start":{"line":51,"column":2},"end":{"line":87,"column":9}},"line":51}},"branchMap":{},"s":{"0":1,"1":1,"2":1,"3":0},"f":{"0":1,"1":0},"b":{},"_coverageSchema":"332fd63041d2c1bcb487cc26dd0d5f7d97098a6c","hash":"4d3959b24f7b1b3ed665946b0d404734f34e9c2f"}
,"/home/ipp/projects/cryptobeast-reactjs/client/src/views/Ledgers/Ledgers.jsx": {"path":"/home/ipp/projects/cryptobeast-reactjs/client/src/views/Ledgers/Ledgers.jsx","statementMap":{"0":{"start":{"line":10,"column":2},"end":{"line":16,"column":4}}},"fnMap":{"0":{"name":"Ledgers","decl":{"start":{"line":9,"column":9},"end":{"line":9,"column":16}},"loc":{"start":{"line":9,"column":19},"end":{"line":17,"column":1}},"line":9}},"branchMap":{},"s":{"0":0},"f":{"0":0},"b":{},"_coverageSchema":"332fd63041d2c1bcb487cc26dd0d5f7d97098a6c","hash":"1c7dd972d8ec1f34877fbd8abb7afd725738e1df"}
,"/home/ipp/projects/cryptobeast-reactjs/client/src/views/Settings/Settings.jsx": {"path":"/home/ipp/projects/cryptobeast-reactjs/client/src/views/Settings/Settings.jsx","statementMap":{"0":{"start":{"line":23,"column":17},"end":{"line":95,"column":3}},"1":{"start":{"line":24,"column":29},"end":{"line":28,"column":3}},"2":{"start":{"line":25,"column":4},"end":{"line":25,"column":43}},"3":{"start":{"line":26,"column":4},"end":{"line":26,"column":42}},"4":{"start":{"line":27,"column":4},"end":{"line":27,"column":47}},"5":{"start":{"line":30,"column":2},"end":{"line":94,"column":4}},"6":{"start":{"line":87,"column":54},"end":{"line":87,"column":74}}},"fnMap":{"0":{"name":"(anonymous_0)","decl":{"start":{"line":23,"column":48},"end":{"line":23,"column":49}},"loc":{"start":{"line":23,"column":73},"end":{"line":95,"column":1}},"line":23},"1":{"name":"(anonymous_1)","decl":{"start":{"line":24,"column":29},"end":{"line":24,"column":30}},"loc":{"start":{"line":24,"column":35},"end":{"line":28,"column":3}},"line":24},"2":{"name":"(anonymous_2)","decl":{"start":{"line":87,"column":48},"end":{"line":87,"column":49}},"loc":{"start":{"line":87,"column":54},"end":{"line":87,"column":74}},"line":87}},"branchMap":{},"s":{"0":1,"1":0,"2":0,"3":0,"4":0,"5":0,"6":0},"f":{"0":0,"1":0,"2":0},"b":{},"_coverageSchema":"332fd63041d2c1bcb487cc26dd0d5f7d97098a6c","hash":"09fd4555e045dcb2fb4e9b4ee52d6eece97caae1"}
,"/home/ipp/projects/cryptobeast-reactjs/client/src/views/Simulator/Simulator.jsx": {"path":"/home/ipp/projects/cryptobeast-reactjs/client/src/views/Simulator/Simulator.jsx","statementMap":{"0":{"start":{"line":7,"column":2},"end":{"line":13,"column":4}}},"fnMap":{"0":{"name":"Simulator","decl":{"start":{"line":6,"column":9},"end":{"line":6,"column":18}},"loc":{"start":{"line":6,"column":21},"end":{"line":14,"column":1}},"line":6}},"branchMap":{},"s":{"0":1},"f":{"0":1},"b":{},"_coverageSchema":"332fd63041d2c1bcb487cc26dd0d5f7d97098a6c","hash":"26abc0b744dfa906f632ac2e922254b12c82d14b"}
,"/home/ipp/projects/cryptobeast-reactjs/client/src/views/Summary/Summary.jsx": {"path":"/home/ipp/projects/cryptobeast-reactjs/client/src/views/Summary/Summary.jsx","statementMap":{"0":{"start":{"line":1,"column":13},"end":{"line":1,"column":75}},"1":{"start":{"line":1,"column":94},"end":{"line":1,"column":171}},"2":{"start":{"line":2,"column":13},"end":{"line":2,"column":29}},"3":{"start":{"line":2,"column":44},"end":{"line":2,"column":74}},"4":{"start":{"line":3,"column":18},"end":{"line":3,"column":40}},"5":{"start":{"line":4,"column":17},"end":{"line":4,"column":38}},"6":{"start":{"line":6,"column":20},"end":{"line":6,"column":68}},"7":{"start":{"line":6,"column":90},"end":{"line":6,"column":127}},"8":{"start":{"line":8,"column":21},"end":{"line":8,"column":84}},"9":{"start":{"line":8,"column":107},"end":{"line":8,"column":145}},"10":{"start":{"line":9,"column":17},"end":{"line":9,"column":76}},"11":{"start":{"line":9,"column":95},"end":{"line":9,"column":129}},"12":{"start":{"line":10,"column":16},"end":{"line":10,"column":74}},"13":{"start":{"line":10,"column":92},"end":{"line":10,"column":125}},"14":{"start":{"line":11,"column":18},"end":{"line":11,"column":78}},"15":{"start":{"line":11,"column":98},"end":{"line":11,"column":133}},"16":{"start":{"line":12,"column":25},"end":{"line":12,"column":92}},"17":{"start":{"line":12,"column":119},"end":{"line":12,"column":161}},"18":{"start":{"line":13,"column":19},"end":{"line":13,"column":74}},"19":{"start":{"line":13,"column":95},"end":{"line":13,"column":131}},"20":{"start":{"line":14,"column":22},"end":{"line":14,"column":80}},"21":{"start":{"line":14,"column":104},"end":{"line":14,"column":143}},"22":{"start":{"line":15,"column":19},"end":{"line":15,"column":65}},"23":{"start":{"line":15,"column":86},"end":{"line":15,"column":122}},"24":{"start":{"line":16,"column":29},"end":{"line":16,"column":93}},"25":{"start":{"line":16,"column":124},"end":{"line":16,"column":170}},"26":{"start":{"line":16,"column":209},"end":{"line":16,"column":263}},"27":{"start":{"line":16,"column":323},"end":{"line":16,"column":325}},"28":{"start":{"line":16,"column":326},"end":{"line":16,"column":461}},"29":{"start":{"line":16,"column":346},"end":{"line":16,"column":381}},"30":{"start":{"line":16,"column":372},"end":{"line":16,"column":381}},"31":{"start":{"line":16,"column":381},"end":{"line":16,"column":441}},"32":{"start":{"line":16,"column":432},"end":{"line":16,"column":441}},"33":{"start":{"line":16,"column":441},"end":{"line":16,"column":460}},"34":{"start":{"line":16,"column":461},"end":{"line":16,"column":475}},"35":{"start":{"line":18,"column":15},"end":{"line":35,"column":27}},"36":{"start":{"line":18,"column":22},"end":{"line":35,"column":26}},"37":{"start":{"line":44,"column":16},"end":{"line":135,"column":3}},"38":{"start":{"line":44,"column":105},"end":{"line":44,"column":139}},"39":{"start":{"line":45,"column":12},"end":{"line":45,"column":25}},"40":{"start":{"line":45,"column":43},"end":{"line":45,"column":63}},"41":{"start":{"line":46,"column":28},"end":{"line":54,"column":3}},"42":{"start":{"line":47,"column":4},"end":{"line":53,"column":5}},"43":{"start":{"line":48,"column":6},"end":{"line":48,"column":80}},"44":{"start":{"line":49,"column":11},"end":{"line":53,"column":5}},"45":{"start":{"line":50,"column":6},"end":{"line":50,"column":76}},"46":{"start":{"line":52,"column":6},"end":{"line":52,"column":122}},"47":{"start":{"line":55,"column":2},"end":{"line":127,"column":109}},"48":{"start":{"line":135,"column":4},"end":{"line":137,"column":69}}},"fnMap":{"0":{"name":"_interopRequireDefault","decl":{"start":{"line":16,"column":180},"end":{"line":16,"column":202}},"loc":{"start":{"line":16,"column":208},"end":{"line":16,"column":264}},"line":16},"1":{"name":"_objectWithoutProperties","decl":{"start":{"line":16,"column":273},"end":{"line":16,"column":297}},"loc":{"start":{"line":16,"column":309},"end":{"line":16,"column":476}},"line":16},"2":{"name":"(anonymous_2)","decl":{"start":{"line":18,"column":15},"end":{"line":18,"column":16}},"loc":{"start":{"line":18,"column":22},"end":{"line":35,"column":26}},"line":18},"3":{"name":"(anonymous_3)","decl":{"start":{"line":44,"column":82},"end":{"line":44,"column":83}},"loc":{"start":{"line":44,"column":92},"end":{"line":135,"column":1}},"line":44},"4":{"name":"(anonymous_4)","decl":{"start":{"line":46,"column":28},"end":{"line":46,"column":29}},"loc":{"start":{"line":46,"column":34},"end":{"line":54,"column":3}},"line":46}},"branchMap":{"0":{"loc":{"start":{"line":16,"column":216},"end":{"line":16,"column":262}},"type":"cond-expr","locations":[{"start":{"line":16,"column":240},"end":{"line":16,"column":243}},{"start":{"line":16,"column":246},"end":{"line":16,"column":262}}],"line":16},"1":{"loc":{"start":{"line":16,"column":216},"end":{"line":16,"column":237}},"type":"binary-expr","locations":[{"start":{"line":16,"column":216},"end":{"line":16,"column":219}},{"start":{"line":16,"column":223},"end":{"line":16,"column":237}}],"line":16},"2":{"loc":{"start":{"line":16,"column":346},"end":{"line":16,"column":381}},"type":"if","locations":[{"start":{"line":16,"column":346},"end":{"line":16,"column":381}},{"start":{"line":16,"column":346},"end":{"line":16,"column":381}}],"line":16},"3":{"loc":{"start":{"line":16,"column":381},"end":{"line":16,"column":441}},"type":"if","locations":[{"start":{"line":16,"column":381},"end":{"line":16,"column":441}},{"start":{"line":16,"column":381},"end":{"line":16,"column":441}}],"line":16},"4":{"loc":{"start":{"line":47,"column":4},"end":{"line":53,"column":5}},"type":"if","locations":[{"start":{"line":47,"column":4},"end":{"line":53,"column":5}},{"start":{"line":47,"column":4},"end":{"line":53,"column":5}}],"line":47},"5":{"loc":{"start":{"line":47,"column":8},"end":{"line":47,"column":104}},"type":"binary-expr","locations":[{"start":{"line":47,"column":8},"end":{"line":47,"column":56}},{"start":{"line":47,"column":60},"end":{"line":47,"column":104}}],"line":47},"6":{"loc":{"start":{"line":49,"column":11},"end":{"line":53,"column":5}},"type":"if","locations":[{"start":{"line":49,"column":11},"end":{"line":53,"column":5}},{"start":{"line":49,"column":11},"end":{"line":53,"column":5}}],"line":49},"7":{"loc":{"start":{"line":49,"column":15},"end":{"line":49,"column":111}},"type":"binary-expr","locations":[{"start":{"line":49,"column":15},"end":{"line":49,"column":61}},{"start":{"line":49,"column":65},"end":{"line":49,"column":111}}],"line":49},"8":{"loc":{"start":{"line":63,"column":25},"end":{"line":65,"column":13}},"type":"cond-expr","locations":[{"start":{"line":64,"column":12},"end":{"line":64,"column":51}},{"start":{"line":65,"column":12},"end":{"line":65,"column":13}}],"line":63},"9":{"loc":{"start":{"line":72,"column":25},"end":{"line":74,"column":19}},"type":"cond-expr","locations":[{"start":{"line":73,"column":12},"end":{"line":73,"column":124}},{"start":{"line":74,"column":12},"end":{"line":74,"column":19}}],"line":72},"10":{"loc":{"start":{"line":73,"column":12},"end":{"line":73,"column":124}},"type":"cond-expr","locations":[{"start":{"line":73,"column":56},"end":{"line":73,"column":114}},{"start":{"line":73,"column":117},"end":{"line":73,"column":124}}],"line":73},"11":{"loc":{"start":{"line":81,"column":29},"end":{"line":81,"column":86}},"type":"binary-expr","locations":[{"start":{"line":81,"column":29},"end":{"line":81,"column":80}},{"start":{"line":81,"column":84},"end":{"line":81,"column":86}}],"line":81},"12":{"loc":{"start":{"line":97,"column":25},"end":{"line":99,"column":55}},"type":"cond-expr","locations":[{"start":{"line":98,"column":12},"end":{"line":98,"column":56}},{"start":{"line":99,"column":12},"end":{"line":99,"column":55}}],"line":97},"13":{"loc":{"start":{"line":100,"column":21},"end":{"line":102,"column":110}},"type":"binary-expr","locations":[{"start":{"line":100,"column":21},"end":{"line":100,"column":69}},{"start":{"line":100,"column":73},"end":{"line":100,"column":117}},{"start":{"line":101,"column":12},"end":{"line":101,"column":58}},{"start":{"line":101,"column":62},"end":{"line":101,"column":108}},{"start":{"line":102,"column":12},"end":{"line":102,"column":60}},{"start":{"line":102,"column":64},"end":{"line":102,"column":110}}],"line":100}},"s":{"0":0,"1":0,"2":0,"3":0,"4":0,"5":0,"6":0,"7":0,"8":0,"9":0,"10":0,"11":0,"12":0,"13":0,"14":0,"15":0,"16":0,"17":0,"18":0,"19":0,"20":0,"21":0,"22":0,"23":0,"24":0,"25":0,"26":0,"27":0,"28":0,"29":0,"30":0,"31":0,"32":0,"33":0,"34":0,"35":0,"36":0,"37":0,"38":0,"39":0,"40":0,"41":0,"42":0,"43":0,"44":0,"45":0,"46":0,"47":0,"48":0},"f":{"0":0,"1":0,"2":0,"3":0,"4":0},"b":{"0":[0,0],"1":[0,0],"2":[0,0],"3":[0,0],"4":[0,0],"5":[0,0],"6":[0,0],"7":[0,0],"8":[0,0],"9":[0,0],"10":[0,0],"11":[0,0],"12":[0,0],"13":[0,0,0,0,0,0]}}
,"/home/ipp/projects/cryptobeast-reactjs/client/src/views/TransactionHistory/TransactionHistory.jsx": {"path":"/home/ipp/projects/cryptobeast-reactjs/client/src/views/TransactionHistory/TransactionHistory.jsx","statementMap":{"0":{"start":{"line":9,"column":14},"end":{"line":28,"column":1}},"1":{"start":{"line":29,"column":27},"end":{"line":39,"column":11}},"2":{"start":{"line":30,"column":3},"end":{"line":39,"column":10}}},"fnMap":{"0":{"name":"(anonymous_0)","decl":{"start":{"line":29,"column":27},"end":{"line":29,"column":28}},"loc":{"start":{"line":30,"column":3},"end":{"line":39,"column":10}},"line":30}},"branchMap":{},"s":{"0":1,"1":1,"2":0},"f":{"0":0},"b":{},"_coverageSchema":"332fd63041d2c1bcb487cc26dd0d5f7d97098a6c","hash":"4f82d9850c9057957802db673640654e1ad06164"}
}
