TN:
SF:/home/ipp/projects/cryptobeast-reactjs/client/src/index.js
FN:20,_interopRequireDefault
FN:43,(anonymous_1)
FNF:2
FNH:0
FNDA:0,_interopRequireDefault
FNDA:0,(anonymous_1)
DA:1,0
DA:2,0
DA:3,0
DA:4,0
DA:5,0
DA:6,0
DA:8,0
DA:9,0
DA:10,0
DA:11,0
DA:13,0
DA:14,0
DA:15,0
DA:16,0
DA:17,0
DA:18,0
DA:19,0
DA:20,0
DA:22,0
DA:35,0
DA:37,0
DA:39,0
DA:43,0
LF:23
LH:0
BRDA:20,0,0,0
BRDA:20,0,1,0
BRDA:20,1,0,0
BRDA:20,1,1,0
BRF:4
BRH:0
end_of_record
TN:
SF:/home/ipp/projects/cryptobeast-reactjs/client/src/registerServiceWorker.js
FN:120,register
FN:124,(anonymous_1)
FN:127,(anonymous_2)
FN:128,registerValidSW
FN:128,(anonymous_4)
FN:128,(anonymous_5)
FN:128,(anonymous_6)
FN:135,(anonymous_7)
FN:135,checkValidServiceWorker
FN:136,(anonymous_9)
FN:138,(anonymous_10)
FN:138,(anonymous_11)
FN:139,(anonymous_12)
FN:139,unregister
FN:139,(anonymous_14)
FNF:15
FNH:0
FNDA:0,register
FNDA:0,(anonymous_1)
FNDA:0,(anonymous_2)
FNDA:0,registerValidSW
FNDA:0,(anonymous_4)
FNDA:0,(anonymous_5)
FNDA:0,(anonymous_6)
FNDA:0,(anonymous_7)
FNDA:0,checkValidServiceWorker
FNDA:0,(anonymous_9)
FNDA:0,(anonymous_10)
FNDA:0,(anonymous_11)
FNDA:0,(anonymous_12)
FNDA:0,unregister
FNDA:0,(anonymous_14)
DA:1,0
DA:21,0
DA:118,0
DA:120,0
DA:121,0
DA:124,0
DA:125,0
DA:127,0
DA:128,0
DA:132,0
DA:135,0
DA:136,0
DA:137,0
DA:138,0
DA:139,0
LF:15
LH:0
BRDA:118,0,0,0
BRDA:118,0,1,0
BRDA:118,0,2,0
BRDA:120,1,0,0
BRDA:120,1,1,0
BRDA:120,2,0,0
BRDA:120,2,1,0
BRDA:121,3,0,0
BRDA:121,3,1,0
BRDA:124,4,0,0
BRDA:124,4,1,0
BRDA:128,5,0,0
BRDA:128,5,1,0
BRDA:128,6,0,0
BRDA:128,6,1,0
BRDA:137,7,0,0
BRDA:137,7,1,0
BRDA:137,8,0,0
BRDA:137,8,1,0
BRDA:139,9,0,0
BRDA:139,9,1,0
BRF:21
BRH:0
end_of_record
TN:
SF:/home/ipp/projects/cryptobeast-reactjs/client/src/setupTests.js
FNF:0
FNH:0
DA:6,6
LF:1
LH:1
BRF:0
BRH:0
end_of_record
TN:
SF:/home/ipp/projects/cryptobeast-reactjs/client/src/tempPolyfills.js
FN:2,(anonymous_0)
FNF:1
FNH:0
FNDA:0,(anonymous_0)
DA:2,6
DA:3,0
LF:2
LH:1
BRF:0
BRH:0
end_of_record
TN:
SF:/home/ipp/projects/cryptobeast-reactjs/client/src/components/index.js
FNF:0
FNH:0
LF:0
LH:0
BRF:0
BRH:0
end_of_record
TN:
SF:/home/ipp/projects/cryptobeast-reactjs/client/src/components/Cards/RegularCard.jsx
FN:25,RegularCard
FNF:1
FNH:0
FNDA:0,RegularCard
DA:34,0
DA:36,0
DA:40,0
DA:44,0
LF:4
LH:0
BRDA:28,0,0,0
BRF:1
BRH:0
end_of_record
TN:
SF:/home/ipp/projects/cryptobeast-reactjs/client/src/components/Cards/TimeSettings.jsx
FN:10,(anonymous_0)
FN:35,(anonymous_1)
FN:38,(anonymous_2)
FN:75,(anonymous_3)
FNF:4
FNH:0
FNDA:0,(anonymous_0)
FNDA:0,(anonymous_1)
FNDA:0,(anonymous_2)
FNDA:0,(anonymous_3)
DA:10,1
DA:35,1
DA:36,0
DA:38,0
DA:39,0
DA:42,0
DA:75,0
LF:7
LH:2
BRF:0
BRH:0
end_of_record
TN:
SF:/home/ipp/projects/cryptobeast-reactjs/client/src/components/Cards/Analytics/SummaryPerformanceCard.jsx
FN:7,_interopRequireDefault
FN:7,_objectWithoutProperties
FN:9,(anonymous_2)
FN:28,(anonymous_3)
FNF:4
FNH:0
FNDA:0,_interopRequireDefault
FNDA:0,_objectWithoutProperties
FNDA:0,(anonymous_2)
FNDA:0,(anonymous_3)
DA:1,0
DA:2,0
DA:3,0
DA:7,0
DA:9,0
DA:28,0
DA:29,0
DA:31,0
DA:67,0
LF:9
LH:0
BRDA:7,0,0,0
BRDA:7,0,1,0
BRDA:7,1,0,0
BRDA:7,1,1,0
BRDA:7,2,0,0
BRDA:7,2,1,0
BRDA:7,3,0,0
BRDA:7,3,1,0
BRF:8
BRH:0
end_of_record
TN:
SF:/home/ipp/projects/cryptobeast-reactjs/client/src/components/Cards/Assets/AssetAllocation.jsx
FN:16,(anonymous_0)
FN:61,(anonymous_1)
FN:65,(anonymous_2)
FN:76,(anonymous_3)
FN:76,(anonymous_4)
FN:83,(anonymous_5)
FN:87,(anonymous_6)
FN:95,(anonymous_7)
FN:103,(anonymous_8)
FN:112,(anonymous_9)
FN:113,(anonymous_10)
FN:114,(anonymous_11)
FNF:12
FNH:0
FNDA:0,(anonymous_0)
FNDA:0,(anonymous_1)
FNDA:0,(anonymous_2)
FNDA:0,(anonymous_3)
FNDA:0,(anonymous_4)
FNDA:0,(anonymous_5)
FNDA:0,(anonymous_6)
FNDA:0,(anonymous_7)
FNDA:0,(anonymous_8)
FNDA:0,(anonymous_9)
FNDA:0,(anonymous_10)
FNDA:0,(anonymous_11)
DA:16,1
DA:62,0
DA:66,0
DA:70,0
DA:71,0
DA:72,0
DA:76,0
DA:77,0
DA:78,0
DA:80,0
DA:84,0
DA:88,0
DA:89,0
DA:91,0
DA:96,0
DA:97,0
DA:99,0
DA:108,0
DA:109,0
DA:110,0
DA:111,0
DA:112,0
DA:113,0
DA:114,0
DA:116,0
LF:25
LH:1
BRDA:88,0,0,0
BRDA:88,0,1,0
BRDA:96,1,0,0
BRDA:96,1,1,0
BRDA:113,2,0,0
BRDA:113,2,1,0
BRDA:141,3,0,0
BRDA:141,3,1,0
BRDA:223,4,0,0
BRDA:223,4,1,0
BRDA:223,4,2,0
BRDA:223,4,3,0
BRDA:223,4,4,0
BRF:13
BRH:0
end_of_record
TN:
SF:/home/ipp/projects/cryptobeast-reactjs/client/src/components/Cards/Assets/AssetInput.jsx
FN:15,(anonymous_0)
FN:53,(anonymous_1)
FN:60,(anonymous_2)
FN:70,(anonymous_3)
FN:74,(anonymous_4)
FN:82,(anonymous_5)
FN:86,(anonymous_6)
FN:87,(anonymous_7)
FN:88,(anonymous_8)
FN:116,(anonymous_9)
FNF:10
FNH:0
FNDA:0,(anonymous_0)
FNDA:0,(anonymous_1)
FNDA:0,(anonymous_2)
FNDA:0,(anonymous_3)
FNDA:0,(anonymous_4)
FNDA:0,(anonymous_5)
FNDA:0,(anonymous_6)
FNDA:0,(anonymous_7)
FNDA:0,(anonymous_8)
FNDA:0,(anonymous_9)
DA:15,1
DA:54,0
DA:55,0
DA:57,0
DA:61,0
DA:63,0
DA:64,0
DA:65,0
DA:66,0
DA:71,0
DA:75,0
DA:76,0
DA:78,0
DA:83,0
DA:84,0
DA:85,0
DA:86,0
DA:87,0
DA:88,0
DA:89,0
DA:116,0
LF:21
LH:1
BRDA:63,0,0,0
BRDA:63,0,1,0
BRDA:75,1,0,0
BRDA:75,1,1,0
BRDA:87,2,0,0
BRDA:87,2,1,0
BRDA:102,3,0,0
BRDA:102,3,1,0
BRDA:146,4,0,0
BRDA:146,4,1,0
BRF:10
BRH:0
end_of_record
TN:
SF:/home/ipp/projects/cryptobeast-reactjs/client/src/components/Cards/History/TradeHistory.jsx
FN:10,(anonymous_0)
FN:25,(anonymous_1)
FN:30,(anonymous_2)
FNF:3
FNH:0
FNDA:0,(anonymous_0)
FNDA:0,(anonymous_1)
FNDA:0,(anonymous_2)
DA:10,1
DA:26,0
DA:28,0
DA:30,0
DA:35,0
DA:50,0
LF:6
LH:1
BRDA:28,0,0,0
BRDA:28,0,1,0
BRDA:30,1,0,0
BRDA:30,1,1,0
BRF:4
BRH:0
end_of_record
TN:
SF:/home/ipp/projects/cryptobeast-reactjs/client/src/components/Cards/Investors/IndividualSummary.jsx
FN:9,(anonymous_0)
FN:48,(anonymous_1)
FN:52,(anonymous_2)
FN:56,(anonymous_3)
FNF:4
FNH:0
FNDA:0,(anonymous_0)
FNDA:0,(anonymous_1)
FNDA:0,(anonymous_2)
FNDA:0,(anonymous_3)
DA:9,1
DA:53,0
DA:57,0
DA:59,0
LF:4
LH:1
BRDA:67,0,0,0
BRDA:67,0,1,0
BRDA:88,1,0,0
BRDA:88,1,1,0
BRDA:107,2,0,0
BRDA:107,2,1,0
BRDA:112,3,0,0
BRDA:112,3,1,0
BRDA:124,4,0,0
BRDA:124,4,1,0
BRF:10
BRH:0
end_of_record
TN:
SF:/home/ipp/projects/cryptobeast-reactjs/client/src/components/Cards/Investors/IndividualSummaryWrapper.jsx
FN:11,(anonymous_0)
FN:26,(anonymous_1)
FN:31,(anonymous_2)
FNF:3
FNH:0
FNDA:0,(anonymous_0)
FNDA:0,(anonymous_1)
FNDA:0,(anonymous_2)
DA:11,1
DA:27,0
DA:29,0
DA:31,0
DA:35,0
DA:49,0
LF:6
LH:1
BRDA:29,0,0,0
BRDA:29,0,1,0
BRF:2
BRH:0
end_of_record
TN:
SF:/home/ipp/projects/cryptobeast-reactjs/client/src/components/Cards/Summary/AssetBreakdown.jsx
FN:12,_interopRequireDefault
FN:15,(anonymous_1)
FN:44,(anonymous_2)
FN:47,(anonymous_3)
FNF:4
FNH:0
FNDA:0,_interopRequireDefault
FNDA:0,(anonymous_1)
FNDA:0,(anonymous_2)
FNDA:0,(anonymous_3)
DA:1,0
DA:2,0
DA:3,0
DA:4,0
DA:5,0
DA:12,0
DA:15,0
DA:44,0
DA:48,0
DA:50,0
DA:85,0
LF:11
LH:0
BRDA:12,0,0,0
BRDA:12,0,1,0
BRDA:12,1,0,0
BRDA:12,1,1,0
BRDA:44,2,0,0
BRDA:44,2,1,0
BRDA:44,3,0,0
BRDA:44,3,1,0
BRF:8
BRH:0
end_of_record
TN:
SF:/home/ipp/projects/cryptobeast-reactjs/client/src/components/Cards/Summary/SummaryCard.jsx
FN:15,_interopRequireDefault
FN:17,(anonymous_1)
FN:87,(anonymous_2)
FN:96,(anonymous_3)
FN:100,(anonymous_4)
FN:105,(anonymous_5)
FN:115,(anonymous_6)
FNF:7
FNH:0
FNDA:0,_interopRequireDefault
FNDA:0,(anonymous_1)
FNDA:0,(anonymous_2)
FNDA:0,(anonymous_3)
FNDA:0,(anonymous_4)
FNDA:0,(anonymous_5)
FNDA:0,(anonymous_6)
DA:1,0
DA:2,0
DA:3,0
DA:12,0
DA:15,0
DA:17,0
DA:87,0
DA:97,0
DA:101,0
DA:112,0
DA:113,0
DA:114,0
DA:115,0
DA:116,0
DA:118,0
DA:119,0
DA:120,0
DA:121,0
DA:124,0
DA:127,0
DA:180,0
LF:21
LH:0
BRDA:15,0,0,0
BRDA:15,0,1,0
BRDA:15,1,0,0
BRDA:15,1,1,0
BRDA:118,2,0,0
BRDA:118,2,1,0
BRDA:118,3,0,0
BRDA:118,3,1,0
BRDA:120,4,0,0
BRDA:120,4,1,0
BRDA:120,5,0,0
BRDA:120,5,1,0
BRDA:139,6,0,0
BRDA:139,6,1,0
BRDA:172,7,0,0
BRDA:172,7,1,0
BRF:16
BRH:0
end_of_record
TN:
SF:/home/ipp/projects/cryptobeast-reactjs/client/src/components/CustomButtons/Button.jsx
FN:17,RegularButton
FNF:1
FNH:0
FNDA:0,RegularButton
DA:26,0
DA:27,0
DA:33,0
LF:3
LH:0
BRF:0
BRH:0
end_of_record
TN:
SF:/home/ipp/projects/cryptobeast-reactjs/client/src/components/CustomButtons/ExportPdfButton.jsx
FN:16,ExportPdfButton
FNF:1
FNH:0
FNDA:0,ExportPdfButton
DA:17,0
DA:19,0
LF:2
LH:0
BRF:0
BRH:0
end_of_record
TN:
SF:/home/ipp/projects/cryptobeast-reactjs/client/src/components/CustomButtons/IconButton.jsx
FN:15,IconCustomButton
FNF:1
FNH:0
FNDA:0,IconCustomButton
DA:16,0
DA:17,0
LF:2
LH:0
BRDA:22,0,0,0
BRDA:22,0,1,0
BRDA:23,1,0,0
BRDA:23,1,1,0
BRF:4
BRH:0
end_of_record
TN:
SF:/home/ipp/projects/cryptobeast-reactjs/client/src/components/CustomButtons/InvestorCardButton.jsx
FN:17,InvestorCardButton
FNF:1
FNH:0
FNDA:0,InvestorCardButton
DA:26,0
DA:27,0
DA:33,0
LF:3
LH:0
BRF:0
BRH:0
end_of_record
TN:
SF:/home/ipp/projects/cryptobeast-reactjs/client/src/components/CustomElements/InvestorCard.jsx
FN:16,InvestorCard
FNF:1
FNH:0
FNDA:0,InvestorCard
DA:17,0
DA:18,0
LF:2
LH:0
BRF:0
BRH:0
end_of_record
TN:
SF:/home/ipp/projects/cryptobeast-reactjs/client/src/components/CustomIcons/AnalyticsIcon.jsx
FN:3,_interopRequireDefault
FN:6,(anonymous_1)
FN:6,(anonymous_2)
FNF:3
FNH:0
FNDA:0,_interopRequireDefault
FNDA:0,(anonymous_1)
FNDA:0,(anonymous_2)
DA:1,0
DA:2,0
DA:3,0
DA:6,0
DA:7,0
DA:13,0
DA:17,0
LF:7
LH:0
BRDA:3,0,0,0
BRDA:3,0,1,0
BRDA:3,1,0,0
BRDA:3,1,1,0
BRDA:6,2,0,0
BRF:5
BRH:0
end_of_record
TN:
SF:/home/ipp/projects/cryptobeast-reactjs/client/src/components/CustomIcons/HistoryIcon.jsx
FN:3,_interopRequireDefault
FN:6,(anonymous_1)
FN:6,(anonymous_2)
FNF:3
FNH:0
FNDA:0,_interopRequireDefault
FNDA:0,(anonymous_1)
FNDA:0,(anonymous_2)
DA:1,0
DA:2,0
DA:3,0
DA:6,0
DA:7,0
DA:13,0
DA:17,0
LF:7
LH:0
BRDA:3,0,0,0
BRDA:3,0,1,0
BRDA:3,1,0,0
BRDA:3,1,1,0
BRDA:6,2,0,0
BRF:5
BRH:0
end_of_record
TN:
SF:/home/ipp/projects/cryptobeast-reactjs/client/src/components/CustomIcons/InvestorsIcon.jsx
FN:3,_interopRequireDefault
FN:6,(anonymous_1)
FN:6,(anonymous_2)
FNF:3
FNH:0
FNDA:0,_interopRequireDefault
FNDA:0,(anonymous_1)
FNDA:0,(anonymous_2)
DA:1,0
DA:2,0
DA:3,0
DA:6,0
DA:7,0
DA:13,0
DA:20,0
LF:7
LH:0
BRDA:3,0,0,0
BRDA:3,0,1,0
BRDA:3,1,0,0
BRDA:3,1,1,0
BRDA:6,2,0,0
BRF:5
BRH:0
end_of_record
TN:
SF:/home/ipp/projects/cryptobeast-reactjs/client/src/components/CustomIcons/LedgersIcon.jsx
FN:3,_interopRequireDefault
FN:6,(anonymous_1)
FN:6,(anonymous_2)
FNF:3
FNH:0
FNDA:0,_interopRequireDefault
FNDA:0,(anonymous_1)
FNDA:0,(anonymous_2)
DA:1,0
DA:2,0
DA:3,0
DA:6,0
DA:7,0
DA:13,0
DA:21,0
LF:7
LH:0
BRDA:3,0,0,0
BRDA:3,0,1,0
BRDA:3,1,0,0
BRDA:3,1,1,0
BRDA:6,2,0,0
BRF:5
BRH:0
end_of_record
TN:
SF:/home/ipp/projects/cryptobeast-reactjs/client/src/components/CustomIcons/MarketIcon.jsx
FN:3,_interopRequireDefault
FN:6,(anonymous_1)
FN:6,(anonymous_2)
FNF:3
FNH:0
FNDA:0,_interopRequireDefault
FNDA:0,(anonymous_1)
FNDA:0,(anonymous_2)
DA:1,0
DA:2,0
DA:3,0
DA:6,0
DA:7,0
DA:13,0
DA:18,0
LF:7
LH:0
BRDA:3,0,0,0
BRDA:3,0,1,0
BRDA:3,1,0,0
BRDA:3,1,1,0
BRDA:6,2,0,0
BRF:5
BRH:0
end_of_record
TN:
SF:/home/ipp/projects/cryptobeast-reactjs/client/src/components/CustomIcons/SettingsIcon.jsx
FN:3,_interopRequireDefault
FN:6,(anonymous_1)
FN:6,(anonymous_2)
FNF:3
FNH:0
FNDA:0,_interopRequireDefault
FNDA:0,(anonymous_1)
FNDA:0,(anonymous_2)
DA:1,0
DA:2,0
DA:3,0
DA:6,0
DA:7,0
DA:13,0
DA:17,0
LF:7
LH:0
BRDA:3,0,0,0
BRDA:3,0,1,0
BRDA:3,1,0,0
BRDA:3,1,1,0
BRDA:6,2,0,0
BRF:5
BRH:0
end_of_record
TN:
SF:/home/ipp/projects/cryptobeast-reactjs/client/src/components/CustomIcons/SimulatorIcon.jsx
FN:3,_interopRequireDefault
FN:6,(anonymous_1)
FN:6,(anonymous_2)
FNF:3
FNH:0
FNDA:0,_interopRequireDefault
FNDA:0,(anonymous_1)
FNDA:0,(anonymous_2)
DA:1,0
DA:2,0
DA:3,0
DA:6,0
DA:7,0
DA:13,0
DA:19,0
LF:7
LH:0
BRDA:3,0,0,0
BRDA:3,0,1,0
BRDA:3,1,0,0
BRDA:3,1,1,0
BRDA:6,2,0,0
BRF:5
BRH:0
end_of_record
TN:
SF:/home/ipp/projects/cryptobeast-reactjs/client/src/components/CustomIcons/SummaryIcon.jsx
FN:4,_interopRequireDefault
FN:7,(anonymous_1)
FN:7,(anonymous_2)
FNF:3
FNH:0
FNDA:0,_interopRequireDefault
FNDA:0,(anonymous_1)
FNDA:0,(anonymous_2)
DA:1,0
DA:3,0
DA:4,0
DA:7,0
DA:8,0
DA:14,0
DA:19,0
LF:7
LH:0
BRDA:4,0,0,0
BRDA:4,0,1,0
BRDA:4,1,0,0
BRDA:4,1,1,0
BRDA:7,2,0,0
BRF:5
BRH:0
end_of_record
TN:
SF:/home/ipp/projects/cryptobeast-reactjs/client/src/components/CustomIcons/Summary/AnalyticsIcon.jsx
FN:3,_interopRequireDefault
FN:6,(anonymous_1)
FN:6,(anonymous_2)
FNF:3
FNH:0
FNDA:0,_interopRequireDefault
FNDA:0,(anonymous_1)
FNDA:0,(anonymous_2)
DA:1,0
DA:2,0
DA:3,0
DA:6,0
DA:7,0
DA:13,0
DA:14,0
LF:7
LH:0
BRDA:3,0,0,0
BRDA:3,0,1,0
BRDA:3,1,0,0
BRDA:3,1,1,0
BRDA:6,2,0,0
BRF:5
BRH:0
end_of_record
TN:
SF:/home/ipp/projects/cryptobeast-reactjs/client/src/components/CustomIcons/Summary/AscendantBarsIcon.jsx
FN:3,_interopRequireDefault
FN:6,(anonymous_1)
FN:6,(anonymous_2)
FNF:3
FNH:0
FNDA:0,_interopRequireDefault
FNDA:0,(anonymous_1)
FNDA:0,(anonymous_2)
DA:1,0
DA:2,0
DA:3,0
DA:6,0
DA:7,0
DA:13,0
DA:14,0
LF:7
LH:0
BRDA:3,0,0,0
BRDA:3,0,1,0
BRDA:3,1,0,0
BRDA:3,1,1,0
BRDA:6,2,0,0
BRF:5
BRH:0
end_of_record
TN:
SF:/home/ipp/projects/cryptobeast-reactjs/client/src/components/CustomIcons/Summary/CoinIcon.jsx
FN:3,_interopRequireDefault
FN:6,(anonymous_1)
FN:6,(anonymous_2)
FNF:3
FNH:0
FNDA:0,_interopRequireDefault
FNDA:0,(anonymous_1)
FNDA:0,(anonymous_2)
DA:1,0
DA:2,0
DA:3,0
DA:6,0
DA:7,0
DA:13,0
DA:18,0
LF:7
LH:0
BRDA:3,0,0,0
BRDA:3,0,1,0
BRDA:3,1,0,0
BRDA:3,1,1,0
BRDA:6,2,0,0
BRF:5
BRH:0
end_of_record
TN:
SF:/home/ipp/projects/cryptobeast-reactjs/client/src/components/CustomIcons/Summary/DollarIcon.jsx
FN:3,_interopRequireDefault
FN:6,(anonymous_1)
FN:6,(anonymous_2)
FNF:3
FNH:0
FNDA:0,_interopRequireDefault
FNDA:0,(anonymous_1)
FNDA:0,(anonymous_2)
DA:1,0
DA:2,0
DA:3,0
DA:6,0
DA:7,0
DA:13,0
DA:14,0
LF:7
LH:0
BRDA:3,0,0,0
BRDA:3,0,1,0
BRDA:3,1,0,0
BRDA:3,1,1,0
BRDA:6,2,0,0
BRF:5
BRH:0
end_of_record
TN:
SF:/home/ipp/projects/cryptobeast-reactjs/client/src/components/CustomIcons/Summary/DownArrowIcon.jsx
FN:6,(anonymous_0)
FN:6,(anonymous_1)
FNF:2
FNH:1
FNDA:1,(anonymous_0)
FNDA:0,(anonymous_1)
DA:6,1
DA:7,0
DA:13,1
LF:3
LH:2
BRDA:6,0,0,1
BRF:1
BRH:1
end_of_record
TN:
SF:/home/ipp/projects/cryptobeast-reactjs/client/src/components/CustomIcons/Summary/TotalIcon.jsx
FN:3,_interopRequireDefault
FN:6,(anonymous_1)
FN:6,(anonymous_2)
FNF:3
FNH:0
FNDA:0,_interopRequireDefault
FNDA:0,(anonymous_1)
FNDA:0,(anonymous_2)
DA:1,0
DA:2,0
DA:3,0
DA:6,0
DA:7,0
DA:13,0
DA:14,0
LF:7
LH:0
BRDA:3,0,0,0
BRDA:3,0,1,0
BRDA:3,1,0,0
BRDA:3,1,1,0
BRDA:6,2,0,0
BRF:5
BRH:0
end_of_record
TN:
SF:/home/ipp/projects/cryptobeast-reactjs/client/src/components/CustomIcons/Summary/UpArrowIcon.jsx
FN:6,(anonymous_0)
FN:6,(anonymous_1)
FNF:2
FNH:1
FNDA:1,(anonymous_0)
FNDA:0,(anonymous_1)
DA:6,1
DA:7,0
DA:13,1
LF:3
LH:2
BRDA:6,0,0,1
BRF:1
BRH:1
end_of_record
TN:
SF:/home/ipp/projects/cryptobeast-reactjs/client/src/components/CustomRoute/index.js
FN:4,_interopRequireWildcard
FN:4,_objectWithoutProperties
FN:17,(anonymous_2)
FN:23,(anonymous_3)
FNF:4
FNH:0
FNDA:0,_interopRequireWildcard
FNDA:0,_objectWithoutProperties
FNDA:0,(anonymous_2)
FNDA:0,(anonymous_3)
DA:1,0
DA:2,0
DA:3,0
DA:4,0
DA:16,0
DA:18,0
DA:19,0
DA:20,0
DA:24,0
DA:30,0
LF:10
LH:0
BRDA:4,0,0,0
BRDA:4,0,1,0
BRDA:4,1,0,0
BRDA:4,1,1,0
BRDA:4,2,0,0
BRDA:4,2,1,0
BRDA:4,3,0,0
BRDA:4,3,1,0
BRDA:4,4,0,0
BRDA:4,4,1,0
BRDA:4,5,0,0
BRDA:4,5,1,0
BRDA:16,6,0,0
BRDA:16,6,1,0
BRDA:16,7,0,0
BRDA:16,7,1,0
BRDA:24,8,0,0
BRDA:24,8,1,0
BRF:18
BRH:0
end_of_record
TN:
SF:/home/ipp/projects/cryptobeast-reactjs/client/src/components/CustomTables/IntegrationsTable.jsx
FN:24,IntegrationsTable
FN:31,(anonymous_1)
FN:48,(anonymous_2)
FN:50,(anonymous_3)
FNF:4
FNH:0
FNDA:0,IntegrationsTable
FNDA:0,(anonymous_1)
FNDA:0,(anonymous_2)
FNDA:0,(anonymous_3)
DA:27,0
DA:29,0
DA:32,0
DA:43,0
DA:49,0
DA:51,0
DA:52,0
DA:62,0
LF:8
LH:0
BRDA:46,0,0,0
BRDA:46,0,1,0
BRDA:51,1,0,0
BRDA:51,1,1,0
BRF:4
BRH:0
end_of_record
TN:
SF:/home/ipp/projects/cryptobeast-reactjs/client/src/components/CustomTables/PortfolioSummaryTable.jsx
FN:19,(anonymous_0)
FN:79,(anonymous_1)
FN:85,(anonymous_2)
FN:97,(anonymous_3)
FN:99,(anonymous_4)
FNF:5
FNH:0
FNDA:0,(anonymous_0)
FNDA:0,(anonymous_1)
FNDA:0,(anonymous_2)
FNDA:0,(anonymous_3)
FNDA:0,(anonymous_4)
DA:19,1
DA:79,1
DA:80,0
DA:83,0
DA:86,0
DA:97,0
DA:98,0
DA:100,0
DA:101,0
DA:109,0
DA:110,0
DA:111,0
DA:118,0
DA:129,0
DA:138,0
LF:15
LH:2
BRDA:100,0,0,0
BRDA:100,0,1,0
BRDA:109,1,0,0
BRDA:109,1,1,0
BRDA:109,2,0,0
BRDA:109,2,1,0
BRDA:109,2,2,0
BRDA:109,2,3,0
BRDA:110,3,0,0
BRDA:110,3,1,0
BRDA:121,4,0,0
BRDA:121,4,1,0
BRDA:141,5,0,0
BRDA:141,5,1,0
BRF:14
BRH:0
end_of_record
TN:
SF:/home/ipp/projects/cryptobeast-reactjs/client/src/components/CustomTables/PortfoliosTable.jsx
FN:34,(anonymous_0)
FN:39,(anonymous_1)
FN:51,(anonymous_2)
FN:64,(anonymous_3)
FN:72,(anonymous_4)
FN:74,(anonymous_5)
FN:82,(anonymous_6)
FNF:7
FNH:0
FNDA:0,(anonymous_0)
FNDA:0,(anonymous_1)
FNDA:0,(anonymous_2)
FNDA:0,(anonymous_3)
FNDA:0,(anonymous_4)
FNDA:0,(anonymous_5)
FNDA:0,(anonymous_6)
DA:35,0
DA:45,0
DA:46,0
DA:49,0
DA:52,0
DA:64,0
DA:72,0
DA:73,0
DA:75,0
DA:76,0
DA:82,0
DA:91,0
DA:99,0
LF:13
LH:0
BRDA:75,0,0,0
BRDA:75,0,1,0
BRDA:102,1,0,0
BRDA:102,1,1,0
BRF:4
BRH:0
end_of_record
TN:
SF:/home/ipp/projects/cryptobeast-reactjs/client/src/components/CustomTables/VolatilityTable.jsx
FN:11,_interopRequireDefault
FN:13,(anonymous_1)
FN:37,VolatilityTable
FN:53,(anonymous_3)
FNF:4
FNH:0
FNDA:0,_interopRequireDefault
FNDA:0,(anonymous_1)
FNDA:0,VolatilityTable
FNDA:0,(anonymous_3)
DA:1,0
DA:2,0
DA:3,0
DA:4,0
DA:10,0
DA:11,0
DA:13,0
DA:24,0
DA:38,0
DA:40,0
DA:54,0
DA:66,0
LF:12
LH:0
BRDA:11,0,0,0
BRDA:11,0,1,0
BRDA:11,1,0,0
BRDA:11,1,1,0
BRF:4
BRH:0
end_of_record
TN:
SF:/home/ipp/projects/cryptobeast-reactjs/client/src/components/CustomTables/Investors/AllInvestorTable.jsx
FN:24,(anonymous_0)
FN:33,(anonymous_1)
FN:45,(anonymous_2)
FN:47,(anonymous_3)
FNF:4
FNH:0
FNDA:0,(anonymous_0)
FNDA:0,(anonymous_1)
FNDA:0,(anonymous_2)
FNDA:0,(anonymous_3)
DA:24,2
DA:25,0
DA:27,0
DA:34,0
DA:46,0
DA:48,0
DA:49,0
DA:55,0
LF:8
LH:1
BRDA:30,0,0,0
BRDA:30,0,1,0
BRDA:48,1,0,0
BRDA:48,1,1,0
BRF:4
BRH:0
end_of_record
TN:
SF:/home/ipp/projects/cryptobeast-reactjs/client/src/components/Grid/ItemGrid.jsx
FN:17,ItemGrid
FNF:1
FNH:0
FNDA:0,ItemGrid
DA:5,6
DA:18,0
DA:19,0
LF:3
LH:1
BRF:0
BRH:0
end_of_record
TN:
SF:/home/ipp/projects/cryptobeast-reactjs/client/src/components/Header/Header.jsx
FN:11,(anonymous_0)
FN:30,(anonymous_1)
FNF:2
FNH:0
FNDA:0,(anonymous_0)
FNDA:0,(anonymous_1)
DA:11,6
DA:31,0
DA:32,0
DA:34,0
LF:4
LH:1
BRDA:36,0,0,0
BRDA:36,0,1,0
BRF:2
BRH:0
end_of_record
TN:
SF:/home/ipp/projects/cryptobeast-reactjs/client/src/components/HighCharts/InvestorPie.jsx
FN:14,(anonymous_0)
FNF:1
FNH:0
FNDA:0,(anonymous_0)
DA:15,0
DA:34,0
LF:2
LH:0
BRF:0
BRH:0
end_of_record
TN:
SF:/home/ipp/projects/cryptobeast-reactjs/client/src/components/HighCharts/PerformanceAssets.jsx
FN:4,_interopRequireDefault
FN:4,_objectWithoutProperties
FN:10,(anonymous_2)
FNF:3
FNH:0
FNDA:0,_interopRequireDefault
FNDA:0,_objectWithoutProperties
FNDA:0,(anonymous_2)
DA:1,0
DA:2,0
DA:3,0
DA:4,0
DA:10,0
DA:11,0
DA:13,0
DA:21,0
DA:48,0
DA:51,0
LF:10
LH:0
BRDA:4,0,0,0
BRDA:4,0,1,0
BRDA:4,1,0,0
BRDA:4,1,1,0
BRDA:4,2,0,0
BRDA:4,2,1,0
BRDA:4,3,0,0
BRDA:4,3,1,0
BRDA:21,4,0,0
BRDA:21,4,1,0
BRF:10
BRH:0
end_of_record
TN:
SF:/home/ipp/projects/cryptobeast-reactjs/client/src/components/HighCharts/PerformanceChart.jsx
FN:5,_interopRequireDefault
FN:18,(anonymous_1)
FN:28,(anonymous_2)
FN:35,(anonymous_3)
FN:48,(anonymous_4)
FNF:5
FNH:0
FNDA:0,_interopRequireDefault
FNDA:0,(anonymous_1)
FNDA:0,(anonymous_2)
FNDA:0,(anonymous_3)
FNDA:0,(anonymous_4)
DA:1,0
DA:2,0
DA:3,0
DA:4,0
DA:5,0
DA:18,0
DA:28,0
DA:32,0
DA:35,0
DA:36,0
DA:38,0
DA:39,0
DA:41,0
DA:48,0
DA:49,0
DA:50,0
DA:51,0
DA:53,0
DA:55,0
DA:85,0
LF:20
LH:0
BRDA:5,0,0,0
BRDA:5,0,1,0
BRDA:5,1,0,0
BRDA:5,1,1,0
BRDA:29,2,0,0
BRDA:30,3,0,0
BRDA:31,4,0,0
BRF:7
BRH:0
end_of_record
TN:
SF:/home/ipp/projects/cryptobeast-reactjs/client/src/components/HighCharts/TotalAssetsValue.jsx
FN:5,_interopRequireDefault
FN:5,_objectWithoutProperties
FN:11,(anonymous_2)
FNF:3
FNH:0
FNDA:0,_interopRequireDefault
FNDA:0,_objectWithoutProperties
FNDA:0,(anonymous_2)
DA:1,0
DA:2,0
DA:3,0
DA:4,0
DA:5,0
DA:11,0
DA:12,0
DA:14,0
DA:70,0
DA:73,0
LF:10
LH:0
BRDA:5,0,0,0
BRDA:5,0,1,0
BRDA:5,1,0,0
BRDA:5,1,1,0
BRDA:5,2,0,0
BRDA:5,2,1,0
BRDA:5,3,0,0
BRDA:5,3,1,0
BRDA:22,4,0,0
BRDA:22,4,1,0
BRF:10
BRH:0
end_of_record
TN:
SF:/home/ipp/projects/cryptobeast-reactjs/client/src/components/HighCharts/VolatilityAndRisk.jsx
FN:13,_interopRequireDefault
FN:402,(anonymous_1)
FN:420,(anonymous_2)
FNF:3
FNH:0
FNDA:0,_interopRequireDefault
FNDA:0,(anonymous_1)
FNDA:0,(anonymous_2)
DA:1,0
DA:2,0
DA:3,0
DA:13,0
DA:15,0
DA:34,0
DA:402,0
DA:421,0
DA:438,0
LF:9
LH:0
BRDA:13,0,0,0
BRDA:13,0,1,0
BRDA:13,1,0,0
BRDA:13,1,1,0
BRF:4
BRH:0
end_of_record
TN:
SF:/home/ipp/projects/cryptobeast-reactjs/client/src/components/HighCharts/VolatilityDevSkew.jsx
FN:3,_interopRequireDefault
FN:15,(anonymous_1)
FN:18,(anonymous_2)
FNF:3
FNH:0
FNDA:0,_interopRequireDefault
FNDA:0,(anonymous_1)
FNDA:0,(anonymous_2)
DA:1,0
DA:2,0
DA:3,0
DA:15,0
DA:19,0
DA:39,0
LF:6
LH:0
BRDA:3,0,0,0
BRDA:3,0,1,0
BRDA:3,1,0,0
BRDA:3,1,1,0
BRF:4
BRH:0
end_of_record
TN:
SF:/home/ipp/projects/cryptobeast-reactjs/client/src/components/HighCharts/VolatilitySpider.jsx
FN:14,_interopRequireDefault
FN:19,(anonymous_1)
FN:22,(anonymous_2)
FNF:3
FNH:0
FNDA:0,_interopRequireDefault
FNDA:0,(anonymous_1)
FNDA:0,(anonymous_2)
DA:1,0
DA:2,0
DA:3,0
DA:14,0
DA:17,0
DA:19,0
DA:23,0
DA:57,0
LF:8
LH:0
BRDA:14,0,0,0
BRDA:14,0,1,0
BRDA:14,1,0,0
BRDA:14,1,1,0
BRF:4
BRH:0
end_of_record
TN:
SF:/home/ipp/projects/cryptobeast-reactjs/client/src/components/Modal/ChangeTime.jsx
FN:12,getModalStyle
FN:21,(anonymous_1)
FN:60,(anonymous_2)
FN:63,(anonymous_3)
FN:67,(anonymous_4)
FN:72,(anonymous_5)
FN:79,(anonymous_6)
FN:116,(anonymous_7)
FNF:8
FNH:0
FNDA:0,getModalStyle
FNDA:0,(anonymous_1)
FNDA:0,(anonymous_2)
FNDA:0,(anonymous_3)
FNDA:0,(anonymous_4)
FNDA:0,(anonymous_5)
FNDA:0,(anonymous_6)
FNDA:0,(anonymous_7)
DA:13,0
DA:14,0
DA:15,0
DA:21,1
DA:61,0
DA:64,0
DA:68,0
DA:69,0
DA:73,0
DA:74,0
DA:76,0
DA:80,0
DA:82,0
DA:116,0
DA:147,1
LF:15
LH:2
BRF:0
BRH:0
end_of_record
TN:
SF:/home/ipp/projects/cryptobeast-reactjs/client/src/components/Modal/CreatePortfolio.jsx
FN:16,getModalStyle
FN:25,(anonymous_1)
FN:63,(anonymous_2)
FN:67,(anonymous_3)
FN:72,(anonymous_4)
FN:78,(anonymous_5)
FN:78,(anonymous_6)
FN:85,(anonymous_7)
FN:93,(anonymous_8)
FNF:9
FNH:0
FNDA:0,getModalStyle
FNDA:0,(anonymous_1)
FNDA:0,(anonymous_2)
FNDA:0,(anonymous_3)
FNDA:0,(anonymous_4)
FNDA:0,(anonymous_5)
FNDA:0,(anonymous_6)
FNDA:0,(anonymous_7)
FNDA:0,(anonymous_8)
DA:17,0
DA:18,0
DA:19,0
DA:25,1
DA:64,0
DA:68,0
DA:69,0
DA:73,0
DA:74,0
DA:75,0
DA:78,0
DA:79,0
DA:80,0
DA:81,0
DA:82,0
DA:86,0
DA:87,0
DA:88,0
DA:89,0
DA:96,0
DA:98,0
DA:183,1
LF:22
LH:2
BRDA:87,0,0,0
BRDA:87,0,1,0
BRDA:168,1,0,0
BRDA:168,1,1,0
BRF:4
BRH:0
end_of_record
TN:
SF:/home/ipp/projects/cryptobeast-reactjs/client/src/components/Modal/NotificationSnackbar.jsx
FN:28,(anonymous_0)
FN:29,(anonymous_1)
FN:34,(anonymous_2)
FN:38,(anonymous_3)
FN:44,(anonymous_4)
FN:53,(anonymous_5)
FN:54,(anonymous_6)
FN:55,(anonymous_7)
FNF:8
FNH:0
FNDA:0,(anonymous_0)
FNDA:0,(anonymous_1)
FNDA:0,(anonymous_2)
FNDA:0,(anonymous_3)
FNDA:0,(anonymous_4)
FNDA:0,(anonymous_5)
FNDA:0,(anonymous_6)
FNDA:0,(anonymous_7)
DA:29,0
DA:30,0
DA:35,0
DA:37,0
DA:38,0
DA:39,0
DA:45,0
DA:46,0
DA:47,0
DA:48,0
DA:49,0
DA:50,0
DA:51,0
DA:52,0
DA:53,0
DA:54,0
DA:55,0
DA:57,0
LF:18
LH:0
BRDA:37,0,0,0
BRDA:37,0,1,0
BRDA:37,1,0,0
BRDA:37,1,1,0
BRDA:37,1,2,0
BRF:5
BRH:0
end_of_record
TN:
SF:/home/ipp/projects/cryptobeast-reactjs/client/src/components/Modal/RemovePortfolio.jsx
FN:10,_interopRequireDefault
FN:12,getModalStyle
FN:21,(anonymous_2)
FN:53,(anonymous_3)
FN:58,(anonymous_4)
FN:62,(anonymous_5)
FN:66,(anonymous_6)
FN:72,(anonymous_7)
FN:93,(anonymous_8)
FN:120,(anonymous_9)
FNF:10
FNH:0
FNDA:0,_interopRequireDefault
FNDA:0,getModalStyle
FNDA:0,(anonymous_2)
FNDA:0,(anonymous_3)
FNDA:0,(anonymous_4)
FNDA:0,(anonymous_5)
FNDA:0,(anonymous_6)
FNDA:0,(anonymous_7)
FNDA:0,(anonymous_8)
FNDA:0,(anonymous_9)
DA:1,0
DA:2,0
DA:3,0
DA:4,0
DA:5,0
DA:6,0
DA:7,0
DA:8,0
DA:10,0
DA:13,0
DA:14,0
DA:15,0
DA:21,0
DA:53,0
DA:59,0
DA:63,0
DA:67,0
DA:68,0
DA:69,0
DA:73,0
DA:74,0
DA:76,0
DA:93,0
DA:120,0
DA:134,0
LF:25
LH:0
BRDA:10,0,0,0
BRDA:10,0,1,0
BRDA:10,1,0,0
BRDA:10,1,1,0
BRDA:53,2,0,0
BRDA:53,2,1,0
BRDA:53,3,0,0
BRDA:53,3,1,0
BRF:8
BRH:0
end_of_record
TN:
SF:/home/ipp/projects/cryptobeast-reactjs/client/src/components/Modal/UpdatePortfolio.jsx
FN:12,getModalStyle
FN:21,(anonymous_1)
FN:53,(anonymous_2)
FN:56,(anonymous_3)
FN:60,(anonymous_4)
FN:64,(anonymous_5)
FN:93,(anonymous_6)
FNF:7
FNH:0
FNDA:0,getModalStyle
FNDA:0,(anonymous_1)
FNDA:0,(anonymous_2)
FNDA:0,(anonymous_3)
FNDA:0,(anonymous_4)
FNDA:0,(anonymous_5)
FNDA:0,(anonymous_6)
DA:13,0
DA:14,0
DA:15,0
DA:21,1
DA:54,0
DA:57,0
DA:61,0
DA:65,0
DA:67,0
DA:93,0
DA:126,1
LF:11
LH:2
BRF:0
BRH:0
end_of_record
TN:
SF:/home/ipp/projects/cryptobeast-reactjs/client/src/components/Modal/ApiAccountModals/AddApiAccount.jsx
FN:17,getModalStyle
FN:26,(anonymous_1)
FN:76,(anonymous_2)
FN:86,(anonymous_3)
FN:90,(anonymous_4)
FN:94,(anonymous_5)
FN:98,(anonymous_6)
FN:104,(anonymous_7)
FN:108,(anonymous_8)
FN:120,(anonymous_9)
FN:124,(anonymous_10)
FN:159,(anonymous_11)
FN:181,(anonymous_12)
FN:191,(anonymous_13)
FNF:14
FNH:0
FNDA:0,getModalStyle
FNDA:0,(anonymous_1)
FNDA:0,(anonymous_2)
FNDA:0,(anonymous_3)
FNDA:0,(anonymous_4)
FNDA:0,(anonymous_5)
FNDA:0,(anonymous_6)
FNDA:0,(anonymous_7)
FNDA:0,(anonymous_8)
FNDA:0,(anonymous_9)
FNDA:0,(anonymous_10)
FNDA:0,(anonymous_11)
FNDA:0,(anonymous_12)
FNDA:0,(anonymous_13)
DA:18,0
DA:19,0
DA:20,0
DA:26,1
DA:77,0
DA:78,0
DA:81,0
DA:83,0
DA:87,0
DA:91,0
DA:95,0
DA:99,0
DA:100,0
DA:101,0
DA:105,0
DA:109,0
DA:110,0
DA:112,0
DA:113,0
DA:114,0
DA:117,0
DA:121,0
DA:125,0
DA:126,0
DA:159,0
DA:181,0
DA:191,0
DA:229,1
LF:28
LH:2
BRDA:112,0,0,0
BRDA:112,0,1,0
BRDA:112,1,0,0
BRDA:112,1,1,0
BRDA:214,2,0,0
BRDA:214,2,1,0
BRDA:214,2,2,0
BRDA:214,2,3,0
BRF:8
BRH:0
end_of_record
TN:
SF:/home/ipp/projects/cryptobeast-reactjs/client/src/components/Modal/InvestorModals/AddInvestor.jsx
FN:15,(anonymous_0)
FN:24,(anonymous_1)
FN:87,(anonymous_2)
FN:91,(anonymous_3)
FN:95,(anonymous_4)
FN:102,(anonymous_5)
FN:102,(anonymous_6)
FN:109,(anonymous_7)
FN:109,(anonymous_8)
FN:114,(anonymous_9)
FN:127,(anonymous_10)
FNF:11
FNH:0
FNDA:0,(anonymous_0)
FNDA:0,(anonymous_1)
FNDA:0,(anonymous_2)
FNDA:0,(anonymous_3)
FNDA:0,(anonymous_4)
FNDA:0,(anonymous_5)
FNDA:0,(anonymous_6)
FNDA:0,(anonymous_7)
FNDA:0,(anonymous_8)
FNDA:0,(anonymous_9)
FNDA:0,(anonymous_10)
DA:15,1
DA:16,0
DA:17,0
DA:18,0
DA:24,1
DA:88,0
DA:92,0
DA:96,0
DA:97,0
DA:99,0
DA:102,0
DA:103,0
DA:104,0
DA:105,0
DA:106,0
DA:109,0
DA:110,0
DA:111,0
DA:115,0
DA:118,0
DA:120,0
DA:121,0
DA:123,0
DA:130,0
DA:131,0
DA:133,0
LF:26
LH:2
BRDA:120,0,0,0
BRDA:120,0,1,0
BRDA:218,1,0,0
BRDA:218,1,1,0
BRDA:247,2,0,0
BRDA:247,2,1,0
BRDA:256,3,0,0
BRDA:256,3,1,0
BRDA:269,4,0,0
BRDA:269,4,1,0
BRDA:278,5,0,0
BRDA:278,5,1,0
BRDA:300,6,0,0
BRDA:300,6,1,0
BRDA:300,6,2,0
BRDA:300,6,3,0
BRDA:300,6,4,0
BRDA:300,6,5,0
BRF:18
BRH:0
end_of_record
TN:
SF:/home/ipp/projects/cryptobeast-reactjs/client/src/components/Modal/InvestorModals/CurrentSharePrice.jsx
FN:25,(anonymous_0)
FN:34,(anonymous_1)
FN:65,(anonymous_2)
FN:71,(anonymous_3)
FN:75,(anonymous_4)
FNF:5
FNH:0
FNDA:0,(anonymous_0)
FNDA:0,(anonymous_1)
FNDA:0,(anonymous_2)
FNDA:0,(anonymous_3)
FNDA:0,(anonymous_4)
DA:25,1
DA:26,0
DA:27,0
DA:28,0
DA:34,1
DA:66,0
DA:68,0
DA:72,0
DA:76,0
DA:78,0
LF:10
LH:2
BRF:0
BRH:0
end_of_record
TN:
SF:/home/ipp/projects/cryptobeast-reactjs/client/src/components/Modal/InvestorModals/EditInvestor.jsx
FN:13,(anonymous_0)
FN:22,(anonymous_1)
FN:66,(anonymous_2)
FN:70,(anonymous_3)
FN:75,(anonymous_4)
FN:75,(anonymous_5)
FN:79,(anonymous_6)
FN:79,(anonymous_7)
FN:86,(anonymous_8)
FN:90,(anonymous_9)
FN:97,(anonymous_10)
FNF:11
FNH:0
FNDA:0,(anonymous_0)
FNDA:0,(anonymous_1)
FNDA:0,(anonymous_2)
FNDA:0,(anonymous_3)
FNDA:0,(anonymous_4)
FNDA:0,(anonymous_5)
FNDA:0,(anonymous_6)
FNDA:0,(anonymous_7)
FNDA:0,(anonymous_8)
FNDA:0,(anonymous_9)
FNDA:0,(anonymous_10)
DA:13,1
DA:14,0
DA:15,0
DA:16,0
DA:22,1
DA:67,0
DA:71,0
DA:72,0
DA:75,0
DA:76,0
DA:79,0
DA:80,0
DA:82,0
DA:83,0
DA:87,0
DA:91,0
DA:93,0
DA:94,0
DA:98,0
DA:100,0
LF:20
LH:2
BRDA:131,0,0,0
BRDA:131,0,1,0
BRF:2
BRH:0
end_of_record
TN:
SF:/home/ipp/projects/cryptobeast-reactjs/client/src/components/Modal/InvestorModals/InvestorDeposit.jsx
FN:14,(anonymous_0)
FN:23,(anonymous_1)
FN:69,(anonymous_2)
FN:70,(anonymous_3)
FN:78,(anonymous_4)
FN:82,(anonymous_5)
FN:90,(anonymous_6)
FN:90,(anonymous_7)
FN:94,(anonymous_8)
FN:94,(anonymous_9)
FN:100,(anonymous_10)
FN:111,(anonymous_11)
FN:115,(anonymous_12)
FNF:13
FNH:0
FNDA:0,(anonymous_0)
FNDA:0,(anonymous_1)
FNDA:0,(anonymous_2)
FNDA:0,(anonymous_3)
FNDA:0,(anonymous_4)
FNDA:0,(anonymous_5)
FNDA:0,(anonymous_6)
FNDA:0,(anonymous_7)
FNDA:0,(anonymous_8)
FNDA:0,(anonymous_9)
FNDA:0,(anonymous_10)
FNDA:0,(anonymous_11)
FNDA:0,(anonymous_12)
DA:14,1
DA:15,0
DA:16,0
DA:17,0
DA:23,1
DA:70,0
DA:71,0
DA:72,0
DA:74,0
DA:79,0
DA:83,0
DA:84,0
DA:85,0
DA:87,0
DA:90,0
DA:91,0
DA:94,0
DA:95,0
DA:96,0
DA:97,0
DA:101,0
DA:102,0
DA:104,0
DA:105,0
DA:106,0
DA:107,0
DA:112,0
DA:118,0
DA:119,0
DA:121,0
LF:30
LH:2
BRDA:71,0,0,0
BRDA:71,0,1,0
BRDA:104,1,0,0
BRDA:104,1,1,0
BRDA:155,2,0,0
BRDA:155,2,1,0
BRDA:172,3,0,0
BRDA:172,3,1,0
BRDA:186,4,0,0
BRDA:186,4,1,0
BRDA:205,5,0,0
BRDA:205,5,1,0
BRDA:215,6,0,0
BRDA:215,6,1,0
BRDA:232,7,0,0
BRDA:232,7,1,0
BRDA:232,7,2,0
BRDA:232,7,3,0
BRF:18
BRH:0
end_of_record
TN:
SF:/home/ipp/projects/cryptobeast-reactjs/client/src/components/Modal/InvestorModals/InvestorWithdraw.jsx
FN:19,(anonymous_0)
FN:28,(anonymous_1)
FN:78,(anonymous_2)
FN:79,(anonymous_3)
FN:87,(anonymous_4)
FN:91,(anonymous_5)
FN:97,(anonymous_6)
FN:97,(anonymous_7)
FN:101,(anonymous_8)
FN:101,(anonymous_9)
FN:107,(anonymous_10)
FN:113,(anonymous_11)
FN:117,(anonymous_12)
FN:127,(anonymous_13)
FNF:14
FNH:0
FNDA:0,(anonymous_0)
FNDA:0,(anonymous_1)
FNDA:0,(anonymous_2)
FNDA:0,(anonymous_3)
FNDA:0,(anonymous_4)
FNDA:0,(anonymous_5)
FNDA:0,(anonymous_6)
FNDA:0,(anonymous_7)
FNDA:0,(anonymous_8)
FNDA:0,(anonymous_9)
FNDA:0,(anonymous_10)
FNDA:0,(anonymous_11)
FNDA:0,(anonymous_12)
FNDA:0,(anonymous_13)
DA:19,1
DA:20,0
DA:21,0
DA:22,0
DA:28,1
DA:79,0
DA:80,0
DA:81,0
DA:83,0
DA:88,0
DA:92,0
DA:93,0
DA:94,0
DA:97,0
DA:98,0
DA:101,0
DA:102,0
DA:103,0
DA:104,0
DA:108,0
DA:109,0
DA:114,0
DA:118,0
DA:119,0
DA:121,0
DA:122,0
DA:123,0
DA:130,0
DA:131,0
DA:132,0
LF:30
LH:2
BRDA:80,0,0,0
BRDA:80,0,1,0
BRDA:108,1,0,0
BRDA:108,1,1,0
BRDA:121,2,0,0
BRDA:121,2,1,0
BRDA:163,3,0,0
BRDA:163,3,1,0
BRDA:180,4,0,0
BRDA:180,4,1,0
BRDA:197,5,0,0
BRDA:197,5,1,0
BRDA:220,6,0,0
BRDA:220,6,1,0
BRDA:230,7,0,0
BRDA:230,7,1,0
BRDA:242,8,0,0
BRDA:242,8,1,0
BRDA:259,9,0,0
BRDA:259,9,1,0
BRDA:259,9,2,0
BRDA:259,9,3,0
BRDA:259,9,4,0
BRF:23
BRH:0
end_of_record
TN:
SF:/home/ipp/projects/cryptobeast-reactjs/client/src/components/Modal/InvestorModals/SharesInCirculation.jsx
FN:13,(anonymous_0)
FN:22,(anonymous_1)
FN:49,(anonymous_2)
FN:52,(anonymous_3)
FN:56,(anonymous_4)
FNF:5
FNH:0
FNDA:0,(anonymous_0)
FNDA:0,(anonymous_1)
FNDA:0,(anonymous_2)
FNDA:0,(anonymous_3)
FNDA:0,(anonymous_4)
DA:13,1
DA:14,0
DA:15,0
DA:16,0
DA:22,1
DA:50,0
DA:53,0
DA:57,0
DA:59,0
LF:9
LH:2
BRF:0
BRH:0
end_of_record
TN:
SF:/home/ipp/projects/cryptobeast-reactjs/client/src/components/Modal/InvestorModals/TotalFeePotential.jsx
FN:8,(anonymous_0)
FN:28,(anonymous_1)
FNF:2
FNH:0
FNDA:0,(anonymous_0)
FNDA:0,(anonymous_1)
DA:8,1
DA:28,1
DA:29,0
DA:31,0
LF:4
LH:2
BRF:0
BRH:0
end_of_record
TN:
SF:/home/ipp/projects/cryptobeast-reactjs/client/src/components/Modal/InvestorModals/TotalInvestors.jsx
FN:8,(anonymous_0)
FN:27,(anonymous_1)
FNF:2
FNH:0
FNDA:0,(anonymous_0)
FNDA:0,(anonymous_1)
DA:8,1
DA:27,1
DA:28,0
DA:30,0
LF:4
LH:2
BRF:0
BRH:0
end_of_record
TN:
SF:/home/ipp/projects/cryptobeast-reactjs/client/src/components/Selectors/SelectBaseCurrency.jsx
FN:13,(anonymous_0)
FN:44,(anonymous_1)
FN:48,(anonymous_2)
FN:52,(anonymous_3)
FN:65,(anonymous_4)
FN:68,(anonymous_5)
FN:69,(anonymous_6)
FNF:7
FNH:0
FNDA:0,(anonymous_0)
FNDA:0,(anonymous_1)
FNDA:0,(anonymous_2)
FNDA:0,(anonymous_3)
FNDA:0,(anonymous_4)
FNDA:0,(anonymous_5)
FNDA:0,(anonymous_6)
DA:13,2
DA:45,0
DA:49,0
DA:53,0
DA:54,0
DA:56,0
DA:58,0
DA:60,0
DA:61,0
DA:66,0
DA:67,0
DA:68,0
DA:69,0
DA:70,0
DA:85,0
LF:15
LH:1
BRDA:53,0,0,0
BRDA:53,0,1,0
BRDA:94,1,0,0
BRDA:94,1,1,0
BRF:4
BRH:0
end_of_record
TN:
SF:/home/ipp/projects/cryptobeast-reactjs/client/src/components/Selectors/SelectInvestor.jsx
FN:13,(anonymous_0)
FN:36,(anonymous_1)
FN:45,(anonymous_2)
FN:49,(anonymous_3)
FN:50,(anonymous_4)
FNF:5
FNH:0
FNDA:0,(anonymous_0)
FNDA:0,(anonymous_1)
FNDA:0,(anonymous_2)
FNDA:0,(anonymous_3)
FNDA:0,(anonymous_4)
DA:13,1
DA:37,0
DA:38,0
DA:40,0
DA:46,0
DA:47,0
DA:48,0
DA:49,0
DA:51,0
DA:54,0
LF:10
LH:1
BRDA:37,0,0,0
BRDA:37,0,1,0
BRF:2
BRH:0
end_of_record
TN:
SF:/home/ipp/projects/cryptobeast-reactjs/client/src/components/Selectors/SelectPeriod.jsx
FN:8,_interopRequireDefault
FN:10,(anonymous_1)
FN:32,(anonymous_2)
FN:38,(anonymous_3)
FN:42,(anonymous_4)
FN:46,(anonymous_5)
FNF:6
FNH:0
FNDA:0,_interopRequireDefault
FNDA:0,(anonymous_1)
FNDA:0,(anonymous_2)
FNDA:0,(anonymous_3)
FNDA:0,(anonymous_4)
FNDA:0,(anonymous_5)
DA:1,0
DA:2,0
DA:3,0
DA:4,0
DA:5,0
DA:6,0
DA:7,0
DA:8,0
DA:10,0
DA:32,0
DA:39,0
DA:43,0
DA:47,0
DA:49,0
DA:70,0
LF:15
LH:0
BRDA:8,0,0,0
BRDA:8,0,1,0
BRDA:8,1,0,0
BRDA:8,1,1,0
BRDA:32,2,0,0
BRDA:32,2,1,0
BRDA:32,3,0,0
BRDA:32,3,1,0
BRF:8
BRH:0
end_of_record
TN:
SF:/home/ipp/projects/cryptobeast-reactjs/client/src/components/Selectors/Analytics/SelectBenchmark.jsx
FN:8,_interopRequireDefault
FN:10,(anonymous_1)
FN:32,(anonymous_2)
FN:38,(anonymous_3)
FN:42,(anonymous_4)
FN:46,(anonymous_5)
FNF:6
FNH:0
FNDA:0,_interopRequireDefault
FNDA:0,(anonymous_1)
FNDA:0,(anonymous_2)
FNDA:0,(anonymous_3)
FNDA:0,(anonymous_4)
FNDA:0,(anonymous_5)
DA:1,0
DA:2,0
DA:3,0
DA:4,0
DA:5,0
DA:6,0
DA:7,0
DA:8,0
DA:10,0
DA:32,0
DA:39,0
DA:43,0
DA:47,0
DA:49,0
DA:70,0
LF:15
LH:0
BRDA:8,0,0,0
BRDA:8,0,1,0
BRDA:8,1,0,0
BRDA:8,1,1,0
BRDA:32,2,0,0
BRDA:32,2,1,0
BRDA:32,3,0,0
BRDA:32,3,1,0
BRF:8
BRH:0
end_of_record
TN:
SF:/home/ipp/projects/cryptobeast-reactjs/client/src/components/Selectors/Analytics/SelectPeriod.jsx
FN:8,_interopRequireDefault
FN:10,(anonymous_1)
FN:29,(anonymous_2)
FN:34,(anonymous_3)
FN:38,(anonymous_4)
FN:42,(anonymous_5)
FN:47,(anonymous_6)
FN:51,(anonymous_7)
FNF:8
FNH:0
FNDA:0,_interopRequireDefault
FNDA:0,(anonymous_1)
FNDA:0,(anonymous_2)
FNDA:0,(anonymous_3)
FNDA:0,(anonymous_4)
FNDA:0,(anonymous_5)
FNDA:0,(anonymous_6)
FNDA:0,(anonymous_7)
DA:1,0
DA:2,0
DA:3,0
DA:4,0
DA:5,0
DA:6,0
DA:7,0
DA:8,0
DA:10,0
DA:29,0
DA:35,0
DA:39,0
DA:43,0
DA:44,0
DA:48,0
DA:49,0
DA:51,0
DA:52,0
DA:63,0
DA:81,0
LF:20
LH:0
BRDA:8,0,0,0
BRDA:8,0,1,0
BRDA:8,1,0,0
BRDA:8,1,1,0
BRDA:29,2,0,0
BRDA:29,2,1,0
BRDA:29,3,0,0
BRDA:29,3,1,0
BRF:8
BRH:0
end_of_record
TN:
SF:/home/ipp/projects/cryptobeast-reactjs/client/src/components/Selectors/Asset/SelectAllCurrency.jsx
FN:17,(anonymous_0)
FN:21,(anonymous_1)
FN:43,(anonymous_2)
FN:50,(anonymous_3)
FN:51,(anonymous_4)
FN:52,(anonymous_5)
FN:55,(anonymous_6)
FN:83,(anonymous_7)
FN:199,(anonymous_8)
FN:204,(anonymous_9)
FNF:10
FNH:0
FNDA:0,(anonymous_0)
FNDA:0,(anonymous_1)
FNDA:0,(anonymous_2)
FNDA:0,(anonymous_3)
FNDA:0,(anonymous_4)
FNDA:0,(anonymous_5)
FNDA:0,(anonymous_6)
FNDA:0,(anonymous_7)
FNDA:0,(anonymous_8)
FNDA:0,(anonymous_9)
DA:18,0
DA:22,0
DA:24,0
DA:44,0
DA:46,0
DA:50,0
DA:51,0
DA:53,0
DA:55,0
DA:56,0
DA:57,0
DA:58,0
DA:61,0
DA:62,0
DA:73,0
DA:81,1
DA:83,1
DA:200,0
DA:205,0
DA:207,0
LF:20
LH:2
BRDA:31,0,0,0
BRDA:31,0,1,0
BRDA:50,1,0,0
BRDA:50,1,1,0
BRDA:61,2,0,0
BRDA:61,2,1,0
BRF:6
BRH:0
end_of_record
TN:
SF:/home/ipp/projects/cryptobeast-reactjs/client/src/components/Selectors/Asset/SelectExchange.jsx
FN:7,(anonymous_0)
FN:30,(anonymous_1)
FN:34,(anonymous_2)
FN:38,(anonymous_3)
FN:46,(anonymous_4)
FN:48,(anonymous_5)
FNF:6
FNH:0
FNDA:0,(anonymous_0)
FNDA:0,(anonymous_1)
FNDA:0,(anonymous_2)
FNDA:0,(anonymous_3)
FNDA:0,(anonymous_4)
FNDA:0,(anonymous_5)
DA:7,2
DA:31,0
DA:35,0
DA:39,0
DA:40,0
DA:42,0
DA:47,0
DA:48,0
DA:50,0
LF:9
LH:1
BRDA:39,0,0,0
BRDA:39,0,1,0
BRF:2
BRH:0
end_of_record
TN:
SF:/home/ipp/projects/cryptobeast-reactjs/client/src/components/Selectors/Asset/SelectPortfolioCurrency.jsx
FN:7,(anonymous_0)
FN:43,(anonymous_1)
FN:51,(anonymous_2)
FN:54,(anonymous_3)
FNF:4
FNH:0
FNDA:0,(anonymous_0)
FNDA:0,(anonymous_1)
FNDA:0,(anonymous_2)
FNDA:0,(anonymous_3)
DA:7,1
DA:44,0
DA:45,0
DA:47,0
DA:52,0
DA:53,0
DA:54,0
DA:56,0
LF:8
LH:1
BRDA:44,0,0,0
BRDA:44,0,1,0
BRDA:68,1,0,0
BRDA:68,1,1,0
BRF:4
BRH:0
end_of_record
TN:
SF:/home/ipp/projects/cryptobeast-reactjs/client/src/components/Selectors/PortfolioSelect/PortfolioSelect.jsx
FN:10,(anonymous_0)
FN:79,(anonymous_1)
FN:85,(anonymous_2)
FN:108,(anonymous_3)
FNF:4
FNH:0
FNDA:0,(anonymous_0)
FNDA:0,(anonymous_1)
FNDA:0,(anonymous_2)
FNDA:0,(anonymous_3)
DA:10,6
DA:80,0
DA:82,0
DA:86,0
DA:87,0
DA:90,0
DA:106,0
DA:108,0
DA:109,0
DA:128,0
LF:10
LH:1
BRDA:115,0,0,0
BRDA:115,0,1,0
BRDA:133,1,0,0
BRDA:133,1,1,0
BRF:4
BRH:0
end_of_record
TN:
SF:/home/ipp/projects/cryptobeast-reactjs/client/src/components/Sidebar/Sidebar.jsx
FN:28,(anonymous_0)
FN:30,activeRoute
FN:37,(anonymous_2)
FNF:3
FNH:0
FNDA:0,(anonymous_0)
FNDA:0,activeRoute
FNDA:0,(anonymous_2)
DA:28,6
DA:31,0
DA:33,0
DA:36,0
DA:38,0
DA:42,0
DA:46,0
DA:73,0
LF:8
LH:1
BRDA:92,0,0,0
BRDA:92,0,1,0
BRDA:106,1,0,0
BRDA:106,1,1,0
BRF:4
BRH:0
end_of_record
TN:
SF:/home/ipp/projects/cryptobeast-reactjs/client/src/components/Snackbar/Snackbar.jsx
FN:30,Snackbar
FN:45,(anonymous_1)
FNF:2
FNH:0
FNDA:0,Snackbar
FNDA:0,(anonymous_1)
DA:33,0
DA:34,0
DA:35,0
DA:38,0
DA:39,0
DA:45,0
DA:51,0
LF:7
LH:0
BRDA:38,0,0,0
BRDA:38,0,1,0
BRDA:54,1,0,0
BRDA:54,1,1,0
BRDA:56,2,0,0
BRDA:56,2,1,0
BRDA:58,3,0,0
BRDA:58,3,1,0
BRDA:63,4,0,0
BRDA:63,4,1,0
BRF:10
BRH:0
end_of_record
TN:
SF:/home/ipp/projects/cryptobeast-reactjs/client/src/components/Tabs/AnalyticsTabs.jsx
FN:11,_interopRequireDefault
FN:13,(anonymous_1)
FN:41,(anonymous_2)
FN:50,(anonymous_3)
FN:52,(anonymous_4)
FN:53,(anonymous_5)
FNF:6
FNH:0
FNDA:0,_interopRequireDefault
FNDA:0,(anonymous_1)
FNDA:0,(anonymous_2)
FNDA:0,(anonymous_3)
FNDA:0,(anonymous_4)
FNDA:0,(anonymous_5)
DA:1,0
DA:2,0
DA:3,0
DA:4,0
DA:9,0
DA:10,0
DA:11,0
DA:13,0
DA:41,0
DA:51,0
DA:52,0
DA:54,0
DA:56,0
DA:94,0
LF:14
LH:0
BRDA:11,0,0,0
BRDA:11,0,1,0
BRDA:11,1,0,0
BRDA:11,1,1,0
BRDA:41,2,0,0
BRDA:41,2,1,0
BRDA:41,3,0,0
BRDA:41,3,1,0
BRF:8
BRH:0
end_of_record
TN:
SF:/home/ipp/projects/cryptobeast-reactjs/client/src/components/Tabs/SummaryTabs.jsx
FN:13,_interopRequireDefault
FN:15,(anonymous_1)
FN:57,(anonymous_2)
FN:62,(anonymous_3)
FN:65,(anonymous_4)
FNF:5
FNH:0
FNDA:0,_interopRequireDefault
FNDA:0,(anonymous_1)
FNDA:0,(anonymous_2)
FNDA:0,(anonymous_3)
FNDA:0,(anonymous_4)
DA:1,0
DA:2,0
DA:3,0
DA:4,0
DA:12,0
DA:13,0
DA:15,0
DA:57,0
DA:63,0
DA:66,0
DA:67,0
DA:68,0
DA:101,0
LF:13
LH:0
BRDA:13,0,0,0
BRDA:13,0,1,0
BRDA:13,1,0,0
BRDA:13,1,1,0
BRF:4
BRH:0
end_of_record
TN:
SF:/home/ipp/projects/cryptobeast-reactjs/client/src/components/Tabs/AnalyticsItems/Performance.jsx
FN:11,_interopRequireDefault
FN:11,_objectWithoutProperties
FN:13,(anonymous_2)
FN:30,(anonymous_3)
FN:33,(anonymous_4)
FN:51,(anonymous_5)
FNF:6
FNH:0
FNDA:0,_interopRequireDefault
FNDA:0,_objectWithoutProperties
FNDA:0,(anonymous_2)
FNDA:0,(anonymous_3)
FNDA:0,(anonymous_4)
FNDA:0,(anonymous_5)
DA:1,0
DA:2,0
DA:3,0
DA:4,0
DA:6,0
DA:7,0
DA:8,0
DA:9,0
DA:10,0
DA:11,0
DA:13,0
DA:30,0
DA:31,0
DA:33,0
DA:34,0
DA:35,0
DA:36,0
DA:39,0
DA:40,0
DA:43,0
DA:51,0
DA:84,0
LF:22
LH:0
BRDA:11,0,0,0
BRDA:11,0,1,0
BRDA:11,1,0,0
BRDA:11,1,1,0
BRDA:11,2,0,0
BRDA:11,2,1,0
BRDA:11,3,0,0
BRDA:11,3,1,0
BRDA:34,4,0,0
BRDA:34,4,1,0
BRF:10
BRH:0
end_of_record
TN:
SF:/home/ipp/projects/cryptobeast-reactjs/client/src/components/Tabs/AnalyticsItems/Volatility.jsx
FN:11,_interopRequireDefault
FN:14,(anonymous_1)
FNF:2
FNH:0
FNDA:0,_interopRequireDefault
FNDA:0,(anonymous_1)
DA:1,0
DA:2,0
DA:3,0
DA:5,0
DA:6,0
DA:7,0
DA:8,0
DA:9,0
DA:10,0
DA:11,0
DA:14,0
DA:15,0
DA:65,0
LF:13
LH:0
BRDA:11,0,0,0
BRDA:11,0,1,0
BRDA:11,1,0,0
BRDA:11,1,1,0
BRF:4
BRH:0
end_of_record
TN:
SF:/home/ipp/projects/cryptobeast-reactjs/client/src/components/Tabs/SummaryItems/Portfolio.jsx
FN:4,_interopRequireDefault
FN:6,(anonymous_1)
FN:27,(anonymous_2)
FNF:3
FNH:0
FNDA:0,_interopRequireDefault
FNDA:0,(anonymous_1)
FNDA:0,(anonymous_2)
DA:1,0
DA:2,0
DA:3,0
DA:4,0
DA:6,0
DA:27,0
DA:28,0
DA:30,0
DA:37,0
LF:9
LH:0
BRDA:4,0,0,0
BRDA:4,0,1,0
BRDA:4,1,0,0
BRDA:4,1,1,0
BRF:4
BRH:0
end_of_record
TN:
SF:/home/ipp/projects/cryptobeast-reactjs/client/src/components/Tabs/SummaryItems/Trending.jsx
FN:15,_interopRequireDefault
FN:15,_objectWithoutProperties
FN:17,(anonymous_2)
FN:68,(anonymous_3)
FN:77,(anonymous_4)
FN:89,(anonymous_5)
FN:91,(anonymous_6)
FN:110,(anonymous_7)
FN:112,(anonymous_8)
FNF:9
FNH:0
FNDA:0,_interopRequireDefault
FNDA:0,_objectWithoutProperties
FNDA:0,(anonymous_2)
FNDA:0,(anonymous_3)
FNDA:0,(anonymous_4)
FNDA:0,(anonymous_5)
FNDA:0,(anonymous_6)
FNDA:0,(anonymous_7)
FNDA:0,(anonymous_8)
DA:1,0
DA:2,0
DA:3,0
DA:12,0
DA:13,0
DA:14,0
DA:15,0
DA:17,0
DA:68,0
DA:69,0
DA:70,0
DA:71,0
DA:72,0
DA:75,0
DA:78,0
DA:89,0
DA:90,0
DA:92,0
DA:93,0
DA:101,0
DA:110,0
DA:111,0
DA:113,0
DA:114,0
DA:122,0
DA:131,0
DA:151,0
LF:27
LH:0
BRDA:15,0,0,0
BRDA:15,0,1,0
BRDA:15,1,0,0
BRDA:15,1,1,0
BRDA:15,2,0,0
BRDA:15,2,1,0
BRDA:15,3,0,0
BRDA:15,3,1,0
BRDA:70,4,0,0
BRDA:70,4,1,0
BRDA:92,5,0,0
BRDA:92,5,1,0
BRDA:113,6,0,0
BRDA:113,6,1,0
BRDA:137,7,0,0
BRDA:137,7,1,0
BRDA:145,8,0,0
BRDA:145,8,1,0
BRF:18
BRH:0
end_of_record
TN:
SF:/home/ipp/projects/cryptobeast-reactjs/client/src/containers/App/App.jsx
FN:11,_interopRequireDefault
FN:11,_interopRequireWildcard
FN:11,_objectWithoutProperties
FN:23,(anonymous_3)
FN:29,(anonymous_4)
FN:33,(anonymous_5)
FN:50,(anonymous_6)
FNF:7
FNH:0
FNDA:0,_interopRequireDefault
FNDA:0,_interopRequireWildcard
FNDA:0,_objectWithoutProperties
FNDA:0,(anonymous_3)
FNDA:0,(anonymous_4)
FNDA:0,(anonymous_5)
FNDA:0,(anonymous_6)
DA:1,0
DA:2,0
DA:3,0
DA:4,0
DA:5,0
DA:6,0
DA:7,0
DA:8,0
DA:9,0
DA:10,0
DA:11,0
DA:23,0
DA:30,0
DA:34,0
DA:36,0
DA:39,0
DA:50,0
DA:79,0
DA:95,0
LF:19
LH:0
BRDA:11,0,0,0
BRDA:11,0,1,0
BRDA:11,1,0,0
BRDA:11,1,1,0
BRDA:11,2,0,0
BRDA:11,2,1,0
BRDA:11,3,0,0
BRDA:11,3,1,0
BRDA:11,4,0,0
BRDA:11,4,1,0
BRDA:11,5,0,0
BRDA:11,5,1,0
BRDA:11,6,0,0
BRDA:11,6,1,0
BRDA:11,7,0,0
BRDA:11,7,1,0
BRDA:23,8,0,0
BRDA:23,8,1,0
BRDA:23,9,0,0
BRDA:23,9,1,0
BRDA:47,10,0,0
BRDA:47,10,1,0
BRDA:81,11,0,0
BRDA:81,11,1,0
BRDA:87,12,0,0
BRDA:87,12,1,0
BRF:26
BRH:0
end_of_record
TN:
SF:/home/ipp/projects/cryptobeast-reactjs/client/src/routes/app.jsx
FN:17,_interopRequireDefault
FNF:1
FNH:0
FNDA:0,_interopRequireDefault
DA:1,0
DA:2,0
DA:3,0
DA:4,0
DA:5,0
DA:6,0
DA:7,0
DA:8,0
DA:10,0
DA:11,0
DA:12,0
DA:13,0
DA:14,0
DA:15,0
DA:16,0
DA:17,0
DA:19,0
DA:74,0
LF:18
LH:0
BRDA:17,0,0,0
BRDA:17,0,1,0
BRDA:17,1,0,0
BRDA:17,1,1,0
BRF:4
BRH:0
end_of_record
TN:
SF:/home/ipp/projects/cryptobeast-reactjs/client/src/services/History.js
FN:1,_interopRequireDefault
FNF:1
FNH:0
FNDA:0,_interopRequireDefault
DA:1,0
LF:1
LH:0
BRDA:1,0,0,0
BRDA:1,0,1,0
BRDA:1,1,0,0
BRDA:1,1,1,0
BRF:4
BRH:0
end_of_record
TN:
SF:/home/ipp/projects/cryptobeast-reactjs/client/src/services/requester.js
FN:11,(anonymous_0)
FN:12,(anonymous_1)
FN:13,(anonymous_2)
FN:14,(anonymous_3)
FN:19,(anonymous_4)
FN:20,(anonymous_5)
FN:21,(anonymous_6)
FN:22,(anonymous_7)
FN:23,(anonymous_8)
FN:24,(anonymous_9)
FN:25,(anonymous_10)
FN:26,(anonymous_11)
FN:30,(anonymous_12)
FN:31,(anonymous_13)
FN:32,(anonymous_14)
FN:33,(anonymous_15)
FN:37,(anonymous_16)
FN:38,(anonymous_17)
FN:39,(anonymous_18)
FN:40,(anonymous_19)
FN:41,(anonymous_20)
FN:42,(anonymous_21)
FN:43,(anonymous_22)
FN:44,(anonymous_23)
FN:45,(anonymous_24)
FN:49,(anonymous_25)
FN:50,(anonymous_26)
FN:51,(anonymous_27)
FN:52,(anonymous_28)
FN:56,(anonymous_29)
FN:57,(anonymous_30)
FN:58,(anonymous_31)
FN:59,(anonymous_32)
FN:62,(anonymous_33)
FN:63,(anonymous_34)
FN:64,(anonymous_35)
FN:68,(anonymous_36)
FNF:37
FNH:0
FNDA:0,(anonymous_0)
FNDA:0,(anonymous_1)
FNDA:0,(anonymous_2)
FNDA:0,(anonymous_3)
FNDA:0,(anonymous_4)
FNDA:0,(anonymous_5)
FNDA:0,(anonymous_6)
FNDA:0,(anonymous_7)
FNDA:0,(anonymous_8)
FNDA:0,(anonymous_9)
FNDA:0,(anonymous_10)
FNDA:0,(anonymous_11)
FNDA:0,(anonymous_12)
FNDA:0,(anonymous_13)
FNDA:0,(anonymous_14)
FNDA:0,(anonymous_15)
FNDA:0,(anonymous_16)
FNDA:0,(anonymous_17)
FNDA:0,(anonymous_18)
FNDA:0,(anonymous_19)
FNDA:0,(anonymous_20)
FNDA:0,(anonymous_21)
FNDA:0,(anonymous_22)
FNDA:0,(anonymous_23)
FNDA:0,(anonymous_24)
FNDA:0,(anonymous_25)
FNDA:0,(anonymous_26)
FNDA:0,(anonymous_27)
FNDA:0,(anonymous_28)
FNDA:0,(anonymous_29)
FNDA:0,(anonymous_30)
FNDA:0,(anonymous_31)
FNDA:0,(anonymous_32)
FNDA:0,(anonymous_33)
FNDA:0,(anonymous_34)
FNDA:0,(anonymous_35)
FNDA:0,(anonymous_36)
DA:4,1
DA:5,0
DA:7,1
DA:10,1
DA:11,0
DA:12,0
DA:13,0
DA:14,0
DA:18,1
DA:19,0
DA:20,0
DA:21,0
DA:22,0
DA:23,0
DA:24,0
DA:25,0
DA:26,0
DA:29,1
DA:30,0
DA:31,0
DA:32,0
DA:33,0
DA:36,1
DA:37,0
DA:38,0
DA:39,0
DA:40,0
DA:41,0
DA:42,0
DA:43,0
DA:44,0
DA:45,0
DA:48,1
DA:49,0
DA:50,0
DA:51,0
DA:52,0
DA:55,1
DA:56,0
DA:57,0
DA:58,0
DA:59,0
DA:62,0
DA:63,0
DA:64,0
DA:67,1
DA:68,0
LF:47
LH:9
BRDA:4,0,0,0
BRDA:4,0,1,1
BRF:2
BRH:1
end_of_record
TN:
SF:/home/ipp/projects/cryptobeast-reactjs/client/src/services/user.js
FN:6,(anonymous_0)
FN:11,(anonymous_1)
FN:11,(anonymous_2)
FN:12,(anonymous_3)
FN:18,(anonymous_4)
FN:18,(anonymous_5)
FN:19,(anonymous_6)
FNF:7
FNH:0
FNDA:0,(anonymous_0)
FNDA:0,(anonymous_1)
FNDA:0,(anonymous_2)
FNDA:0,(anonymous_3)
FNDA:0,(anonymous_4)
FNDA:0,(anonymous_5)
FNDA:0,(anonymous_6)
DA:1,0
DA:5,0
DA:7,0
DA:8,0
DA:11,0
DA:12,0
DA:13,0
DA:14,0
DA:18,0
DA:19,0
DA:20,0
DA:21,0
DA:23,0
LF:13
LH:0
BRDA:14,0,0,0
BRDA:14,0,1,0
BRF:2
BRH:0
end_of_record
TN:
SF:/home/ipp/projects/cryptobeast-reactjs/client/src/stores/Analytics.js
FN:4,_interopRequireDefault
FN:4,_initDefineProp
FN:4,_applyDecoratedDescriptor
FN:4,(anonymous_3)
FN:4,(anonymous_4)
FN:4,_initializerWarningHelper
FN:209,(anonymous_6)
FN:209,(anonymous_7)
FN:209,(anonymous_8)
FN:209,(anonymous_9)
FN:209,(anonymous_10)
FN:209,(anonymous_11)
FN:209,(anonymous_12)
FN:209,(anonymous_13)
FN:209,(anonymous_14)
FN:209,(anonymous_15)
FN:209,(anonymous_16)
FN:209,(anonymous_17)
FN:209,(anonymous_18)
FN:210,(anonymous_19)
FN:211,(anonymous_20)
FN:211,(anonymous_21)
FN:211,(anonymous_22)
FN:211,(anonymous_23)
FN:211,(anonymous_24)
FN:211,(anonymous_25)
FN:211,(anonymous_26)
FN:211,(anonymous_27)
FN:211,(anonymous_28)
FN:211,(anonymous_29)
FN:211,(anonymous_30)
FN:211,(anonymous_31)
FN:211,(anonymous_32)
FNF:33
FNH:0
FNDA:0,_interopRequireDefault
FNDA:0,_initDefineProp
FNDA:0,_applyDecoratedDescriptor
FNDA:0,(anonymous_3)
FNDA:0,(anonymous_4)
FNDA:0,_initializerWarningHelper
FNDA:0,(anonymous_6)
FNDA:0,(anonymous_7)
FNDA:0,(anonymous_8)
FNDA:0,(anonymous_9)
FNDA:0,(anonymous_10)
FNDA:0,(anonymous_11)
FNDA:0,(anonymous_12)
FNDA:0,(anonymous_13)
FNDA:0,(anonymous_14)
FNDA:0,(anonymous_15)
FNDA:0,(anonymous_16)
FNDA:0,(anonymous_17)
FNDA:0,(anonymous_18)
FNDA:0,(anonymous_19)
FNDA:0,(anonymous_20)
FNDA:0,(anonymous_21)
FNDA:0,(anonymous_22)
FNDA:0,(anonymous_23)
FNDA:0,(anonymous_24)
FNDA:0,(anonymous_25)
FNDA:0,(anonymous_26)
FNDA:0,(anonymous_27)
FNDA:0,(anonymous_28)
FNDA:0,(anonymous_29)
FNDA:0,(anonymous_30)
FNDA:0,(anonymous_31)
FNDA:0,(anonymous_32)
DA:1,0
DA:2,0
DA:3,0
DA:4,0
DA:6,0
DA:209,0
DA:211,0
DA:214,0
LF:8
LH:0
BRDA:4,0,0,0
BRDA:4,0,1,0
BRDA:4,1,0,0
BRDA:4,1,1,0
BRDA:4,2,0,0
BRDA:4,2,1,0
BRDA:4,3,0,0
BRDA:4,3,1,0
BRDA:4,4,0,0
BRDA:4,4,1,0
BRDA:4,5,0,0
BRDA:4,5,1,0
BRDA:4,6,0,0
BRDA:4,6,1,0
BRDA:4,7,0,0
BRDA:4,7,1,0
BRDA:4,8,0,0
BRDA:4,8,1,0
BRDA:4,9,0,0
BRDA:4,9,1,0
BRDA:4,10,0,0
BRDA:4,10,1,0
BRDA:209,11,0,0
BRDA:209,11,1,0
BRDA:209,12,0,0
BRDA:209,12,1,0
BRDA:209,12,2,0
BRDA:209,13,0,0
BRDA:209,13,1,0
BRDA:209,14,0,0
BRDA:209,14,1,0
BRDA:209,14,2,0
BRDA:209,15,0,0
BRDA:209,15,1,0
BRDA:209,16,0,0
BRDA:209,16,1,0
BRDA:209,17,0,0
BRDA:209,17,1,0
BRDA:209,18,0,0
BRDA:209,18,1,0
BRDA:209,19,0,0
BRDA:209,19,1,0
BRDA:209,20,0,0
BRDA:209,20,1,0
BRDA:209,21,0,0
BRDA:209,21,1,0
BRDA:209,21,2,0
BRDA:209,21,3,0
BRDA:209,22,0,0
BRDA:209,22,1,0
BRDA:209,23,0,0
BRDA:209,23,1,0
BRDA:211,24,0,0
BRDA:211,24,1,0
BRDA:211,25,0,0
BRDA:211,25,1,0
BRDA:211,25,2,0
BRDA:211,26,0,0
BRDA:211,26,1,0
BRDA:211,27,0,0
BRDA:211,27,1,0
BRDA:211,28,0,0
BRDA:211,28,1,0
BRF:63
BRH:0
end_of_record
TN:
SF:/home/ipp/projects/cryptobeast-reactjs/client/src/stores/ApiAccountStore.js
FN:4,_interopRequireDefault
FN:4,_initDefineProp
FN:4,_applyDecoratedDescriptor
FN:4,(anonymous_3)
FN:4,(anonymous_4)
FN:4,_initializerWarningHelper
FN:15,(anonymous_6)
FN:23,(anonymous_7)
FN:28,(anonymous_8)
FN:38,(anonymous_9)
FN:49,(anonymous_10)
FN:59,(anonymous_11)
FN:67,(anonymous_12)
FN:71,(anonymous_13)
FNF:14
FNH:0
FNDA:0,_interopRequireDefault
FNDA:0,_initDefineProp
FNDA:0,_applyDecoratedDescriptor
FNDA:0,(anonymous_3)
FNDA:0,(anonymous_4)
FNDA:0,_initializerWarningHelper
FNDA:0,(anonymous_6)
FNDA:0,(anonymous_7)
FNDA:0,(anonymous_8)
FNDA:0,(anonymous_9)
FNDA:0,(anonymous_10)
FNDA:0,(anonymous_11)
FNDA:0,(anonymous_12)
FNDA:0,(anonymous_13)
DA:1,0
DA:2,0
DA:3,0
DA:4,0
DA:6,0
DA:15,0
DA:16,0
DA:17,0
DA:18,0
DA:19,0
DA:24,0
DA:29,0
DA:36,0
DA:37,0
DA:39,0
DA:40,0
DA:41,0
DA:45,0
DA:50,0
DA:58,0
DA:69,0
DA:71,0
LF:22
LH:0
BRDA:4,0,0,0
BRDA:4,0,1,0
BRDA:4,1,0,0
BRDA:4,1,1,0
BRDA:4,2,0,0
BRDA:4,2,1,0
BRDA:4,3,0,0
BRDA:4,3,1,0
BRDA:4,4,0,0
BRDA:4,4,1,0
BRDA:4,5,0,0
BRDA:4,5,1,0
BRDA:4,6,0,0
BRDA:4,6,1,0
BRDA:4,7,0,0
BRDA:4,7,1,0
BRDA:4,8,0,0
BRDA:4,8,1,0
BRDA:4,9,0,0
BRDA:4,9,1,0
BRDA:4,10,0,0
BRDA:4,10,1,0
BRDA:39,11,0,0
BRDA:39,11,1,0
BRF:24
BRH:0
end_of_record
TN:
SF:/home/ipp/projects/cryptobeast-reactjs/client/src/stores/AssetStore.js
FN:6,_interopRequireDefault
FN:6,_initDefineProp
FN:6,_applyDecoratedDescriptor
FN:6,(anonymous_3)
FN:6,(anonymous_4)
FN:6,_initializerWarningHelper
FN:251,(anonymous_6)
FN:252,(anonymous_7)
FN:252,(anonymous_8)
FN:252,(anonymous_9)
FN:252,(anonymous_10)
FN:257,(anonymous_11)
FN:259,(anonymous_12)
FN:259,(anonymous_13)
FN:259,(anonymous_14)
FN:260,(anonymous_15)
FN:260,(anonymous_16)
FN:260,(anonymous_17)
FN:260,(anonymous_18)
FN:260,(anonymous_19)
FN:260,(anonymous_20)
FN:262,(anonymous_21)
FN:262,(anonymous_22)
FN:262,(anonymous_23)
FN:262,(anonymous_24)
FN:263,(anonymous_25)
FN:263,(anonymous_26)
FNF:27
FNH:0
FNDA:0,_interopRequireDefault
FNDA:0,_initDefineProp
FNDA:0,_applyDecoratedDescriptor
FNDA:0,(anonymous_3)
FNDA:0,(anonymous_4)
FNDA:0,_initializerWarningHelper
FNDA:0,(anonymous_6)
FNDA:0,(anonymous_7)
FNDA:0,(anonymous_8)
FNDA:0,(anonymous_9)
FNDA:0,(anonymous_10)
FNDA:0,(anonymous_11)
FNDA:0,(anonymous_12)
FNDA:0,(anonymous_13)
FNDA:0,(anonymous_14)
FNDA:0,(anonymous_15)
FNDA:0,(anonymous_16)
FNDA:0,(anonymous_17)
FNDA:0,(anonymous_18)
FNDA:0,(anonymous_19)
FNDA:0,(anonymous_20)
FNDA:0,(anonymous_21)
FNDA:0,(anonymous_22)
FNDA:0,(anonymous_23)
FNDA:0,(anonymous_24)
FNDA:0,(anonymous_25)
FNDA:0,(anonymous_26)
DA:1,0
DA:2,0
DA:4,0
DA:5,0
DA:6,0
DA:9,0
DA:251,0
DA:252,0
DA:257,0
DA:259,0
DA:260,0
DA:262,0
DA:263,0
LF:13
LH:0
BRDA:6,0,0,0
BRDA:6,0,1,0
BRDA:6,1,0,0
BRDA:6,1,1,0
BRDA:6,2,0,0
BRDA:6,2,1,0
BRDA:6,3,0,0
BRDA:6,3,1,0
BRDA:6,4,0,0
BRDA:6,4,1,0
BRDA:6,5,0,0
BRDA:6,5,1,0
BRDA:6,6,0,0
BRDA:6,6,1,0
BRDA:6,7,0,0
BRDA:6,7,1,0
BRDA:6,8,0,0
BRDA:6,8,1,0
BRDA:6,9,0,0
BRDA:6,9,1,0
BRDA:6,10,0,0
BRDA:6,10,1,0
BRDA:252,11,0,0
BRDA:252,11,1,0
BRDA:257,12,0,0
BRDA:257,12,1,0
BRDA:257,13,0,0
BRDA:257,13,1,0
BRDA:257,13,2,0
BRDA:260,14,0,0
BRDA:260,14,1,0
BRDA:260,15,0,0
BRDA:260,15,1,0
BRDA:260,16,0,0
BRDA:260,16,1,0
BRDA:260,17,0,0
BRDA:260,17,1,0
BRDA:260,18,0,0
BRDA:260,18,1,0
BRDA:260,18,2,0
BRDA:260,19,0,0
BRDA:260,19,1,0
BRDA:260,20,0,0
BRDA:260,20,1,0
BRDA:260,21,0,0
BRDA:260,21,1,0
BRDA:260,22,0,0
BRDA:260,22,1,0
BRDA:260,23,0,0
BRDA:260,23,1,0
BRDA:260,24,0,0
BRDA:260,24,1,0
BRDA:260,25,0,0
BRDA:260,25,1,0
BRDA:260,26,0,0
BRDA:260,26,1,0
BRDA:260,26,2,0
BRDA:260,27,0,0
BRDA:260,27,1,0
BRDA:260,28,0,0
BRDA:260,28,1,0
BRDA:263,29,0,0
BRDA:263,29,1,0
BRDA:263,29,2,0
BRDA:263,29,3,0
BRDA:263,30,0,0
BRDA:263,30,1,0
BRDA:263,31,0,0
BRDA:263,31,1,0
BRDA:263,32,0,0
BRDA:263,32,1,0
BRF:71
BRH:0
end_of_record
TN:
SF:/home/ipp/projects/cryptobeast-reactjs/client/src/stores/InvestorStore.js
FN:12,_interopRequireDefault
FN:12,_initDefineProp
FN:12,_applyDecoratedDescriptor
FN:12,(anonymous_3)
FN:12,(anonymous_4)
FN:12,_initializerWarningHelper
FN:809,(anonymous_6)
FN:816,(anonymous_7)
FN:817,(anonymous_8)
FN:820,(anonymous_9)
FN:824,(anonymous_10)
FN:824,(anonymous_11)
FN:824,(anonymous_12)
FN:825,(anonymous_13)
FN:827,(anonymous_14)
FN:827,(anonymous_15)
FN:829,(anonymous_16)
FN:829,(anonymous_17)
FN:830,(anonymous_18)
FN:830,(anonymous_19)
FN:830,(anonymous_20)
FN:830,(anonymous_21)
FN:831,(anonymous_22)
FN:831,(anonymous_23)
FN:833,(anonymous_24)
FN:833,(anonymous_25)
FN:837,(anonymous_26)
FN:837,(anonymous_27)
FN:838,(anonymous_28)
FN:839,(anonymous_29)
FN:840,(anonymous_30)
FN:844,(anonymous_31)
FN:844,(anonymous_32)
FN:844,(anonymous_33)
FN:844,(anonymous_34)
FN:844,(anonymous_35)
FN:844,(anonymous_36)
FN:844,(anonymous_37)
FN:845,(anonymous_38)
FN:846,(anonymous_39)
FN:848,(anonymous_40)
FN:848,(anonymous_41)
FN:848,(anonymous_42)
FN:848,(anonymous_43)
FN:848,(anonymous_44)
FN:848,(anonymous_45)
FN:848,(anonymous_46)
FN:848,(anonymous_47)
FN:848,(anonymous_48)
FN:851,(anonymous_49)
FN:857,(anonymous_50)
FN:862,(anonymous_51)
FN:869,(anonymous_52)
FN:871,(anonymous_53)
FN:871,(anonymous_54)
FN:874,(anonymous_55)
FN:875,(anonymous_56)
FN:875,(anonymous_57)
FN:876,(anonymous_58)
FN:878,(anonymous_59)
FN:878,(anonymous_60)
FN:878,(anonymous_61)
FN:878,(anonymous_62)
FN:878,(anonymous_63)
FN:880,(anonymous_64)
FN:880,(anonymous_65)
FN:881,(anonymous_66)
FN:883,(anonymous_67)
FN:883,(anonymous_68)
FN:890,(anonymous_69)
FN:891,(anonymous_70)
FNF:71
FNH:0
FNDA:0,_interopRequireDefault
FNDA:0,_initDefineProp
FNDA:0,_applyDecoratedDescriptor
FNDA:0,(anonymous_3)
FNDA:0,(anonymous_4)
FNDA:0,_initializerWarningHelper
FNDA:0,(anonymous_6)
FNDA:0,(anonymous_7)
FNDA:0,(anonymous_8)
FNDA:0,(anonymous_9)
FNDA:0,(anonymous_10)
FNDA:0,(anonymous_11)
FNDA:0,(anonymous_12)
FNDA:0,(anonymous_13)
FNDA:0,(anonymous_14)
FNDA:0,(anonymous_15)
FNDA:0,(anonymous_16)
FNDA:0,(anonymous_17)
FNDA:0,(anonymous_18)
FNDA:0,(anonymous_19)
FNDA:0,(anonymous_20)
FNDA:0,(anonymous_21)
FNDA:0,(anonymous_22)
FNDA:0,(anonymous_23)
FNDA:0,(anonymous_24)
FNDA:0,(anonymous_25)
FNDA:0,(anonymous_26)
FNDA:0,(anonymous_27)
FNDA:0,(anonymous_28)
FNDA:0,(anonymous_29)
FNDA:0,(anonymous_30)
FNDA:0,(anonymous_31)
FNDA:0,(anonymous_32)
FNDA:0,(anonymous_33)
FNDA:0,(anonymous_34)
FNDA:0,(anonymous_35)
FNDA:0,(anonymous_36)
FNDA:0,(anonymous_37)
FNDA:0,(anonymous_38)
FNDA:0,(anonymous_39)
FNDA:0,(anonymous_40)
FNDA:0,(anonymous_41)
FNDA:0,(anonymous_42)
FNDA:0,(anonymous_43)
FNDA:0,(anonymous_44)
FNDA:0,(anonymous_45)
FNDA:0,(anonymous_46)
FNDA:0,(anonymous_47)
FNDA:0,(anonymous_48)
FNDA:0,(anonymous_49)
FNDA:0,(anonymous_50)
FNDA:0,(anonymous_51)
FNDA:0,(anonymous_52)
FNDA:0,(anonymous_53)
FNDA:0,(anonymous_54)
FNDA:0,(anonymous_55)
FNDA:0,(anonymous_56)
FNDA:0,(anonymous_57)
FNDA:0,(anonymous_58)
FNDA:0,(anonymous_59)
FNDA:0,(anonymous_60)
FNDA:0,(anonymous_61)
FNDA:0,(anonymous_62)
FNDA:0,(anonymous_63)
FNDA:0,(anonymous_64)
FNDA:0,(anonymous_65)
FNDA:0,(anonymous_66)
FNDA:0,(anonymous_67)
FNDA:0,(anonymous_68)
FNDA:0,(anonymous_69)
FNDA:0,(anonymous_70)
DA:1,0
DA:3,0
DA:9,0
DA:10,0
DA:11,0
DA:12,0
DA:14,0
DA:809,0
DA:810,0
DA:811,0
DA:816,0
DA:817,0
DA:818,0
DA:820,0
DA:822,0
DA:824,0
DA:825,0
DA:827,0
DA:828,0
DA:829,0
DA:830,0
DA:831,0
DA:833,0
DA:837,0
DA:838,0
DA:839,0
DA:840,0
DA:841,0
DA:844,0
DA:845,0
DA:846,0
DA:847,0
DA:848,0
DA:851,0
DA:852,0
DA:853,0
DA:854,0
DA:857,0
DA:858,0
DA:859,0
DA:860,0
DA:861,0
DA:862,0
DA:863,0
DA:864,0
DA:865,0
DA:866,0
DA:867,0
DA:869,0
DA:870,0
DA:871,0
DA:872,0
DA:873,0
DA:874,0
DA:875,0
DA:876,0
DA:878,0
DA:880,0
DA:881,0
DA:883,0
DA:890,0
DA:891,0
DA:892,0
LF:63
LH:0
BRDA:12,0,0,0
BRDA:12,0,1,0
BRDA:12,1,0,0
BRDA:12,1,1,0
BRDA:12,2,0,0
BRDA:12,2,1,0
BRDA:12,3,0,0
BRDA:12,3,1,0
BRDA:12,4,0,0
BRDA:12,4,1,0
BRDA:12,5,0,0
BRDA:12,5,1,0
BRDA:12,6,0,0
BRDA:12,6,1,0
BRDA:12,7,0,0
BRDA:12,7,1,0
BRDA:12,8,0,0
BRDA:12,8,1,0
BRDA:12,9,0,0
BRDA:12,9,1,0
BRDA:12,10,0,0
BRDA:12,10,1,0
BRDA:816,11,0,0
BRDA:816,11,1,0
BRDA:816,12,0,0
BRDA:816,12,1,0
BRDA:816,12,2,0
BRDA:817,13,0,0
BRDA:817,13,1,0
BRDA:817,14,0,0
BRDA:817,14,1,0
BRDA:817,15,0,0
BRDA:817,15,1,0
BRDA:820,16,0,0
BRDA:820,16,1,0
BRDA:820,17,0,0
BRDA:820,17,1,0
BRDA:824,18,0,0
BRDA:824,18,1,0
BRDA:824,19,0,0
BRDA:824,19,1,0
BRDA:824,20,0,0
BRDA:824,20,1,0
BRDA:824,21,0,0
BRDA:824,21,1,0
BRDA:824,22,0,0
BRDA:824,22,1,0
BRDA:824,23,0,0
BRDA:824,23,1,0
BRDA:825,24,0,0
BRDA:825,24,1,0
BRDA:825,25,0,0
BRDA:825,25,1,0
BRDA:827,26,0,0
BRDA:827,26,1,0
BRDA:827,27,0,0
BRDA:827,27,1,0
BRDA:827,28,0,0
BRDA:827,28,1,0
BRDA:829,29,0,0
BRDA:829,29,1,0
BRDA:829,29,2,0
BRDA:829,29,3,0
BRDA:829,29,4,0
BRDA:829,29,5,0
BRDA:829,30,0,0
BRDA:829,30,1,0
BRDA:829,31,0,0
BRDA:829,31,1,0
BRDA:830,32,0,0
BRDA:830,32,1,0
BRDA:830,33,0,0
BRDA:830,33,1,0
BRDA:830,34,0,0
BRDA:830,34,1,0
BRDA:830,35,0,0
BRDA:830,35,1,0
BRDA:830,36,0,0
BRDA:830,36,1,0
BRDA:831,37,0,0
BRDA:831,37,1,0
BRDA:831,38,0,0
BRDA:831,38,1,0
BRDA:831,39,0,0
BRDA:831,39,1,0
BRDA:833,40,0,0
BRDA:833,40,1,0
BRDA:837,41,0,0
BRDA:837,41,1,0
BRDA:838,42,0,0
BRDA:838,42,1,0
BRDA:839,43,0,0
BRDA:839,43,1,0
BRDA:840,44,0,0
BRDA:840,44,1,0
BRDA:845,45,0,0
BRDA:845,45,1,0
BRDA:845,46,0,0
BRDA:845,46,1,0
BRDA:846,47,0,0
BRDA:846,47,1,0
BRDA:847,48,0,0
BRDA:847,48,1,0
BRDA:847,49,0,0
BRDA:847,49,1,0
BRDA:853,50,0,0
BRDA:853,50,1,0
BRDA:857,51,0,0
BRDA:857,51,1,0
BRDA:857,52,0,0
BRDA:857,52,1,0
BRDA:858,53,0,0
BRDA:858,53,1,0
BRDA:858,54,0,0
BRDA:858,54,1,0
BRDA:859,55,0,0
BRDA:859,55,1,0
BRDA:859,56,0,0
BRDA:859,56,1,0
BRDA:860,57,0,0
BRDA:860,57,1,0
BRDA:860,58,0,0
BRDA:860,58,1,0
BRDA:861,59,0,0
BRDA:861,59,1,0
BRDA:861,60,0,0
BRDA:861,60,1,0
BRDA:864,61,0,0
BRDA:864,61,1,0
BRDA:866,62,0,0
BRDA:866,62,1,0
BRDA:869,63,0,0
BRDA:869,63,1,0
BRDA:869,64,0,0
BRDA:869,64,1,0
BRDA:870,65,0,0
BRDA:870,65,1,0
BRDA:870,66,0,0
BRDA:870,66,1,0
BRDA:871,67,0,0
BRDA:871,67,1,0
BRDA:871,68,0,0
BRDA:871,68,1,0
BRDA:871,69,0,0
BRDA:871,69,1,0
BRDA:872,70,0,0
BRDA:872,70,1,0
BRDA:872,71,0,0
BRDA:872,71,1,0
BRDA:874,72,0,0
BRDA:874,72,1,0
BRDA:874,73,0,0
BRDA:874,73,1,0
BRDA:874,74,0,0
BRDA:874,74,1,0
BRDA:874,75,0,0
BRDA:874,75,1,0
BRDA:874,75,2,0
BRDA:874,76,0,0
BRDA:874,76,1,0
BRDA:874,77,0,0
BRDA:874,77,1,0
BRDA:875,78,0,0
BRDA:875,78,1,0
BRDA:875,79,0,0
BRDA:875,79,1,0
BRDA:876,80,0,0
BRDA:876,80,1,0
BRDA:880,81,0,0
BRDA:880,81,1,0
BRDA:883,82,0,0
BRDA:883,82,1,0
BRDA:890,83,0,0
BRDA:890,83,1,0
BRDA:890,83,2,0
BRDA:890,84,0,0
BRDA:890,84,1,0
BRDA:890,85,0,0
BRDA:890,85,1,0
BRDA:890,86,0,0
BRDA:890,86,1,0
BRDA:890,86,2,0
BRDA:890,86,3,0
BRDA:890,86,4,0
BRDA:890,86,5,0
BRDA:891,87,0,0
BRDA:891,87,1,0
BRDA:891,87,2,0
BRDA:891,87,3,0
BRDA:891,87,4,0
BRDA:891,88,0,0
BRDA:891,88,1,0
BRDA:891,89,0,0
BRDA:891,89,1,0
BRDA:891,90,0,0
BRDA:891,90,1,0
BRF:196
BRH:0
end_of_record
TN:
SF:/home/ipp/projects/cryptobeast-reactjs/client/src/stores/MarketStore.js
FN:15,(anonymous_0)
FN:25,(anonymous_1)
FN:32,(anonymous_2)
FN:33,(anonymous_3)
FN:38,(anonymous_4)
FN:39,(anonymous_5)
FN:43,(anonymous_6)
FN:44,(anonymous_7)
FN:49,(anonymous_8)
FN:54,(anonymous_9)
FN:58,(anonymous_10)
FN:60,(anonymous_11)
FN:64,(anonymous_12)
FN:71,(anonymous_13)
FN:75,(anonymous_14)
FN:77,(anonymous_15)
FN:78,(anonymous_16)
FN:84,(anonymous_17)
FN:88,(anonymous_18)
FN:91,(anonymous_19)
FN:95,(anonymous_20)
FN:101,(anonymous_21)
FN:105,(anonymous_22)
FN:108,(anonymous_23)
FN:113,(anonymous_24)
FN:116,(anonymous_25)
FN:121,(anonymous_26)
FN:123,(anonymous_27)
FN:130,(anonymous_28)
FNF:29
FNH:1
FNDA:1,(anonymous_0)
FNDA:0,(anonymous_1)
FNDA:0,(anonymous_2)
FNDA:0,(anonymous_3)
FNDA:0,(anonymous_4)
FNDA:0,(anonymous_5)
FNDA:0,(anonymous_6)
FNDA:0,(anonymous_7)
FNDA:0,(anonymous_8)
FNDA:0,(anonymous_9)
FNDA:0,(anonymous_10)
FNDA:0,(anonymous_11)
FNDA:0,(anonymous_12)
FNDA:0,(anonymous_13)
FNDA:0,(anonymous_14)
FNDA:0,(anonymous_15)
FNDA:0,(anonymous_16)
FNDA:0,(anonymous_17)
FNDA:0,(anonymous_18)
FNDA:0,(anonymous_19)
FNDA:0,(anonymous_20)
FNDA:0,(anonymous_21)
FNDA:0,(anonymous_22)
FNDA:0,(anonymous_23)
FNDA:0,(anonymous_24)
FNDA:0,(anonymous_25)
FNDA:0,(anonymous_26)
FNDA:0,(anonymous_27)
FNDA:0,(anonymous_28)
DA:16,1
DA:17,1
DA:18,1
DA:19,1
DA:20,1
DA:21,1
DA:22,1
DA:29,0
DA:32,0
DA:33,0
DA:37,0
DA:38,0
DA:39,0
DA:42,0
DA:43,0
DA:44,0
DA:47,0
DA:49,0
DA:52,0
DA:54,0
DA:59,0
DA:61,0
DA:64,0
DA:65,0
DA:66,0
DA:69,0
DA:71,0
DA:76,0
DA:78,0
DA:84,0
DA:89,0
DA:91,0
DA:99,0
DA:101,0
DA:106,0
DA:108,0
DA:109,0
DA:114,0
DA:116,0
DA:117,0
DA:122,0
DA:123,0
DA:125,0
DA:131,0
LF:44
LH:7
BRDA:65,0,0,0
BRDA:65,0,1,0
BRDA:122,1,0,0
BRDA:122,1,1,0
BRF:4
BRH:0
end_of_record
TN:
SF:/home/ipp/projects/cryptobeast-reactjs/client/src/stores/NotificationStore.js
FN:1,_initDefineProp
FN:1,_applyDecoratedDescriptor
FN:1,(anonymous_2)
FN:1,(anonymous_3)
FN:1,_initializerWarningHelper
FN:32,(anonymous_5)
FN:32,(anonymous_6)
FN:32,(anonymous_7)
FN:32,(anonymous_8)
FN:32,(anonymous_9)
FN:33,(anonymous_10)
FNF:11
FNH:0
FNDA:0,_initDefineProp
FNDA:0,_applyDecoratedDescriptor
FNDA:0,(anonymous_2)
FNDA:0,(anonymous_3)
FNDA:0,_initializerWarningHelper
FNDA:0,(anonymous_5)
FNDA:0,(anonymous_6)
FNDA:0,(anonymous_7)
FNDA:0,(anonymous_8)
FNDA:0,(anonymous_9)
FNDA:0,(anonymous_10)
DA:1,0
DA:3,0
DA:32,0
DA:34,0
DA:35,0
DA:36,0
DA:37,0
LF:7
LH:0
BRDA:1,0,0,0
BRDA:1,0,1,0
BRDA:1,1,0,0
BRDA:1,1,1,0
BRDA:1,2,0,0
BRDA:1,2,1,0
BRDA:1,3,0,0
BRDA:1,3,1,0
BRDA:1,4,0,0
BRDA:1,4,1,0
BRDA:1,5,0,0
BRDA:1,5,1,0
BRDA:1,6,0,0
BRDA:1,6,1,0
BRDA:1,7,0,0
BRDA:1,7,1,0
BRDA:1,8,0,0
BRDA:1,8,1,0
BRF:18
BRH:0
end_of_record
TN:
SF:/home/ipp/projects/cryptobeast-reactjs/client/src/stores/PortfolioStore.js
FN:13,_interopRequireDefault
FN:13,_initDefineProp
FN:13,_applyDecoratedDescriptor
FN:13,(anonymous_3)
FN:13,(anonymous_4)
FN:13,_initializerWarningHelper
FN:401,(anonymous_6)
FN:403,(anonymous_7)
FN:406,(anonymous_8)
FN:406,(anonymous_9)
FN:406,(anonymous_10)
FN:406,(anonymous_11)
FN:406,(anonymous_12)
FN:409,(anonymous_13)
FN:413,(anonymous_14)
FN:413,(anonymous_15)
FN:427,(anonymous_16)
FN:427,(anonymous_17)
FN:427,(anonymous_18)
FN:427,(anonymous_19)
FN:427,(anonymous_20)
FN:427,(anonymous_21)
FN:430,(anonymous_22)
FN:430,(anonymous_23)
FN:430,(anonymous_24)
FN:430,(anonymous_25)
FN:434,(anonymous_26)
FN:434,(anonymous_27)
FN:434,(anonymous_28)
FN:434,(anonymous_29)
FN:435,(anonymous_30)
FN:436,(anonymous_31)
FN:436,(anonymous_32)
FN:436,(anonymous_33)
FN:436,(anonymous_34)
FN:436,(anonymous_35)
FN:436,(anonymous_36)
FN:436,(anonymous_37)
FN:436,(anonymous_38)
FN:437,(anonymous_39)
FN:438,(anonymous_40)
FN:439,(anonymous_41)
FN:439,(anonymous_42)
FN:439,(anonymous_43)
FN:439,(anonymous_44)
FN:439,(anonymous_45)
FNF:46
FNH:0
FNDA:0,_interopRequireDefault
FNDA:0,_initDefineProp
FNDA:0,_applyDecoratedDescriptor
FNDA:0,(anonymous_3)
FNDA:0,(anonymous_4)
FNDA:0,_initializerWarningHelper
FNDA:0,(anonymous_6)
FNDA:0,(anonymous_7)
FNDA:0,(anonymous_8)
FNDA:0,(anonymous_9)
FNDA:0,(anonymous_10)
FNDA:0,(anonymous_11)
FNDA:0,(anonymous_12)
FNDA:0,(anonymous_13)
FNDA:0,(anonymous_14)
FNDA:0,(anonymous_15)
FNDA:0,(anonymous_16)
FNDA:0,(anonymous_17)
FNDA:0,(anonymous_18)
FNDA:0,(anonymous_19)
FNDA:0,(anonymous_20)
FNDA:0,(anonymous_21)
FNDA:0,(anonymous_22)
FNDA:0,(anonymous_23)
FNDA:0,(anonymous_24)
FNDA:0,(anonymous_25)
FNDA:0,(anonymous_26)
FNDA:0,(anonymous_27)
FNDA:0,(anonymous_28)
FNDA:0,(anonymous_29)
FNDA:0,(anonymous_30)
FNDA:0,(anonymous_31)
FNDA:0,(anonymous_32)
FNDA:0,(anonymous_33)
FNDA:0,(anonymous_34)
FNDA:0,(anonymous_35)
FNDA:0,(anonymous_36)
FNDA:0,(anonymous_37)
FNDA:0,(anonymous_38)
FNDA:0,(anonymous_39)
FNDA:0,(anonymous_40)
FNDA:0,(anonymous_41)
FNDA:0,(anonymous_42)
FNDA:0,(anonymous_43)
FNDA:0,(anonymous_44)
FNDA:0,(anonymous_45)
DA:1,0
DA:4,0
DA:10,0
DA:11,0
DA:12,0
DA:13,0
DA:15,0
DA:401,0
DA:403,0
DA:406,0
DA:407,0
DA:408,0
DA:409,0
DA:411,0
DA:412,0
DA:413,0
DA:414,0
DA:415,0
DA:417,0
DA:419,0
DA:420,0
DA:421,0
DA:422,0
DA:423,0
DA:424,0
DA:425,0
DA:426,0
DA:427,0
DA:429,0
DA:430,0
DA:434,0
DA:435,0
DA:436,0
DA:437,0
DA:438,0
DA:439,0
LF:36
LH:0
BRDA:13,0,0,0
BRDA:13,0,1,0
BRDA:13,1,0,0
BRDA:13,1,1,0
BRDA:13,2,0,0
BRDA:13,2,1,0
BRDA:13,3,0,0
BRDA:13,3,1,0
BRDA:13,4,0,0
BRDA:13,4,1,0
BRDA:13,5,0,0
BRDA:13,5,1,0
BRDA:13,6,0,0
BRDA:13,6,1,0
BRDA:13,7,0,0
BRDA:13,7,1,0
BRDA:13,8,0,0
BRDA:13,8,1,0
BRDA:13,9,0,0
BRDA:13,9,1,0
BRDA:13,10,0,0
BRDA:13,10,1,0
BRDA:403,11,0,0
BRDA:403,11,1,0
BRDA:406,12,0,0
BRDA:406,12,1,0
BRDA:406,13,0,0
BRDA:406,13,1,0
BRDA:406,14,0,0
BRDA:406,14,1,0
BRDA:406,15,0,0
BRDA:406,15,1,0
BRDA:406,16,0,0
BRDA:406,16,1,0
BRDA:406,17,0,0
BRDA:406,17,1,0
BRDA:406,17,2,0
BRDA:406,17,3,0
BRDA:406,18,0,0
BRDA:406,18,1,0
BRDA:407,19,0,0
BRDA:407,19,1,0
BRDA:411,20,0,0
BRDA:411,20,1,0
BRDA:411,21,0,0
BRDA:411,21,1,0
BRDA:411,21,2,0
BRDA:411,21,3,0
BRDA:414,22,0,0
BRDA:414,22,1,0
BRDA:415,23,0,0
BRDA:415,23,1,0
BRDA:417,24,0,0
BRDA:417,24,1,0
BRDA:417,25,0,0
BRDA:417,25,1,0
BRDA:417,26,0,0
BRDA:417,26,1,0
BRDA:419,27,0,0
BRDA:419,27,1,0
BRDA:419,28,0,0
BRDA:419,28,1,0
BRDA:420,29,0,0
BRDA:420,29,1,0
BRDA:421,30,0,0
BRDA:421,30,1,0
BRDA:422,31,0,0
BRDA:422,31,1,0
BRDA:423,32,0,0
BRDA:423,32,1,0
BRDA:423,33,0,0
BRDA:423,33,1,0
BRDA:424,34,0,0
BRDA:424,34,1,0
BRDA:424,35,0,0
BRDA:424,35,1,0
BRDA:424,35,2,0
BRDA:424,35,3,0
BRDA:424,35,4,0
BRDA:424,36,0,0
BRDA:424,36,1,0
BRDA:425,37,0,0
BRDA:425,37,1,0
BRDA:427,38,0,0
BRDA:427,38,1,0
BRDA:427,39,0,0
BRDA:427,39,1,0
BRDA:429,40,0,0
BRDA:429,40,1,0
BRDA:429,41,0,0
BRDA:429,41,1,0
BRDA:429,41,2,0
BRDA:430,42,0,0
BRDA:430,42,1,0
BRDA:430,42,2,0
BRDA:430,42,3,0
BRDA:430,42,4,0
BRDA:430,43,0,0
BRDA:430,43,1,0
BRDA:430,44,0,0
BRDA:430,44,1,0
BRDA:430,45,0,0
BRDA:430,45,1,0
BRDA:430,46,0,0
BRDA:430,46,1,0
BRDA:430,47,0,0
BRDA:430,47,1,0
BRDA:436,48,0,0
BRDA:436,48,1,0
BRDA:436,49,0,0
BRDA:436,49,1,0
BRDA:438,50,0,0
BRDA:438,50,1,0
BRDA:439,51,0,0
BRDA:439,51,1,0
BRDA:439,52,0,0
BRDA:439,52,1,0
BRF:117
BRH:0
end_of_record
TN:
SF:/home/ipp/projects/cryptobeast-reactjs/client/src/stores/UserStore.js
FN:6,_interopRequireDefault
FN:6,_initDefineProp
FN:6,_applyDecoratedDescriptor
FN:6,(anonymous_3)
FN:6,(anonymous_4)
FN:6,_initializerWarningHelper
FN:64,(anonymous_6)
FN:64,(anonymous_7)
FN:64,(anonymous_8)
FN:64,(anonymous_9)
FN:64,(anonymous_10)
FN:64,(anonymous_11)
FN:64,(anonymous_12)
FN:64,(anonymous_13)
FN:64,(anonymous_14)
FN:66,(anonymous_15)
FN:67,(anonymous_16)
FN:78,(anonymous_17)
FNF:18
FNH:0
FNDA:0,_interopRequireDefault
FNDA:0,_initDefineProp
FNDA:0,_applyDecoratedDescriptor
FNDA:0,(anonymous_3)
FNDA:0,(anonymous_4)
FNDA:0,_initializerWarningHelper
FNDA:0,(anonymous_6)
FNDA:0,(anonymous_7)
FNDA:0,(anonymous_8)
FNDA:0,(anonymous_9)
FNDA:0,(anonymous_10)
FNDA:0,(anonymous_11)
FNDA:0,(anonymous_12)
FNDA:0,(anonymous_13)
FNDA:0,(anonymous_14)
FNDA:0,(anonymous_15)
FNDA:0,(anonymous_16)
FNDA:0,(anonymous_17)
DA:1,0
DA:2,0
DA:4,0
DA:5,0
DA:6,0
DA:8,0
DA:64,0
DA:65,0
DA:66,0
DA:67,0
DA:75,0
DA:77,0
DA:79,0
DA:81,0
LF:14
LH:0
BRDA:6,0,0,0
BRDA:6,0,1,0
BRDA:6,1,0,0
BRDA:6,1,1,0
BRDA:6,2,0,0
BRDA:6,2,1,0
BRDA:6,3,0,0
BRDA:6,3,1,0
BRDA:6,4,0,0
BRDA:6,4,1,0
BRDA:6,5,0,0
BRDA:6,5,1,0
BRDA:6,6,0,0
BRDA:6,6,1,0
BRDA:6,7,0,0
BRDA:6,7,1,0
BRDA:6,8,0,0
BRDA:6,8,1,0
BRDA:6,9,0,0
BRDA:6,9,1,0
BRDA:6,10,0,0
BRDA:6,10,1,0
BRDA:65,11,0,0
BRDA:65,11,1,0
BRDA:65,12,0,0
BRDA:65,12,1,0
BRF:26
BRH:0
end_of_record
TN:
SF:/home/ipp/projects/cryptobeast-reactjs/client/src/variables/styles.jsx
FNF:0
FNH:0
DA:21,6
DA:23,6
DA:27,6
DA:34,6
DA:38,6
DA:49,6
DA:55,6
DA:56,6
DA:57,6
DA:58,6
DA:59,6
DA:60,6
DA:61,6
DA:62,6
DA:63,6
DA:64,6
DA:66,6
DA:67,6
DA:68,6
DA:69,6
DA:70,6
DA:71,6
DA:73,6
DA:76,6
DA:79,6
DA:82,6
DA:85,6
DA:89,6
DA:95,6
DA:99,6
DA:103,6
DA:107,6
DA:111,6
DA:116,6
DA:124,6
DA:130,6
LF:36
LH:36
BRF:0
BRH:0
end_of_record
TN:
SF:/home/ipp/projects/cryptobeast-reactjs/client/src/variables/styles/addInvestorModalStyle.jsx
FNF:0
FNH:0
DA:5,1
LF:1
LH:1
BRF:0
BRH:0
end_of_record
TN:
SF:/home/ipp/projects/cryptobeast-reactjs/client/src/variables/styles/appStyle.jsx
FN:7,(anonymous_0)
FNF:1
FNH:0
FNDA:0,(anonymous_0)
DA:1,0
DA:5,0
DA:7,0
DA:36,0
LF:4
LH:0
BRF:0
BRH:0
end_of_record
TN:
SF:/home/ipp/projects/cryptobeast-reactjs/client/src/variables/styles/buttonStyle.jsx
FNF:0
FNH:0
DA:12,6
LF:1
LH:1
BRF:0
BRH:0
end_of_record
TN:
SF:/home/ipp/projects/cryptobeast-reactjs/client/src/variables/styles/headerStyle.jsx
FN:16,(anonymous_0)
FNF:1
FNH:0
FNDA:0,(anonymous_0)
DA:16,6
LF:1
LH:1
BRF:0
BRH:0
end_of_record
TN:
SF:/home/ipp/projects/cryptobeast-reactjs/client/src/variables/styles/iconButtonStyle.jsx
FNF:0
FNH:0
DA:17,6
LF:1
LH:1
BRF:0
BRH:0
end_of_record
TN:
SF:/home/ipp/projects/cryptobeast-reactjs/client/src/variables/styles/iconsStyle.jsx
FNF:0
FNH:0
DA:7,1
LF:1
LH:1
BRF:0
BRH:0
end_of_record
TN:
SF:/home/ipp/projects/cryptobeast-reactjs/client/src/variables/styles/regularCardStyle.jsx
FNF:0
FNH:0
DA:17,6
LF:1
LH:1
BRF:0
BRH:0
end_of_record
TN:
SF:/home/ipp/projects/cryptobeast-reactjs/client/src/variables/styles/sidebarStyle.jsx
FN:19,(anonymous_0)
FNF:1
FNH:0
FNDA:0,(anonymous_0)
DA:19,6
LF:1
LH:1
BRF:0
BRH:0
end_of_record
TN:
SF:/home/ipp/projects/cryptobeast-reactjs/client/src/variables/styles/snackbarContentStyle.jsx
FNF:0
FNH:0
DA:14,6
LF:1
LH:1
BRF:0
BRH:0
end_of_record
TN:
SF:/home/ipp/projects/cryptobeast-reactjs/client/src/variables/styles/statsCardStyle.jsx
FNF:0
FNH:0
DA:1,0
DA:5,0
DA:24,0
DA:110,0
LF:4
LH:0
BRF:0
BRH:0
end_of_record
TN:
SF:/home/ipp/projects/cryptobeast-reactjs/client/src/variables/styles/summaryStyle.jsx
FNF:0
FNH:0
DA:1,0
DA:5,0
DA:7,0
DA:20,0
LF:4
LH:0
BRF:0
BRH:0
end_of_record
TN:
SF:/home/ipp/projects/cryptobeast-reactjs/client/src/variables/styles/tableStyle.jsx
FN:16,(anonymous_0)
FNF:1
FNH:0
FNDA:0,(anonymous_0)
DA:16,4
LF:1
LH:1
BRF:0
BRH:0
end_of_record
TN:
SF:/home/ipp/projects/cryptobeast-reactjs/client/src/variables/styles/tasksStyle.jsx
FNF:0
FNH:0
DA:1,0
DA:5,0
DA:7,0
DA:88,0
LF:4
LH:0
BRF:0
BRH:0
end_of_record
TN:
SF:/home/ipp/projects/cryptobeast-reactjs/client/src/views/Analytics/Analytics.jsx
FN:3,_interopRequireDefault
FN:5,(anonymous_1)
FNF:2
FNH:0
FNDA:0,_interopRequireDefault
FNDA:0,(anonymous_1)
DA:1,0
DA:3,0
DA:5,0
LF:3
LH:0
BRDA:3,0,0,0
BRDA:3,0,1,0
BRDA:3,1,0,0
BRDA:3,1,1,0
BRF:4
BRH:0
end_of_record
TN:
SF:/home/ipp/projects/cryptobeast-reactjs/client/src/views/AssetMovements/AssetMovements.jsx
FN:7,(anonymous_0)
FNF:1
FNH:1
FNDA:1,(anonymous_0)
DA:7,1
DA:8,1
LF:2
LH:2
BRF:0
BRH:0
end_of_record
TN:
SF:/home/ipp/projects/cryptobeast-reactjs/client/src/views/Investors/Investors.jsx
FN:18,(anonymous_0)
FN:50,(anonymous_1)
FNF:2
FNH:1
FNDA:1,(anonymous_0)
FNDA:0,(anonymous_1)
DA:18,1
DA:50,1
DA:51,0
LF:3
LH:2
BRF:0
BRH:0
end_of_record
TN:
SF:/home/ipp/projects/cryptobeast-reactjs/client/src/views/Ledgers/Ledgers.jsx
FN:9,Ledgers
FNF:1
FNH:0
FNDA:0,Ledgers
DA:10,0
LF:1
LH:0
BRF:0
BRH:0
end_of_record
TN:
SF:/home/ipp/projects/cryptobeast-reactjs/client/src/views/Settings/Settings.jsx
FN:23,(anonymous_0)
FN:24,(anonymous_1)
FN:87,(anonymous_2)
FNF:3
FNH:0
FNDA:0,(anonymous_0)
FNDA:0,(anonymous_1)
FNDA:0,(anonymous_2)
DA:23,1
DA:24,0
DA:25,0
DA:26,0
DA:27,0
DA:30,0
DA:87,0
LF:7
LH:1
BRF:0
BRH:0
end_of_record
TN:
SF:/home/ipp/projects/cryptobeast-reactjs/client/src/views/Simulator/Simulator.jsx
FN:6,Simulator
FNF:1
FNH:1
FNDA:1,Simulator
DA:7,1
LF:1
LH:1
BRF:0
BRH:0
end_of_record
TN:
SF:/home/ipp/projects/cryptobeast-reactjs/client/src/views/Summary/Summary.jsx
FN:16,_interopRequireDefault
FN:16,_objectWithoutProperties
FN:18,(anonymous_2)
FN:44,(anonymous_3)
FN:46,(anonymous_4)
FNF:5
FNH:0
FNDA:0,_interopRequireDefault
FNDA:0,_objectWithoutProperties
FNDA:0,(anonymous_2)
FNDA:0,(anonymous_3)
FNDA:0,(anonymous_4)
DA:1,0
DA:2,0
DA:3,0
DA:4,0
DA:6,0
DA:8,0
DA:9,0
DA:10,0
DA:11,0
DA:12,0
DA:13,0
DA:14,0
DA:15,0
DA:16,0
DA:18,0
DA:44,0
DA:45,0
DA:46,0
DA:47,0
DA:48,0
DA:49,0
DA:50,0
DA:52,0
DA:55,0
DA:135,0
LF:25
LH:0
BRDA:16,0,0,0
BRDA:16,0,1,0
BRDA:16,1,0,0
BRDA:16,1,1,0
BRDA:16,2,0,0
BRDA:16,2,1,0
BRDA:16,3,0,0
BRDA:16,3,1,0
BRDA:47,4,0,0
BRDA:47,4,1,0
BRDA:47,5,0,0
BRDA:47,5,1,0
BRDA:49,6,0,0
BRDA:49,6,1,0
BRDA:49,7,0,0
BRDA:49,7,1,0
BRDA:63,8,0,0
BRDA:63,8,1,0
BRDA:72,9,0,0
BRDA:72,9,1,0
BRDA:73,10,0,0
BRDA:73,10,1,0
BRDA:81,11,0,0
BRDA:81,11,1,0
BRDA:97,12,0,0
BRDA:97,12,1,0
BRDA:100,13,0,0
BRDA:100,13,1,0
BRDA:100,13,2,0
BRDA:100,13,3,0
BRDA:100,13,4,0
BRDA:100,13,5,0
BRF:32
BRH:0
end_of_record
TN:
SF:/home/ipp/projects/cryptobeast-reactjs/client/src/views/TransactionHistory/TransactionHistory.jsx
FN:29,(anonymous_0)
FNF:1
FNH:0
FNDA:0,(anonymous_0)
DA:9,1
DA:29,1
DA:30,0
LF:3
LH:2
BRF:0
BRH:0
end_of_record
